2021-07-29 17:15:29.662 [restartedMain] INFO  com.sybedu.syb.sso.SybSSOApplication - Starting SybSSOApplication using Java 11.0.2 on DESKTOP-PENBIRK with PID 50208 (E:\Version Control\Git Work Space\GitHub\syb_sso\target\classes started by kefu in E:\Version Control\Git Work Space\GitHub\syb_sso)
2021-07-29 17:15:29.662 [restartedMain] INFO  com.sybedu.syb.sso.SybSSOApplication - The following profiles are active: dev
2021-07-29 17:15:29.717 [restartedMain] INFO  o.s.b.d.env.DevToolsPropertyDefaultsPostProcessor - Devtools property defaults active! Set 'spring.devtools.add-properties' to 'false' to disable
2021-07-29 17:15:29.717 [restartedMain] INFO  o.s.b.d.env.DevToolsPropertyDefaultsPostProcessor - For additional web related logging consider setting the 'logging.level.web' property to 'DEBUG'
2021-07-29 17:15:30.528 [restartedMain] INFO  o.s.d.r.config.RepositoryConfigurationDelegate - Multiple Spring Data modules found, entering strict repository configuration mode!
2021-07-29 17:15:30.529 [restartedMain] INFO  o.s.d.r.config.RepositoryConfigurationDelegate - Bootstrapping Spring Data Redis repositories in DEFAULT mode.
2021-07-29 17:15:30.548 [restartedMain] INFO  o.s.d.r.config.RepositoryConfigurationDelegate - Finished Spring Data repository scanning in 9 ms. Found 0 Redis repository interfaces.
2021-07-29 17:15:30.777 [restartedMain] INFO  o.springframework.cloud.context.scope.GenericScope - BeanFactory id=ade292be-9ca8-3ac8-ad63-ff684c5b8420
2021-07-29 17:15:30.792 [restartedMain] INFO  o.s.c.s.PostProcessorRegistrationDelegate$BeanPostProcessorChecker - Bean 'threadPoolConfig' of type [com.sybedu.syb.sso.config.async.ThreadPoolConfig$$EnhancerBySpringCGLIB$$4fc73af] is not eligible for getting processed by all BeanPostProcessors (for example: not eligible for auto-proxying)
2021-07-29 17:15:30.953 [restartedMain] INFO  o.s.c.s.PostProcessorRegistrationDelegate$BeanPostProcessorChecker - Bean 'org.springframework.security.access.expression.method.DefaultMethodSecurityExpressionHandler@5c19bc10' of type [org.springframework.security.access.expression.method.DefaultMethodSecurityExpressionHandler] is not eligible for getting processed by all BeanPostProcessors (for example: not eligible for auto-proxying)
2021-07-29 17:15:30.956 [restartedMain] INFO  o.s.c.s.PostProcessorRegistrationDelegate$BeanPostProcessorChecker - Bean 'methodSecurityMetadataSource' of type [org.springframework.security.access.method.DelegatingMethodSecurityMetadataSource] is not eligible for getting processed by all BeanPostProcessors (for example: not eligible for auto-proxying)
2021-07-29 17:15:30.964 [restartedMain] INFO  o.s.c.s.PostProcessorRegistrationDelegate$BeanPostProcessorChecker - Bean 'redisConfig' of type [com.sybedu.syb.sso.config.redis.RedisConfig$$EnhancerBySpringCGLIB$$b7ec27d7] is not eligible for getting processed by all BeanPostProcessors (for example: not eligible for auto-proxying)
2021-07-29 17:15:31.398 [restartedMain] INFO  o.s.boot.web.embedded.tomcat.TomcatWebServer - Tomcat initialized with port(s): 8080 (http)
2021-07-29 17:15:31.404 [restartedMain] INFO  org.apache.coyote.http11.Http11NioProtocol - Initializing ProtocolHandler ["http-nio-8080"]
2021-07-29 17:15:31.404 [restartedMain] INFO  org.apache.catalina.core.StandardService - Starting service [Tomcat]
2021-07-29 17:15:31.404 [restartedMain] INFO  org.apache.catalina.core.StandardEngine - Starting Servlet engine: [Apache Tomcat/9.0.39]
2021-07-29 17:15:31.486 [restartedMain] INFO  o.a.c.core.ContainerBase.[Tomcat].[localhost].[/] - Initializing Spring embedded WebApplicationContext
2021-07-29 17:15:31.487 [restartedMain] INFO  o.s.b.w.s.c.ServletWebServerApplicationContext - Root WebApplicationContext: initialization completed in 1770 ms
2021-07-29 17:15:31.998 [restartedMain] INFO  org.apache.catalina.core.StandardService - Stopping service [Tomcat]
2021-07-29 17:30:36.646 [restartedMain] INFO  com.sybedu.syb.sso.SybSSOApplication - Starting SybSSOApplication using Java 11.0.2 on DESKTOP-PENBIRK with PID 54720 (E:\Version Control\Git Work Space\GitHub\syb_sso\target\classes started by kefu in E:\Version Control\Git Work Space\GitHub\syb_sso)
2021-07-29 17:30:36.647 [restartedMain] INFO  com.sybedu.syb.sso.SybSSOApplication - The following profiles are active: dev
2021-07-29 17:30:36.680 [restartedMain] INFO  o.s.b.d.env.DevToolsPropertyDefaultsPostProcessor - Devtools property defaults active! Set 'spring.devtools.add-properties' to 'false' to disable
2021-07-29 17:30:36.680 [restartedMain] INFO  o.s.b.d.env.DevToolsPropertyDefaultsPostProcessor - For additional web related logging consider setting the 'logging.level.web' property to 'DEBUG'
2021-07-29 17:30:37.191 [restartedMain] INFO  o.s.d.r.config.RepositoryConfigurationDelegate - Multiple Spring Data modules found, entering strict repository configuration mode!
2021-07-29 17:30:37.193 [restartedMain] INFO  o.s.d.r.config.RepositoryConfigurationDelegate - Bootstrapping Spring Data Redis repositories in DEFAULT mode.
2021-07-29 17:30:37.214 [restartedMain] INFO  o.s.d.r.config.RepositoryConfigurationDelegate - Finished Spring Data repository scanning in 13 ms. Found 0 Redis repository interfaces.
2021-07-29 17:30:37.342 [restartedMain] INFO  o.springframework.cloud.context.scope.GenericScope - BeanFactory id=551508c9-72ca-3ee0-936e-b7f70a095e82
2021-07-29 17:30:37.355 [restartedMain] INFO  o.s.c.s.PostProcessorRegistrationDelegate$BeanPostProcessorChecker - Bean 'threadPoolConfig' of type [com.sybedu.syb.sso.config.async.ThreadPoolConfig$$EnhancerBySpringCGLIB$$df81d12] is not eligible for getting processed by all BeanPostProcessors (for example: not eligible for auto-proxying)
2021-07-29 17:30:37.439 [restartedMain] INFO  o.s.c.s.PostProcessorRegistrationDelegate$BeanPostProcessorChecker - Bean 'org.springframework.security.access.expression.method.DefaultMethodSecurityExpressionHandler@242507ef' of type [org.springframework.security.access.expression.method.DefaultMethodSecurityExpressionHandler] is not eligible for getting processed by all BeanPostProcessors (for example: not eligible for auto-proxying)
2021-07-29 17:30:37.441 [restartedMain] INFO  o.s.c.s.PostProcessorRegistrationDelegate$BeanPostProcessorChecker - Bean 'methodSecurityMetadataSource' of type [org.springframework.security.access.method.DelegatingMethodSecurityMetadataSource] is not eligible for getting processed by all BeanPostProcessors (for example: not eligible for auto-proxying)
2021-07-29 17:30:37.449 [restartedMain] INFO  o.s.c.s.PostProcessorRegistrationDelegate$BeanPostProcessorChecker - Bean 'redisConfig' of type [com.sybedu.syb.sso.config.redis.RedisConfig$$EnhancerBySpringCGLIB$$c0e7d13a] is not eligible for getting processed by all BeanPostProcessors (for example: not eligible for auto-proxying)
2021-07-29 17:30:37.722 [restartedMain] INFO  o.s.boot.web.embedded.tomcat.TomcatWebServer - Tomcat initialized with port(s): 8080 (http)
2021-07-29 17:30:37.728 [restartedMain] INFO  org.apache.coyote.http11.Http11NioProtocol - Initializing ProtocolHandler ["http-nio-8080"]
2021-07-29 17:30:37.728 [restartedMain] INFO  org.apache.catalina.core.StandardService - Starting service [Tomcat]
2021-07-29 17:30:37.728 [restartedMain] INFO  org.apache.catalina.core.StandardEngine - Starting Servlet engine: [Apache Tomcat/9.0.39]
2021-07-29 17:30:37.806 [restartedMain] INFO  o.a.c.core.ContainerBase.[Tomcat].[localhost].[/] - Initializing Spring embedded WebApplicationContext
2021-07-29 17:30:37.806 [restartedMain] INFO  o.s.b.w.s.c.ServletWebServerApplicationContext - Root WebApplicationContext: initialization completed in 1126 ms
2021-07-29 17:30:38.150 [restartedMain] INFO  org.apache.catalina.core.StandardService - Stopping service [Tomcat]
2021-07-29 17:35:04.149 [restartedMain] INFO  com.sybedu.syb.sso.SybSSOApplication - Starting SybSSOApplication using Java 11.0.2 on DESKTOP-PENBIRK with PID 47868 (E:\Version Control\Git Work Space\GitHub\syb_sso\target\classes started by kefu in E:\Version Control\Git Work Space\GitHub\syb_sso)
2021-07-29 17:35:04.150 [restartedMain] INFO  com.sybedu.syb.sso.SybSSOApplication - The following profiles are active: dev
2021-07-29 17:35:04.184 [restartedMain] INFO  o.s.b.d.env.DevToolsPropertyDefaultsPostProcessor - Devtools property defaults active! Set 'spring.devtools.add-properties' to 'false' to disable
2021-07-29 17:35:04.184 [restartedMain] INFO  o.s.b.d.env.DevToolsPropertyDefaultsPostProcessor - For additional web related logging consider setting the 'logging.level.web' property to 'DEBUG'
2021-07-29 17:35:04.696 [restartedMain] INFO  o.s.d.r.config.RepositoryConfigurationDelegate - Multiple Spring Data modules found, entering strict repository configuration mode!
2021-07-29 17:35:04.697 [restartedMain] INFO  o.s.d.r.config.RepositoryConfigurationDelegate - Bootstrapping Spring Data Redis repositories in DEFAULT mode.
2021-07-29 17:35:04.715 [restartedMain] INFO  o.s.d.r.config.RepositoryConfigurationDelegate - Finished Spring Data repository scanning in 10 ms. Found 0 Redis repository interfaces.
2021-07-29 17:35:04.844 [restartedMain] INFO  o.springframework.cloud.context.scope.GenericScope - BeanFactory id=551508c9-72ca-3ee0-936e-b7f70a095e82
2021-07-29 17:35:04.857 [restartedMain] INFO  o.s.c.s.PostProcessorRegistrationDelegate$BeanPostProcessorChecker - Bean 'threadPoolConfig' of type [com.sybedu.syb.sso.config.async.ThreadPoolConfig$$EnhancerBySpringCGLIB$$3e9e3cf9] is not eligible for getting processed by all BeanPostProcessors (for example: not eligible for auto-proxying)
2021-07-29 17:35:04.938 [restartedMain] INFO  o.s.c.s.PostProcessorRegistrationDelegate$BeanPostProcessorChecker - Bean 'org.springframework.security.access.expression.method.DefaultMethodSecurityExpressionHandler@714fd989' of type [org.springframework.security.access.expression.method.DefaultMethodSecurityExpressionHandler] is not eligible for getting processed by all BeanPostProcessors (for example: not eligible for auto-proxying)
2021-07-29 17:35:04.941 [restartedMain] INFO  o.s.c.s.PostProcessorRegistrationDelegate$BeanPostProcessorChecker - Bean 'methodSecurityMetadataSource' of type [org.springframework.security.access.method.DelegatingMethodSecurityMetadataSource] is not eligible for getting processed by all BeanPostProcessors (for example: not eligible for auto-proxying)
2021-07-29 17:35:04.949 [restartedMain] INFO  o.s.c.s.PostProcessorRegistrationDelegate$BeanPostProcessorChecker - Bean 'redisConfig' of type [com.sybedu.syb.sso.config.redis.RedisConfig$$EnhancerBySpringCGLIB$$f18df121] is not eligible for getting processed by all BeanPostProcessors (for example: not eligible for auto-proxying)
2021-07-29 17:35:05.224 [restartedMain] INFO  o.s.boot.web.embedded.tomcat.TomcatWebServer - Tomcat initialized with port(s): 8080 (http)
2021-07-29 17:35:05.229 [restartedMain] INFO  org.apache.coyote.http11.Http11NioProtocol - Initializing ProtocolHandler ["http-nio-8080"]
2021-07-29 17:35:05.229 [restartedMain] INFO  org.apache.catalina.core.StandardService - Starting service [Tomcat]
2021-07-29 17:35:05.229 [restartedMain] INFO  org.apache.catalina.core.StandardEngine - Starting Servlet engine: [Apache Tomcat/9.0.39]
2021-07-29 17:35:05.305 [restartedMain] INFO  o.a.c.core.ContainerBase.[Tomcat].[localhost].[/] - Initializing Spring embedded WebApplicationContext
2021-07-29 17:35:05.305 [restartedMain] INFO  o.s.b.w.s.c.ServletWebServerApplicationContext - Root WebApplicationContext: initialization completed in 1120 ms
2021-07-29 17:35:05.665 [restartedMain] INFO  org.apache.catalina.core.StandardService - Stopping service [Tomcat]
2021-07-29 17:36:46.511 [restartedMain] INFO  com.sybedu.syb.sso.SybSSOApplication - Starting SybSSOApplication using Java 11.0.2 on DESKTOP-PENBIRK with PID 55964 (E:\Version Control\Git Work Space\GitHub\syb_sso\target\classes started by kefu in E:\Version Control\Git Work Space\GitHub\syb_sso)
2021-07-29 17:36:46.512 [restartedMain] INFO  com.sybedu.syb.sso.SybSSOApplication - The following profiles are active: dev
2021-07-29 17:36:46.546 [restartedMain] INFO  o.s.b.d.env.DevToolsPropertyDefaultsPostProcessor - Devtools property defaults active! Set 'spring.devtools.add-properties' to 'false' to disable
2021-07-29 17:36:46.546 [restartedMain] INFO  o.s.b.d.env.DevToolsPropertyDefaultsPostProcessor - For additional web related logging consider setting the 'logging.level.web' property to 'DEBUG'
2021-07-29 17:36:47.045 [restartedMain] INFO  o.s.d.r.config.RepositoryConfigurationDelegate - Multiple Spring Data modules found, entering strict repository configuration mode!
2021-07-29 17:36:47.047 [restartedMain] INFO  o.s.d.r.config.RepositoryConfigurationDelegate - Bootstrapping Spring Data Redis repositories in DEFAULT mode.
2021-07-29 17:36:47.067 [restartedMain] INFO  o.s.d.r.config.RepositoryConfigurationDelegate - Finished Spring Data repository scanning in 11 ms. Found 0 Redis repository interfaces.
2021-07-29 17:36:47.197 [restartedMain] INFO  o.springframework.cloud.context.scope.GenericScope - BeanFactory id=551508c9-72ca-3ee0-936e-b7f70a095e82
2021-07-29 17:36:47.211 [restartedMain] INFO  o.s.c.s.PostProcessorRegistrationDelegate$BeanPostProcessorChecker - Bean 'threadPoolConfig' of type [com.sybedu.syb.sso.config.async.ThreadPoolConfig$$EnhancerBySpringCGLIB$$aea9ca7] is not eligible for getting processed by all BeanPostProcessors (for example: not eligible for auto-proxying)
2021-07-29 17:36:47.291 [restartedMain] INFO  o.s.c.s.PostProcessorRegistrationDelegate$BeanPostProcessorChecker - Bean 'org.springframework.security.access.expression.method.DefaultMethodSecurityExpressionHandler@e087051' of type [org.springframework.security.access.expression.method.DefaultMethodSecurityExpressionHandler] is not eligible for getting processed by all BeanPostProcessors (for example: not eligible for auto-proxying)
2021-07-29 17:36:47.293 [restartedMain] INFO  o.s.c.s.PostProcessorRegistrationDelegate$BeanPostProcessorChecker - Bean 'methodSecurityMetadataSource' of type [org.springframework.security.access.method.DelegatingMethodSecurityMetadataSource] is not eligible for getting processed by all BeanPostProcessors (for example: not eligible for auto-proxying)
2021-07-29 17:36:47.302 [restartedMain] INFO  o.s.c.s.PostProcessorRegistrationDelegate$BeanPostProcessorChecker - Bean 'redisConfig' of type [com.sybedu.syb.sso.config.redis.RedisConfig$$EnhancerBySpringCGLIB$$bdda50cf] is not eligible for getting processed by all BeanPostProcessors (for example: not eligible for auto-proxying)
2021-07-29 17:36:47.577 [restartedMain] INFO  o.s.boot.web.embedded.tomcat.TomcatWebServer - Tomcat initialized with port(s): 8080 (http)
2021-07-29 17:36:47.582 [restartedMain] INFO  org.apache.coyote.http11.Http11NioProtocol - Initializing ProtocolHandler ["http-nio-8080"]
2021-07-29 17:36:47.583 [restartedMain] INFO  org.apache.catalina.core.StandardService - Starting service [Tomcat]
2021-07-29 17:36:47.583 [restartedMain] INFO  org.apache.catalina.core.StandardEngine - Starting Servlet engine: [Apache Tomcat/9.0.39]
2021-07-29 17:36:47.669 [restartedMain] INFO  o.a.c.core.ContainerBase.[Tomcat].[localhost].[/] - Initializing Spring embedded WebApplicationContext
2021-07-29 17:36:47.669 [restartedMain] INFO  o.s.b.w.s.c.ServletWebServerApplicationContext - Root WebApplicationContext: initialization completed in 1123 ms
2021-07-29 17:36:48.010 [restartedMain] INFO  org.apache.catalina.core.StandardService - Stopping service [Tomcat]
2021-07-29 17:41:17.187 [restartedMain] INFO  com.sybedu.syb.sso.SybSSOApplication - Starting SybSSOApplication using Java 11.0.2 on DESKTOP-PENBIRK with PID 53788 (E:\Version Control\Git Work Space\GitHub\syb_sso\target\classes started by kefu in E:\Version Control\Git Work Space\GitHub\syb_sso)
2021-07-29 17:41:17.188 [restartedMain] INFO  com.sybedu.syb.sso.SybSSOApplication - The following profiles are active: dev
2021-07-29 17:41:17.222 [restartedMain] INFO  o.s.b.d.env.DevToolsPropertyDefaultsPostProcessor - Devtools property defaults active! Set 'spring.devtools.add-properties' to 'false' to disable
2021-07-29 17:41:17.222 [restartedMain] INFO  o.s.b.d.env.DevToolsPropertyDefaultsPostProcessor - For additional web related logging consider setting the 'logging.level.web' property to 'DEBUG'
2021-07-29 17:41:17.735 [restartedMain] INFO  o.s.d.r.config.RepositoryConfigurationDelegate - Multiple Spring Data modules found, entering strict repository configuration mode!
2021-07-29 17:41:17.737 [restartedMain] INFO  o.s.d.r.config.RepositoryConfigurationDelegate - Bootstrapping Spring Data Redis repositories in DEFAULT mode.
2021-07-29 17:41:17.755 [restartedMain] INFO  o.s.d.r.config.RepositoryConfigurationDelegate - Finished Spring Data repository scanning in 10 ms. Found 0 Redis repository interfaces.
2021-07-29 17:41:17.883 [restartedMain] INFO  o.springframework.cloud.context.scope.GenericScope - BeanFactory id=8528f139-9793-3f9a-b06b-cad1361e0848
2021-07-29 17:41:17.900 [restartedMain] INFO  o.s.c.s.PostProcessorRegistrationDelegate$BeanPostProcessorChecker - Bean 'threadPoolConfig' of type [com.sybedu.syb.sso.config.async.ThreadPoolConfig$$EnhancerBySpringCGLIB$$d84533b3] is not eligible for getting processed by all BeanPostProcessors (for example: not eligible for auto-proxying)
2021-07-29 17:41:17.982 [restartedMain] INFO  o.s.c.s.PostProcessorRegistrationDelegate$BeanPostProcessorChecker - Bean 'org.springframework.security.access.expression.method.DefaultMethodSecurityExpressionHandler@5c484687' of type [org.springframework.security.access.expression.method.DefaultMethodSecurityExpressionHandler] is not eligible for getting processed by all BeanPostProcessors (for example: not eligible for auto-proxying)
2021-07-29 17:41:17.985 [restartedMain] INFO  o.s.c.s.PostProcessorRegistrationDelegate$BeanPostProcessorChecker - Bean 'methodSecurityMetadataSource' of type [org.springframework.security.access.method.DelegatingMethodSecurityMetadataSource] is not eligible for getting processed by all BeanPostProcessors (for example: not eligible for auto-proxying)
2021-07-29 17:41:17.993 [restartedMain] INFO  o.s.c.s.PostProcessorRegistrationDelegate$BeanPostProcessorChecker - Bean 'redisConfig' of type [com.sybedu.syb.sso.config.redis.RedisConfig$$EnhancerBySpringCGLIB$$8b34e7db] is not eligible for getting processed by all BeanPostProcessors (for example: not eligible for auto-proxying)
2021-07-29 17:41:18.279 [restartedMain] INFO  o.s.boot.web.embedded.tomcat.TomcatWebServer - Tomcat initialized with port(s): 8080 (http)
2021-07-29 17:41:18.284 [restartedMain] INFO  org.apache.coyote.http11.Http11NioProtocol - Initializing ProtocolHandler ["http-nio-8080"]
2021-07-29 17:41:18.285 [restartedMain] INFO  org.apache.catalina.core.StandardService - Starting service [Tomcat]
2021-07-29 17:41:18.285 [restartedMain] INFO  org.apache.catalina.core.StandardEngine - Starting Servlet engine: [Apache Tomcat/9.0.39]
2021-07-29 17:41:18.363 [restartedMain] INFO  o.a.c.core.ContainerBase.[Tomcat].[localhost].[/] - Initializing Spring embedded WebApplicationContext
2021-07-29 17:41:18.363 [restartedMain] INFO  o.s.b.w.s.c.ServletWebServerApplicationContext - Root WebApplicationContext: initialization completed in 1141 ms
2021-07-29 17:41:18.764 [restartedMain] INFO  org.apache.catalina.core.StandardService - Stopping service [Tomcat]
2021-07-29 17:42:48.484 [restartedMain] INFO  com.sybedu.syb.sso.SybSSOApplication - Starting SybSSOApplication using Java 11.0.2 on DESKTOP-PENBIRK with PID 47776 (E:\Version Control\Git Work Space\GitHub\syb_sso\target\classes started by kefu in E:\Version Control\Git Work Space\GitHub\syb_sso)
2021-07-29 17:42:48.485 [restartedMain] INFO  com.sybedu.syb.sso.SybSSOApplication - The following profiles are active: dev
2021-07-29 17:42:48.522 [restartedMain] INFO  o.s.b.d.env.DevToolsPropertyDefaultsPostProcessor - Devtools property defaults active! Set 'spring.devtools.add-properties' to 'false' to disable
2021-07-29 17:42:48.522 [restartedMain] INFO  o.s.b.d.env.DevToolsPropertyDefaultsPostProcessor - For additional web related logging consider setting the 'logging.level.web' property to 'DEBUG'
2021-07-29 17:42:49.021 [restartedMain] INFO  o.s.d.r.config.RepositoryConfigurationDelegate - Multiple Spring Data modules found, entering strict repository configuration mode!
2021-07-29 17:42:49.023 [restartedMain] INFO  o.s.d.r.config.RepositoryConfigurationDelegate - Bootstrapping Spring Data Redis repositories in DEFAULT mode.
2021-07-29 17:42:49.041 [restartedMain] INFO  o.s.d.r.config.RepositoryConfigurationDelegate - Finished Spring Data repository scanning in 9 ms. Found 0 Redis repository interfaces.
2021-07-29 17:42:49.173 [restartedMain] INFO  o.springframework.cloud.context.scope.GenericScope - BeanFactory id=8528f139-9793-3f9a-b06b-cad1361e0848
2021-07-29 17:42:49.194 [restartedMain] INFO  o.s.c.s.PostProcessorRegistrationDelegate$BeanPostProcessorChecker - Bean 'threadPoolConfig' of type [com.sybedu.syb.sso.config.async.ThreadPoolConfig$$EnhancerBySpringCGLIB$$754ccb0c] is not eligible for getting processed by all BeanPostProcessors (for example: not eligible for auto-proxying)
2021-07-29 17:42:49.271 [restartedMain] INFO  o.s.c.s.PostProcessorRegistrationDelegate$BeanPostProcessorChecker - Bean 'org.springframework.security.access.expression.method.DefaultMethodSecurityExpressionHandler@5202efea' of type [org.springframework.security.access.expression.method.DefaultMethodSecurityExpressionHandler] is not eligible for getting processed by all BeanPostProcessors (for example: not eligible for auto-proxying)
2021-07-29 17:42:49.274 [restartedMain] INFO  o.s.c.s.PostProcessorRegistrationDelegate$BeanPostProcessorChecker - Bean 'methodSecurityMetadataSource' of type [org.springframework.security.access.method.DelegatingMethodSecurityMetadataSource] is not eligible for getting processed by all BeanPostProcessors (for example: not eligible for auto-proxying)
2021-07-29 17:42:49.282 [restartedMain] INFO  o.s.c.s.PostProcessorRegistrationDelegate$BeanPostProcessorChecker - Bean 'redisConfig' of type [com.sybedu.syb.sso.config.redis.RedisConfig$$EnhancerBySpringCGLIB$$283c7f34] is not eligible for getting processed by all BeanPostProcessors (for example: not eligible for auto-proxying)
2021-07-29 17:42:49.555 [restartedMain] INFO  o.s.boot.web.embedded.tomcat.TomcatWebServer - Tomcat initialized with port(s): 8080 (http)
2021-07-29 17:42:49.561 [restartedMain] INFO  org.apache.coyote.http11.Http11NioProtocol - Initializing ProtocolHandler ["http-nio-8080"]
2021-07-29 17:42:49.561 [restartedMain] INFO  org.apache.catalina.core.StandardService - Starting service [Tomcat]
2021-07-29 17:42:49.561 [restartedMain] INFO  org.apache.catalina.core.StandardEngine - Starting Servlet engine: [Apache Tomcat/9.0.39]
2021-07-29 17:42:49.637 [restartedMain] INFO  o.a.c.core.ContainerBase.[Tomcat].[localhost].[/] - Initializing Spring embedded WebApplicationContext
2021-07-29 17:42:49.637 [restartedMain] INFO  o.s.b.w.s.c.ServletWebServerApplicationContext - Root WebApplicationContext: initialization completed in 1114 ms
2021-07-29 17:42:50.700 [restartedMain] INFO  o.s.scheduling.concurrent.ThreadPoolTaskExecutor - Initializing ExecutorService 'thread'
2021-07-29 17:42:51.980 [restartedMain] INFO  o.s.b.d.autoconfigure.OptionalLiveReloadServer - LiveReload server is running on port 35729
2021-07-29 17:42:52.490 [restartedMain] INFO  org.apache.coyote.http11.Http11NioProtocol - Starting ProtocolHandler ["http-nio-8080"]
2021-07-29 17:42:52.503 [restartedMain] INFO  o.s.boot.web.embedded.tomcat.TomcatWebServer - Tomcat started on port(s): 8080 (http) with context path ''
2021-07-29 17:42:53.263 [restartedMain] INFO  o.s.s.a.ScheduledAnnotationBeanPostProcessor - No TaskScheduler/ScheduledExecutorService bean found for scheduled processing
2021-07-29 17:42:53.280 [restartedMain] INFO  com.sybedu.syb.sso.SybSSOApplication - Started SybSSOApplication in 5.282 seconds (JVM running for 6.022)
2021-07-29 17:43:16.963 [http-nio-8080-exec-1] INFO  o.a.c.core.ContainerBase.[Tomcat].[localhost].[/] - Initializing Spring DispatcherServlet 'dispatcherServlet'
2021-07-29 17:43:16.963 [http-nio-8080-exec-1] INFO  org.springframework.web.servlet.DispatcherServlet - Initializing Servlet 'dispatcherServlet'
2021-07-29 17:43:16.964 [http-nio-8080-exec-1] INFO  org.springframework.web.servlet.DispatcherServlet - Completed initialization in 1 ms
2021-07-29 17:43:17.026 [http-nio-8080-exec-1] INFO  com.zaxxer.hikari.HikariDataSource - syb-sso-database-connection-pool - Starting...
2021-07-29 17:43:18.440 [http-nio-8080-exec-2] INFO  com.zaxxer.hikari.HikariDataSource - syb-sso-database-connection-pool - Starting...
2021-07-29 17:43:21.123 [http-nio-8080-exec-3] INFO  com.zaxxer.hikari.HikariDataSource - syb-sso-database-connection-pool - Starting...
2021-07-29 17:43:22.152 [http-nio-8080-exec-5] INFO  com.zaxxer.hikari.HikariDataSource - syb-sso-database-connection-pool - Starting...
2021-07-29 17:43:26.282 [http-nio-8080-exec-4] INFO  com.zaxxer.hikari.HikariDataSource - syb-sso-database-connection-pool - Starting...
2021-07-29 17:43:27.305 [http-nio-8080-exec-7] INFO  com.zaxxer.hikari.HikariDataSource - syb-sso-database-connection-pool - Starting...
2021-07-29 17:44:13.156 [http-nio-8080-exec-8] INFO  com.zaxxer.hikari.HikariDataSource - syb-sso-database-connection-pool - Starting...
2021-07-29 17:44:14.191 [http-nio-8080-exec-6] INFO  com.zaxxer.hikari.HikariDataSource - syb-sso-database-connection-pool - Starting...
2021-07-29 17:44:20.014 [http-nio-8080-exec-9] INFO  com.zaxxer.hikari.HikariDataSource - syb-sso-database-connection-pool - Starting...
2021-07-29 17:44:21.037 [http-nio-8080-exec-10] INFO  com.zaxxer.hikari.HikariDataSource - syb-sso-database-connection-pool - Starting...
2021-07-29 18:01:24.199 [restartedMain] INFO  com.sybedu.syb.sso.SybSSOApplication - Starting SybSSOApplication using Java 11.0.2 on DESKTOP-PENBIRK with PID 53820 (E:\Version Control\Git Work Space\GitHub\syb_sso\target\classes started by kefu in E:\Version Control\Git Work Space\GitHub\syb_sso)
2021-07-29 18:01:24.200 [restartedMain] INFO  com.sybedu.syb.sso.SybSSOApplication - The following profiles are active: dev
2021-07-29 18:01:24.232 [restartedMain] INFO  o.s.b.d.env.DevToolsPropertyDefaultsPostProcessor - Devtools property defaults active! Set 'spring.devtools.add-properties' to 'false' to disable
2021-07-29 18:01:24.232 [restartedMain] INFO  o.s.b.d.env.DevToolsPropertyDefaultsPostProcessor - For additional web related logging consider setting the 'logging.level.web' property to 'DEBUG'
2021-07-29 18:01:24.722 [restartedMain] INFO  o.s.d.r.config.RepositoryConfigurationDelegate - Multiple Spring Data modules found, entering strict repository configuration mode!
2021-07-29 18:01:24.723 [restartedMain] INFO  o.s.d.r.config.RepositoryConfigurationDelegate - Bootstrapping Spring Data Redis repositories in DEFAULT mode.
2021-07-29 18:01:24.740 [restartedMain] INFO  o.s.d.r.config.RepositoryConfigurationDelegate - Finished Spring Data repository scanning in 9 ms. Found 0 Redis repository interfaces.
2021-07-29 18:01:24.868 [restartedMain] INFO  o.springframework.cloud.context.scope.GenericScope - BeanFactory id=8528f139-9793-3f9a-b06b-cad1361e0848
2021-07-29 18:01:24.885 [restartedMain] INFO  o.s.c.s.PostProcessorRegistrationDelegate$BeanPostProcessorChecker - Bean 'threadPoolConfig' of type [com.sybedu.syb.sso.config.async.ThreadPoolConfig$$EnhancerBySpringCGLIB$$9dc7b9ab] is not eligible for getting processed by all BeanPostProcessors (for example: not eligible for auto-proxying)
2021-07-29 18:01:24.957 [restartedMain] INFO  o.s.c.s.PostProcessorRegistrationDelegate$BeanPostProcessorChecker - Bean 'org.springframework.security.access.expression.method.DefaultMethodSecurityExpressionHandler@29817865' of type [org.springframework.security.access.expression.method.DefaultMethodSecurityExpressionHandler] is not eligible for getting processed by all BeanPostProcessors (for example: not eligible for auto-proxying)
2021-07-29 18:01:24.959 [restartedMain] INFO  o.s.c.s.PostProcessorRegistrationDelegate$BeanPostProcessorChecker - Bean 'methodSecurityMetadataSource' of type [org.springframework.security.access.method.DelegatingMethodSecurityMetadataSource] is not eligible for getting processed by all BeanPostProcessors (for example: not eligible for auto-proxying)
2021-07-29 18:01:24.966 [restartedMain] INFO  o.s.c.s.PostProcessorRegistrationDelegate$BeanPostProcessorChecker - Bean 'redisConfig' of type [com.sybedu.syb.sso.config.redis.RedisConfig$$EnhancerBySpringCGLIB$$50b76dd3] is not eligible for getting processed by all BeanPostProcessors (for example: not eligible for auto-proxying)
2021-07-29 18:01:25.240 [restartedMain] INFO  o.s.boot.web.embedded.tomcat.TomcatWebServer - Tomcat initialized with port(s): 8080 (http)
2021-07-29 18:01:25.245 [restartedMain] INFO  org.apache.coyote.http11.Http11NioProtocol - Initializing ProtocolHandler ["http-nio-8080"]
2021-07-29 18:01:25.246 [restartedMain] INFO  org.apache.catalina.core.StandardService - Starting service [Tomcat]
2021-07-29 18:01:25.246 [restartedMain] INFO  org.apache.catalina.core.StandardEngine - Starting Servlet engine: [Apache Tomcat/9.0.39]
2021-07-29 18:01:25.320 [restartedMain] INFO  o.a.c.core.ContainerBase.[Tomcat].[localhost].[/] - Initializing Spring embedded WebApplicationContext
2021-07-29 18:01:25.320 [restartedMain] INFO  o.s.b.w.s.c.ServletWebServerApplicationContext - Root WebApplicationContext: initialization completed in 1087 ms
2021-07-29 18:01:26.246 [restartedMain] INFO  o.s.scheduling.concurrent.ThreadPoolTaskExecutor - Initializing ExecutorService 'thread'
2021-07-29 18:01:27.222 [restartedMain] INFO  o.s.b.d.autoconfigure.OptionalLiveReloadServer - LiveReload server is running on port 35729
2021-07-29 18:01:27.613 [restartedMain] INFO  org.apache.coyote.http11.Http11NioProtocol - Starting ProtocolHandler ["http-nio-8080"]
2021-07-29 18:01:27.620 [restartedMain] INFO  o.s.boot.web.embedded.tomcat.TomcatWebServer - Tomcat started on port(s): 8080 (http) with context path ''
2021-07-29 18:01:28.377 [restartedMain] INFO  o.s.s.a.ScheduledAnnotationBeanPostProcessor - No TaskScheduler/ScheduledExecutorService bean found for scheduled processing
2021-07-29 18:01:28.384 [restartedMain] INFO  com.sybedu.syb.sso.SybSSOApplication - Started SybSSOApplication in 4.72 seconds (JVM running for 5.525)
2021-07-29 18:03:45.850 [http-nio-8080-exec-1] INFO  o.a.c.core.ContainerBase.[Tomcat].[localhost].[/] - Initializing Spring DispatcherServlet 'dispatcherServlet'
2021-07-29 18:03:45.850 [http-nio-8080-exec-1] INFO  org.springframework.web.servlet.DispatcherServlet - Initializing Servlet 'dispatcherServlet'
2021-07-29 18:03:45.851 [http-nio-8080-exec-1] INFO  org.springframework.web.servlet.DispatcherServlet - Completed initialization in 1 ms
2021-07-29 18:03:45.877 [http-nio-8080-exec-1] INFO  com.zaxxer.hikari.HikariDataSource - syb-sso-database-connection-pool - Starting...
2021-07-29 18:03:46.997 [http-nio-8080-exec-2] INFO  com.zaxxer.hikari.HikariDataSource - syb-sso-database-connection-pool - Starting...
2021-07-29 20:37:55.614 [restartedMain] INFO  com.sybedu.syb.sso.SybSSOApplication - Starting SybSSOApplication using Java 11.0.2 on DESKTOP-PENBIRK with PID 56260 (E:\Version Control\Git Work Space\GitHub\syb_sso\target\classes started by kefu in E:\Version Control\Git Work Space\GitHub\syb_sso)
2021-07-29 20:37:55.614 [restartedMain] INFO  com.sybedu.syb.sso.SybSSOApplication - The following profiles are active: dev
2021-07-29 20:37:55.650 [restartedMain] INFO  o.s.b.d.env.DevToolsPropertyDefaultsPostProcessor - Devtools property defaults active! Set 'spring.devtools.add-properties' to 'false' to disable
2021-07-29 20:37:55.651 [restartedMain] INFO  o.s.b.d.env.DevToolsPropertyDefaultsPostProcessor - For additional web related logging consider setting the 'logging.level.web' property to 'DEBUG'
2021-07-29 20:37:56.205 [restartedMain] INFO  o.s.d.r.config.RepositoryConfigurationDelegate - Multiple Spring Data modules found, entering strict repository configuration mode!
2021-07-29 20:37:56.206 [restartedMain] INFO  o.s.d.r.config.RepositoryConfigurationDelegate - Bootstrapping Spring Data Redis repositories in DEFAULT mode.
2021-07-29 20:37:56.225 [restartedMain] INFO  o.s.d.r.config.RepositoryConfigurationDelegate - Finished Spring Data repository scanning in 10 ms. Found 0 Redis repository interfaces.
2021-07-29 20:37:56.351 [restartedMain] INFO  o.springframework.cloud.context.scope.GenericScope - BeanFactory id=a0a0f47b-5d13-3bd1-a092-530a1681ac1b
2021-07-29 20:37:56.372 [restartedMain] INFO  o.s.c.s.PostProcessorRegistrationDelegate$BeanPostProcessorChecker - Bean 'threadPoolConfig' of type [com.sybedu.syb.sso.config.async.ThreadPoolConfig$$EnhancerBySpringCGLIB$$8699e3e2] is not eligible for getting processed by all BeanPostProcessors (for example: not eligible for auto-proxying)
2021-07-29 20:37:56.451 [restartedMain] INFO  o.s.c.s.PostProcessorRegistrationDelegate$BeanPostProcessorChecker - Bean 'org.springframework.security.access.expression.method.DefaultMethodSecurityExpressionHandler@5842a312' of type [org.springframework.security.access.expression.method.DefaultMethodSecurityExpressionHandler] is not eligible for getting processed by all BeanPostProcessors (for example: not eligible for auto-proxying)
2021-07-29 20:37:56.453 [restartedMain] INFO  o.s.c.s.PostProcessorRegistrationDelegate$BeanPostProcessorChecker - Bean 'methodSecurityMetadataSource' of type [org.springframework.security.access.method.DelegatingMethodSecurityMetadataSource] is not eligible for getting processed by all BeanPostProcessors (for example: not eligible for auto-proxying)
2021-07-29 20:37:56.461 [restartedMain] INFO  o.s.c.s.PostProcessorRegistrationDelegate$BeanPostProcessorChecker - Bean 'redisConfig' of type [com.sybedu.syb.sso.config.redis.RedisConfig$$EnhancerBySpringCGLIB$$3989980a] is not eligible for getting processed by all BeanPostProcessors (for example: not eligible for auto-proxying)
2021-07-29 20:37:56.728 [restartedMain] INFO  o.s.boot.web.embedded.tomcat.TomcatWebServer - Tomcat initialized with port(s): 8080 (http)
2021-07-29 20:37:56.734 [restartedMain] INFO  org.apache.coyote.http11.Http11NioProtocol - Initializing ProtocolHandler ["http-nio-8080"]
2021-07-29 20:37:56.734 [restartedMain] INFO  org.apache.catalina.core.StandardService - Starting service [Tomcat]
2021-07-29 20:37:56.734 [restartedMain] INFO  org.apache.catalina.core.StandardEngine - Starting Servlet engine: [Apache Tomcat/9.0.39]
2021-07-29 20:37:56.809 [restartedMain] INFO  o.a.c.core.ContainerBase.[Tomcat].[localhost].[/] - Initializing Spring embedded WebApplicationContext
2021-07-29 20:37:56.809 [restartedMain] INFO  o.s.b.w.s.c.ServletWebServerApplicationContext - Root WebApplicationContext: initialization completed in 1158 ms
2021-07-29 20:37:57.713 [restartedMain] INFO  o.s.scheduling.concurrent.ThreadPoolTaskExecutor - Initializing ExecutorService 'thread'
2021-07-29 20:37:58.280 [restartedMain] INFO  o.s.security.web.DefaultSecurityFilterChain - Will secure any request with [org.springframework.security.web.context.request.async.WebAsyncManagerIntegrationFilter@61dc4006, org.springframework.security.web.context.SecurityContextPersistenceFilter@2b760d66, org.springframework.security.web.header.HeaderWriterFilter@3672b84f, org.springframework.security.web.authentication.logout.LogoutFilter@1f0a1edc, com.sybedu.syb.sso.config.security.config.LindTokenAuthenticationFilter@549015a9, org.springframework.security.web.savedrequest.RequestCacheAwareFilter@1fa90e57, org.springframework.security.web.servletapi.SecurityContextHolderAwareRequestFilter@760b7b91, org.springframework.security.web.authentication.AnonymousAuthenticationFilter@7b3e7303, org.springframework.security.web.session.SessionManagementFilter@46477717, org.springframework.security.web.access.ExceptionTranslationFilter@41126711, org.springframework.security.web.access.intercept.FilterSecurityInterceptor@4dab5dcc]
2021-07-29 20:37:58.810 [restartedMain] INFO  o.s.b.d.autoconfigure.OptionalLiveReloadServer - LiveReload server is running on port 35729
2021-07-29 20:37:59.187 [restartedMain] INFO  org.apache.coyote.http11.Http11NioProtocol - Starting ProtocolHandler ["http-nio-8080"]
2021-07-29 20:37:59.195 [restartedMain] INFO  o.s.boot.web.embedded.tomcat.TomcatWebServer - Tomcat started on port(s): 8080 (http) with context path ''
2021-07-29 20:37:59.961 [restartedMain] INFO  o.s.s.a.ScheduledAnnotationBeanPostProcessor - No TaskScheduler/ScheduledExecutorService bean found for scheduled processing
2021-07-29 20:37:59.969 [restartedMain] INFO  com.sybedu.syb.sso.SybSSOApplication - Started SybSSOApplication in 4.918 seconds (JVM running for 5.777)
2021-07-29 20:40:22.411 [restartedMain] INFO  com.sybedu.syb.sso.SybSSOApplication - Starting SybSSOApplication using Java 11.0.2 on DESKTOP-PENBIRK with PID 55852 (E:\Version Control\Git Work Space\GitHub\syb_sso\target\classes started by kefu in E:\Version Control\Git Work Space\GitHub\syb_sso)
2021-07-29 20:40:22.412 [restartedMain] INFO  com.sybedu.syb.sso.SybSSOApplication - The following profiles are active: dev
2021-07-29 20:40:22.445 [restartedMain] INFO  o.s.b.d.env.DevToolsPropertyDefaultsPostProcessor - Devtools property defaults active! Set 'spring.devtools.add-properties' to 'false' to disable
2021-07-29 20:40:22.445 [restartedMain] INFO  o.s.b.d.env.DevToolsPropertyDefaultsPostProcessor - For additional web related logging consider setting the 'logging.level.web' property to 'DEBUG'
2021-07-29 20:40:22.958 [restartedMain] INFO  o.s.d.r.config.RepositoryConfigurationDelegate - Multiple Spring Data modules found, entering strict repository configuration mode!
2021-07-29 20:40:22.959 [restartedMain] INFO  o.s.d.r.config.RepositoryConfigurationDelegate - Bootstrapping Spring Data Redis repositories in DEFAULT mode.
2021-07-29 20:40:22.982 [restartedMain] INFO  o.s.d.r.config.RepositoryConfigurationDelegate - Finished Spring Data repository scanning in 13 ms. Found 0 Redis repository interfaces.
2021-07-29 20:40:23.114 [restartedMain] INFO  o.springframework.cloud.context.scope.GenericScope - BeanFactory id=a0a0f47b-5d13-3bd1-a092-530a1681ac1b
2021-07-29 20:40:23.136 [restartedMain] INFO  o.s.c.s.PostProcessorRegistrationDelegate$BeanPostProcessorChecker - Bean 'threadPoolConfig' of type [com.sybedu.syb.sso.config.async.ThreadPoolConfig$$EnhancerBySpringCGLIB$$d1cf4dc3] is not eligible for getting processed by all BeanPostProcessors (for example: not eligible for auto-proxying)
2021-07-29 20:40:23.218 [restartedMain] INFO  o.s.c.s.PostProcessorRegistrationDelegate$BeanPostProcessorChecker - Bean 'org.springframework.security.access.expression.method.DefaultMethodSecurityExpressionHandler@7358c8e9' of type [org.springframework.security.access.expression.method.DefaultMethodSecurityExpressionHandler] is not eligible for getting processed by all BeanPostProcessors (for example: not eligible for auto-proxying)
2021-07-29 20:40:23.220 [restartedMain] INFO  o.s.c.s.PostProcessorRegistrationDelegate$BeanPostProcessorChecker - Bean 'methodSecurityMetadataSource' of type [org.springframework.security.access.method.DelegatingMethodSecurityMetadataSource] is not eligible for getting processed by all BeanPostProcessors (for example: not eligible for auto-proxying)
2021-07-29 20:40:23.228 [restartedMain] INFO  o.s.c.s.PostProcessorRegistrationDelegate$BeanPostProcessorChecker - Bean 'redisConfig' of type [com.sybedu.syb.sso.config.redis.RedisConfig$$EnhancerBySpringCGLIB$$84bf01eb] is not eligible for getting processed by all BeanPostProcessors (for example: not eligible for auto-proxying)
2021-07-29 20:40:23.501 [restartedMain] INFO  o.s.boot.web.embedded.tomcat.TomcatWebServer - Tomcat initialized with port(s): 8080 (http)
2021-07-29 20:40:23.506 [restartedMain] INFO  org.apache.coyote.http11.Http11NioProtocol - Initializing ProtocolHandler ["http-nio-8080"]
2021-07-29 20:40:23.507 [restartedMain] INFO  org.apache.catalina.core.StandardService - Starting service [Tomcat]
2021-07-29 20:40:23.507 [restartedMain] INFO  org.apache.catalina.core.StandardEngine - Starting Servlet engine: [Apache Tomcat/9.0.39]
2021-07-29 20:40:23.590 [restartedMain] INFO  o.a.c.core.ContainerBase.[Tomcat].[localhost].[/] - Initializing Spring embedded WebApplicationContext
2021-07-29 20:40:23.590 [restartedMain] INFO  o.s.b.w.s.c.ServletWebServerApplicationContext - Root WebApplicationContext: initialization completed in 1145 ms
2021-07-29 20:40:24.508 [restartedMain] INFO  o.s.scheduling.concurrent.ThreadPoolTaskExecutor - Initializing ExecutorService 'thread'
2021-07-29 20:40:25.034 [restartedMain] INFO  o.s.security.web.DefaultSecurityFilterChain - Will secure any request with [org.springframework.security.web.context.request.async.WebAsyncManagerIntegrationFilter@565fa86d, org.springframework.security.web.context.SecurityContextPersistenceFilter@1a9163f2, org.springframework.security.web.header.HeaderWriterFilter@63bc7402, org.springframework.security.web.authentication.logout.LogoutFilter@6233f14b, com.sybedu.syb.sso.config.security.config.LindTokenAuthenticationFilter@5a91a87e, org.springframework.security.web.savedrequest.RequestCacheAwareFilter@e7b8dba, org.springframework.security.web.servletapi.SecurityContextHolderAwareRequestFilter@3fde50f9, org.springframework.security.web.authentication.AnonymousAuthenticationFilter@3703d147, org.springframework.security.web.session.SessionManagementFilter@dc8461c, org.springframework.security.web.access.ExceptionTranslationFilter@7b5a7b86, org.springframework.security.web.access.intercept.FilterSecurityInterceptor@3947c082]
2021-07-29 20:40:25.554 [restartedMain] INFO  o.s.b.d.autoconfigure.OptionalLiveReloadServer - LiveReload server is running on port 35729
2021-07-29 20:40:25.938 [restartedMain] INFO  org.apache.coyote.http11.Http11NioProtocol - Starting ProtocolHandler ["http-nio-8080"]
2021-07-29 20:40:25.945 [restartedMain] INFO  o.s.boot.web.embedded.tomcat.TomcatWebServer - Tomcat started on port(s): 8080 (http) with context path ''
2021-07-29 20:40:25.999 [http-nio-8080-exec-1] INFO  o.a.c.core.ContainerBase.[Tomcat].[localhost].[/] - Initializing Spring DispatcherServlet 'dispatcherServlet'
2021-07-29 20:40:25.999 [http-nio-8080-exec-1] INFO  org.springframework.web.servlet.DispatcherServlet - Initializing Servlet 'dispatcherServlet'
2021-07-29 20:40:26.000 [http-nio-8080-exec-1] INFO  org.springframework.web.servlet.DispatcherServlet - Completed initialization in 1 ms
2021-07-29 20:40:26.709 [restartedMain] INFO  o.s.s.a.ScheduledAnnotationBeanPostProcessor - No TaskScheduler/ScheduledExecutorService bean found for scheduled processing
2021-07-29 20:40:26.715 [restartedMain] INFO  com.sybedu.syb.sso.SybSSOApplication - Started SybSSOApplication in 4.86 seconds (JVM running for 5.688)
2021-07-29 20:44:29.190 [restartedMain] INFO  com.sybedu.syb.sso.SybSSOApplication - Starting SybSSOApplication using Java 11.0.2 on DESKTOP-PENBIRK with PID 44004 (E:\Version Control\Git Work Space\GitHub\syb_sso\target\classes started by kefu in E:\Version Control\Git Work Space\GitHub\syb_sso)
2021-07-29 20:44:29.190 [restartedMain] INFO  com.sybedu.syb.sso.SybSSOApplication - The following profiles are active: dev
2021-07-29 20:44:29.223 [restartedMain] INFO  o.s.b.d.env.DevToolsPropertyDefaultsPostProcessor - Devtools property defaults active! Set 'spring.devtools.add-properties' to 'false' to disable
2021-07-29 20:44:29.223 [restartedMain] INFO  o.s.b.d.env.DevToolsPropertyDefaultsPostProcessor - For additional web related logging consider setting the 'logging.level.web' property to 'DEBUG'
2021-07-29 20:44:29.727 [restartedMain] INFO  o.s.d.r.config.RepositoryConfigurationDelegate - Multiple Spring Data modules found, entering strict repository configuration mode!
2021-07-29 20:44:29.728 [restartedMain] INFO  o.s.d.r.config.RepositoryConfigurationDelegate - Bootstrapping Spring Data Redis repositories in DEFAULT mode.
2021-07-29 20:44:29.746 [restartedMain] INFO  o.s.d.r.config.RepositoryConfigurationDelegate - Finished Spring Data repository scanning in 9 ms. Found 0 Redis repository interfaces.
2021-07-29 20:44:29.875 [restartedMain] INFO  o.springframework.cloud.context.scope.GenericScope - BeanFactory id=a0a0f47b-5d13-3bd1-a092-530a1681ac1b
2021-07-29 20:44:29.894 [restartedMain] INFO  o.s.c.s.PostProcessorRegistrationDelegate$BeanPostProcessorChecker - Bean 'threadPoolConfig' of type [com.sybedu.syb.sso.config.async.ThreadPoolConfig$$EnhancerBySpringCGLIB$$7be5913b] is not eligible for getting processed by all BeanPostProcessors (for example: not eligible for auto-proxying)
2021-07-29 20:44:29.978 [restartedMain] INFO  o.s.c.s.PostProcessorRegistrationDelegate$BeanPostProcessorChecker - Bean 'org.springframework.security.access.expression.method.DefaultMethodSecurityExpressionHandler@69aafaf2' of type [org.springframework.security.access.expression.method.DefaultMethodSecurityExpressionHandler] is not eligible for getting processed by all BeanPostProcessors (for example: not eligible for auto-proxying)
2021-07-29 20:44:29.981 [restartedMain] INFO  o.s.c.s.PostProcessorRegistrationDelegate$BeanPostProcessorChecker - Bean 'methodSecurityMetadataSource' of type [org.springframework.security.access.method.DelegatingMethodSecurityMetadataSource] is not eligible for getting processed by all BeanPostProcessors (for example: not eligible for auto-proxying)
2021-07-29 20:44:29.989 [restartedMain] INFO  o.s.c.s.PostProcessorRegistrationDelegate$BeanPostProcessorChecker - Bean 'redisConfig' of type [com.sybedu.syb.sso.config.redis.RedisConfig$$EnhancerBySpringCGLIB$$2ed54563] is not eligible for getting processed by all BeanPostProcessors (for example: not eligible for auto-proxying)
2021-07-29 20:44:30.259 [restartedMain] INFO  o.s.boot.web.embedded.tomcat.TomcatWebServer - Tomcat initialized with port(s): 8080 (http)
2021-07-29 20:44:30.265 [restartedMain] INFO  org.apache.coyote.http11.Http11NioProtocol - Initializing ProtocolHandler ["http-nio-8080"]
2021-07-29 20:44:30.265 [restartedMain] INFO  org.apache.catalina.core.StandardService - Starting service [Tomcat]
2021-07-29 20:44:30.265 [restartedMain] INFO  org.apache.catalina.core.StandardEngine - Starting Servlet engine: [Apache Tomcat/9.0.39]
2021-07-29 20:44:30.337 [restartedMain] INFO  o.a.c.core.ContainerBase.[Tomcat].[localhost].[/] - Initializing Spring embedded WebApplicationContext
2021-07-29 20:44:30.338 [restartedMain] INFO  o.s.b.w.s.c.ServletWebServerApplicationContext - Root WebApplicationContext: initialization completed in 1114 ms
2021-07-29 20:44:31.249 [restartedMain] INFO  o.s.scheduling.concurrent.ThreadPoolTaskExecutor - Initializing ExecutorService 'thread'
2021-07-29 20:44:31.760 [restartedMain] INFO  o.s.security.web.DefaultSecurityFilterChain - Will secure any request with [org.springframework.security.web.context.request.async.WebAsyncManagerIntegrationFilter@65580bee, org.springframework.security.web.context.SecurityContextPersistenceFilter@33e0335f, org.springframework.security.web.header.HeaderWriterFilter@7211d915, org.springframework.security.web.authentication.logout.LogoutFilter@191dfda7, com.sybedu.syb.sso.config.security.config.LindTokenAuthenticationFilter@64e77806, org.springframework.security.web.savedrequest.RequestCacheAwareFilter@675184ff, org.springframework.security.web.servletapi.SecurityContextHolderAwareRequestFilter@684871d2, org.springframework.security.web.authentication.AnonymousAuthenticationFilter@725dc800, org.springframework.security.web.session.SessionManagementFilter@305daaeb, org.springframework.security.web.access.ExceptionTranslationFilter@4f952354, org.springframework.security.web.access.intercept.FilterSecurityInterceptor@52035a28]
2021-07-29 20:44:32.254 [restartedMain] INFO  o.s.b.d.autoconfigure.OptionalLiveReloadServer - LiveReload server is running on port 35729
2021-07-29 20:44:32.627 [restartedMain] INFO  org.apache.coyote.http11.Http11NioProtocol - Starting ProtocolHandler ["http-nio-8080"]
2021-07-29 20:44:32.634 [restartedMain] INFO  o.s.boot.web.embedded.tomcat.TomcatWebServer - Tomcat started on port(s): 8080 (http) with context path ''
2021-07-29 20:44:33.392 [restartedMain] INFO  o.s.s.a.ScheduledAnnotationBeanPostProcessor - No TaskScheduler/ScheduledExecutorService bean found for scheduled processing
2021-07-29 20:44:33.398 [restartedMain] INFO  com.sybedu.syb.sso.SybSSOApplication - Started SybSSOApplication in 4.73 seconds (JVM running for 5.569)
2021-07-29 20:44:39.702 [http-nio-8080-exec-1] INFO  o.a.c.core.ContainerBase.[Tomcat].[localhost].[/] - Initializing Spring DispatcherServlet 'dispatcherServlet'
2021-07-29 20:44:39.702 [http-nio-8080-exec-1] INFO  org.springframework.web.servlet.DispatcherServlet - Initializing Servlet 'dispatcherServlet'
2021-07-29 20:44:39.703 [http-nio-8080-exec-1] INFO  org.springframework.web.servlet.DispatcherServlet - Completed initialization in 1 ms
2021-07-29 20:44:39.910 [http-nio-8080-exec-1] INFO  com.zaxxer.hikari.HikariDataSource - syb-sso-database-connection-pool - Starting...
2021-07-29 20:46:01.685 [restartedMain] INFO  com.sybedu.syb.sso.SybSSOApplication - Starting SybSSOApplication using Java 11.0.2 on DESKTOP-PENBIRK with PID 51804 (E:\Version Control\Git Work Space\GitHub\syb_sso\target\classes started by kefu in E:\Version Control\Git Work Space\GitHub\syb_sso)
2021-07-29 20:46:01.685 [restartedMain] INFO  com.sybedu.syb.sso.SybSSOApplication - The following profiles are active: dev
2021-07-29 20:46:01.719 [restartedMain] INFO  o.s.b.d.env.DevToolsPropertyDefaultsPostProcessor - Devtools property defaults active! Set 'spring.devtools.add-properties' to 'false' to disable
2021-07-29 20:46:01.719 [restartedMain] INFO  o.s.b.d.env.DevToolsPropertyDefaultsPostProcessor - For additional web related logging consider setting the 'logging.level.web' property to 'DEBUG'
2021-07-29 20:46:02.250 [restartedMain] INFO  o.s.d.r.config.RepositoryConfigurationDelegate - Multiple Spring Data modules found, entering strict repository configuration mode!
2021-07-29 20:46:02.251 [restartedMain] INFO  o.s.d.r.config.RepositoryConfigurationDelegate - Bootstrapping Spring Data Redis repositories in DEFAULT mode.
2021-07-29 20:46:02.267 [restartedMain] INFO  o.s.d.r.config.RepositoryConfigurationDelegate - Finished Spring Data repository scanning in 9 ms. Found 0 Redis repository interfaces.
2021-07-29 20:46:02.392 [restartedMain] INFO  o.springframework.cloud.context.scope.GenericScope - BeanFactory id=a0a0f47b-5d13-3bd1-a092-530a1681ac1b
2021-07-29 20:46:02.411 [restartedMain] INFO  o.s.c.s.PostProcessorRegistrationDelegate$BeanPostProcessorChecker - Bean 'threadPoolConfig' of type [com.sybedu.syb.sso.config.async.ThreadPoolConfig$$EnhancerBySpringCGLIB$$20b43177] is not eligible for getting processed by all BeanPostProcessors (for example: not eligible for auto-proxying)
2021-07-29 20:46:02.491 [restartedMain] INFO  o.s.c.s.PostProcessorRegistrationDelegate$BeanPostProcessorChecker - Bean 'org.springframework.security.access.expression.method.DefaultMethodSecurityExpressionHandler@5cd56d9f' of type [org.springframework.security.access.expression.method.DefaultMethodSecurityExpressionHandler] is not eligible for getting processed by all BeanPostProcessors (for example: not eligible for auto-proxying)
2021-07-29 20:46:02.494 [restartedMain] INFO  o.s.c.s.PostProcessorRegistrationDelegate$BeanPostProcessorChecker - Bean 'methodSecurityMetadataSource' of type [org.springframework.security.access.method.DelegatingMethodSecurityMetadataSource] is not eligible for getting processed by all BeanPostProcessors (for example: not eligible for auto-proxying)
2021-07-29 20:46:02.502 [restartedMain] INFO  o.s.c.s.PostProcessorRegistrationDelegate$BeanPostProcessorChecker - Bean 'redisConfig' of type [com.sybedu.syb.sso.config.redis.RedisConfig$$EnhancerBySpringCGLIB$$d3a3e59f] is not eligible for getting processed by all BeanPostProcessors (for example: not eligible for auto-proxying)
2021-07-29 20:46:02.777 [restartedMain] INFO  o.s.boot.web.embedded.tomcat.TomcatWebServer - Tomcat initialized with port(s): 8080 (http)
2021-07-29 20:46:02.783 [restartedMain] INFO  org.apache.coyote.http11.Http11NioProtocol - Initializing ProtocolHandler ["http-nio-8080"]
2021-07-29 20:46:02.783 [restartedMain] INFO  org.apache.catalina.core.StandardService - Starting service [Tomcat]
2021-07-29 20:46:02.783 [restartedMain] INFO  org.apache.catalina.core.StandardEngine - Starting Servlet engine: [Apache Tomcat/9.0.39]
2021-07-29 20:46:02.857 [restartedMain] INFO  o.a.c.core.ContainerBase.[Tomcat].[localhost].[/] - Initializing Spring embedded WebApplicationContext
2021-07-29 20:46:02.857 [restartedMain] INFO  o.s.b.w.s.c.ServletWebServerApplicationContext - Root WebApplicationContext: initialization completed in 1138 ms
2021-07-29 20:46:03.755 [restartedMain] INFO  o.s.scheduling.concurrent.ThreadPoolTaskExecutor - Initializing ExecutorService 'thread'
2021-07-29 20:46:04.269 [restartedMain] INFO  o.s.security.web.DefaultSecurityFilterChain - Will secure any request with [org.springframework.security.web.context.request.async.WebAsyncManagerIntegrationFilter@bceef41, org.springframework.security.web.context.SecurityContextPersistenceFilter@9deeb37, org.springframework.security.web.header.HeaderWriterFilter@5432649f, org.springframework.security.web.authentication.logout.LogoutFilter@57eb3b40, com.sybedu.syb.sso.config.security.config.LindTokenAuthenticationFilter@4dcfc0ba, org.springframework.security.web.savedrequest.RequestCacheAwareFilter@187c679e, org.springframework.security.web.servletapi.SecurityContextHolderAwareRequestFilter@261a2435, org.springframework.security.web.authentication.AnonymousAuthenticationFilter@74f0e405, org.springframework.security.web.session.SessionManagementFilter@631ce9b6, org.springframework.security.web.access.ExceptionTranslationFilter@6a3d3637, org.springframework.security.web.access.intercept.FilterSecurityInterceptor@12d2d97e]
2021-07-29 20:46:04.761 [restartedMain] INFO  o.s.b.d.autoconfigure.OptionalLiveReloadServer - LiveReload server is running on port 35729
2021-07-29 20:46:05.117 [restartedMain] INFO  org.apache.coyote.http11.Http11NioProtocol - Starting ProtocolHandler ["http-nio-8080"]
2021-07-29 20:46:05.124 [restartedMain] INFO  o.s.boot.web.embedded.tomcat.TomcatWebServer - Tomcat started on port(s): 8080 (http) with context path ''
2021-07-29 20:46:05.875 [restartedMain] INFO  o.s.s.a.ScheduledAnnotationBeanPostProcessor - No TaskScheduler/ScheduledExecutorService bean found for scheduled processing
2021-07-29 20:46:05.882 [restartedMain] INFO  com.sybedu.syb.sso.SybSSOApplication - Started SybSSOApplication in 4.796 seconds (JVM running for 5.62)
2021-07-29 20:46:19.875 [http-nio-8080-exec-1] INFO  o.a.c.core.ContainerBase.[Tomcat].[localhost].[/] - Initializing Spring DispatcherServlet 'dispatcherServlet'
2021-07-29 20:46:19.875 [http-nio-8080-exec-1] INFO  org.springframework.web.servlet.DispatcherServlet - Initializing Servlet 'dispatcherServlet'
2021-07-29 20:46:19.877 [http-nio-8080-exec-1] INFO  org.springframework.web.servlet.DispatcherServlet - Completed initialization in 2 ms
2021-07-29 20:46:20.014 [http-nio-8080-exec-1] INFO  com.zaxxer.hikari.HikariDataSource - syb-sso-database-connection-pool - Starting...
2021-07-29 20:49:13.520 [restartedMain] INFO  com.sybedu.syb.sso.SybSSOApplication - Starting SybSSOApplication using Java 11.0.2 on DESKTOP-PENBIRK with PID 43380 (E:\Version Control\Git Work Space\GitHub\syb_sso\target\classes started by kefu in E:\Version Control\Git Work Space\GitHub\syb_sso)
2021-07-29 20:49:13.520 [restartedMain] INFO  com.sybedu.syb.sso.SybSSOApplication - The following profiles are active: dev
2021-07-29 20:49:13.558 [restartedMain] INFO  o.s.b.d.env.DevToolsPropertyDefaultsPostProcessor - Devtools property defaults active! Set 'spring.devtools.add-properties' to 'false' to disable
2021-07-29 20:49:13.558 [restartedMain] INFO  o.s.b.d.env.DevToolsPropertyDefaultsPostProcessor - For additional web related logging consider setting the 'logging.level.web' property to 'DEBUG'
2021-07-29 20:49:14.068 [restartedMain] INFO  o.s.d.r.config.RepositoryConfigurationDelegate - Multiple Spring Data modules found, entering strict repository configuration mode!
2021-07-29 20:49:14.069 [restartedMain] INFO  o.s.d.r.config.RepositoryConfigurationDelegate - Bootstrapping Spring Data Redis repositories in DEFAULT mode.
2021-07-29 20:49:14.087 [restartedMain] INFO  o.s.d.r.config.RepositoryConfigurationDelegate - Finished Spring Data repository scanning in 9 ms. Found 0 Redis repository interfaces.
2021-07-29 20:49:14.214 [restartedMain] INFO  o.springframework.cloud.context.scope.GenericScope - BeanFactory id=a0a0f47b-5d13-3bd1-a092-530a1681ac1b
2021-07-29 20:49:14.235 [restartedMain] INFO  o.s.c.s.PostProcessorRegistrationDelegate$BeanPostProcessorChecker - Bean 'threadPoolConfig' of type [com.sybedu.syb.sso.config.async.ThreadPoolConfig$$EnhancerBySpringCGLIB$$e7fe2cae] is not eligible for getting processed by all BeanPostProcessors (for example: not eligible for auto-proxying)
2021-07-29 20:49:14.314 [restartedMain] INFO  o.s.c.s.PostProcessorRegistrationDelegate$BeanPostProcessorChecker - Bean 'org.springframework.security.access.expression.method.DefaultMethodSecurityExpressionHandler@6cbd3cb' of type [org.springframework.security.access.expression.method.DefaultMethodSecurityExpressionHandler] is not eligible for getting processed by all BeanPostProcessors (for example: not eligible for auto-proxying)
2021-07-29 20:49:14.317 [restartedMain] INFO  o.s.c.s.PostProcessorRegistrationDelegate$BeanPostProcessorChecker - Bean 'methodSecurityMetadataSource' of type [org.springframework.security.access.method.DelegatingMethodSecurityMetadataSource] is not eligible for getting processed by all BeanPostProcessors (for example: not eligible for auto-proxying)
2021-07-29 20:49:14.325 [restartedMain] INFO  o.s.c.s.PostProcessorRegistrationDelegate$BeanPostProcessorChecker - Bean 'redisConfig' of type [com.sybedu.syb.sso.config.redis.RedisConfig$$EnhancerBySpringCGLIB$$9aede0d6] is not eligible for getting processed by all BeanPostProcessors (for example: not eligible for auto-proxying)
2021-07-29 20:49:14.596 [restartedMain] INFO  o.s.boot.web.embedded.tomcat.TomcatWebServer - Tomcat initialized with port(s): 8080 (http)
2021-07-29 20:49:14.601 [restartedMain] INFO  org.apache.coyote.http11.Http11NioProtocol - Initializing ProtocolHandler ["http-nio-8080"]
2021-07-29 20:49:14.602 [restartedMain] INFO  org.apache.catalina.core.StandardService - Starting service [Tomcat]
2021-07-29 20:49:14.602 [restartedMain] INFO  org.apache.catalina.core.StandardEngine - Starting Servlet engine: [Apache Tomcat/9.0.39]
2021-07-29 20:49:14.687 [restartedMain] INFO  o.a.c.core.ContainerBase.[Tomcat].[localhost].[/] - Initializing Spring embedded WebApplicationContext
2021-07-29 20:49:14.687 [restartedMain] INFO  o.s.b.w.s.c.ServletWebServerApplicationContext - Root WebApplicationContext: initialization completed in 1128 ms
2021-07-29 20:49:15.619 [restartedMain] INFO  o.s.scheduling.concurrent.ThreadPoolTaskExecutor - Initializing ExecutorService 'thread'
2021-07-29 20:49:16.130 [restartedMain] INFO  o.s.security.web.DefaultSecurityFilterChain - Will secure any request with [org.springframework.security.web.context.request.async.WebAsyncManagerIntegrationFilter@22977f41, org.springframework.security.web.context.SecurityContextPersistenceFilter@28a9cea1, org.springframework.security.web.header.HeaderWriterFilter@38c475a7, org.springframework.security.web.authentication.logout.LogoutFilter@649b58cd, com.sybedu.syb.sso.config.security.config.LindTokenAuthenticationFilter@9ee3dc1, org.springframework.security.web.savedrequest.RequestCacheAwareFilter@2a003919, org.springframework.security.web.servletapi.SecurityContextHolderAwareRequestFilter@2d6e25f1, org.springframework.security.web.authentication.AnonymousAuthenticationFilter@4d5619e2, org.springframework.security.web.session.SessionManagementFilter@6be969de, org.springframework.security.web.access.ExceptionTranslationFilter@48c5e694, org.springframework.security.web.access.intercept.FilterSecurityInterceptor@7fffb4af]
2021-07-29 20:49:16.652 [restartedMain] INFO  o.s.b.d.autoconfigure.OptionalLiveReloadServer - LiveReload server is running on port 35729
2021-07-29 20:49:17.020 [restartedMain] INFO  org.apache.coyote.http11.Http11NioProtocol - Starting ProtocolHandler ["http-nio-8080"]
2021-07-29 20:49:17.027 [restartedMain] INFO  o.s.boot.web.embedded.tomcat.TomcatWebServer - Tomcat started on port(s): 8080 (http) with context path ''
2021-07-29 20:49:17.783 [restartedMain] INFO  o.s.s.a.ScheduledAnnotationBeanPostProcessor - No TaskScheduler/ScheduledExecutorService bean found for scheduled processing
2021-07-29 20:49:17.789 [restartedMain] INFO  com.sybedu.syb.sso.SybSSOApplication - Started SybSSOApplication in 4.779 seconds (JVM running for 5.514)
2021-07-29 20:49:21.127 [http-nio-8080-exec-1] INFO  o.a.c.core.ContainerBase.[Tomcat].[localhost].[/] - Initializing Spring DispatcherServlet 'dispatcherServlet'
2021-07-29 20:49:21.127 [http-nio-8080-exec-1] INFO  org.springframework.web.servlet.DispatcherServlet - Initializing Servlet 'dispatcherServlet'
2021-07-29 20:49:21.128 [http-nio-8080-exec-1] INFO  org.springframework.web.servlet.DispatcherServlet - Completed initialization in 1 ms
2021-07-29 20:49:21.265 [http-nio-8080-exec-1] INFO  com.zaxxer.hikari.HikariDataSource - syb-sso-database-connection-pool - Starting...
2021-07-29 20:50:28.196 [restartedMain] INFO  com.sybedu.syb.sso.SybSSOApplication - Starting SybSSOApplication using Java 11.0.2 on DESKTOP-PENBIRK with PID 40196 (E:\Version Control\Git Work Space\GitHub\syb_sso\target\classes started by kefu in E:\Version Control\Git Work Space\GitHub\syb_sso)
2021-07-29 20:50:28.196 [restartedMain] INFO  com.sybedu.syb.sso.SybSSOApplication - The following profiles are active: dev
2021-07-29 20:50:28.230 [restartedMain] INFO  o.s.b.d.env.DevToolsPropertyDefaultsPostProcessor - Devtools property defaults active! Set 'spring.devtools.add-properties' to 'false' to disable
2021-07-29 20:50:28.230 [restartedMain] INFO  o.s.b.d.env.DevToolsPropertyDefaultsPostProcessor - For additional web related logging consider setting the 'logging.level.web' property to 'DEBUG'
2021-07-29 20:50:28.749 [restartedMain] INFO  o.s.d.r.config.RepositoryConfigurationDelegate - Multiple Spring Data modules found, entering strict repository configuration mode!
2021-07-29 20:50:28.750 [restartedMain] INFO  o.s.d.r.config.RepositoryConfigurationDelegate - Bootstrapping Spring Data Redis repositories in DEFAULT mode.
2021-07-29 20:50:28.769 [restartedMain] INFO  o.s.d.r.config.RepositoryConfigurationDelegate - Finished Spring Data repository scanning in 9 ms. Found 0 Redis repository interfaces.
2021-07-29 20:50:28.894 [restartedMain] INFO  o.springframework.cloud.context.scope.GenericScope - BeanFactory id=a0a0f47b-5d13-3bd1-a092-530a1681ac1b
2021-07-29 20:50:28.914 [restartedMain] INFO  o.s.c.s.PostProcessorRegistrationDelegate$BeanPostProcessorChecker - Bean 'threadPoolConfig' of type [com.sybedu.syb.sso.config.async.ThreadPoolConfig$$EnhancerBySpringCGLIB$$56e57ce1] is not eligible for getting processed by all BeanPostProcessors (for example: not eligible for auto-proxying)
2021-07-29 20:50:28.995 [restartedMain] INFO  o.s.c.s.PostProcessorRegistrationDelegate$BeanPostProcessorChecker - Bean 'org.springframework.security.access.expression.method.DefaultMethodSecurityExpressionHandler@158ba764' of type [org.springframework.security.access.expression.method.DefaultMethodSecurityExpressionHandler] is not eligible for getting processed by all BeanPostProcessors (for example: not eligible for auto-proxying)
2021-07-29 20:50:28.998 [restartedMain] INFO  o.s.c.s.PostProcessorRegistrationDelegate$BeanPostProcessorChecker - Bean 'methodSecurityMetadataSource' of type [org.springframework.security.access.method.DelegatingMethodSecurityMetadataSource] is not eligible for getting processed by all BeanPostProcessors (for example: not eligible for auto-proxying)
2021-07-29 20:50:29.006 [restartedMain] INFO  o.s.c.s.PostProcessorRegistrationDelegate$BeanPostProcessorChecker - Bean 'redisConfig' of type [com.sybedu.syb.sso.config.redis.RedisConfig$$EnhancerBySpringCGLIB$$9d53109] is not eligible for getting processed by all BeanPostProcessors (for example: not eligible for auto-proxying)
2021-07-29 20:50:29.281 [restartedMain] INFO  o.s.boot.web.embedded.tomcat.TomcatWebServer - Tomcat initialized with port(s): 8080 (http)
2021-07-29 20:50:29.287 [restartedMain] INFO  org.apache.coyote.http11.Http11NioProtocol - Initializing ProtocolHandler ["http-nio-8080"]
2021-07-29 20:50:29.287 [restartedMain] INFO  org.apache.catalina.core.StandardService - Starting service [Tomcat]
2021-07-29 20:50:29.287 [restartedMain] INFO  org.apache.catalina.core.StandardEngine - Starting Servlet engine: [Apache Tomcat/9.0.39]
2021-07-29 20:50:29.364 [restartedMain] INFO  o.a.c.core.ContainerBase.[Tomcat].[localhost].[/] - Initializing Spring embedded WebApplicationContext
2021-07-29 20:50:29.364 [restartedMain] INFO  o.s.b.w.s.c.ServletWebServerApplicationContext - Root WebApplicationContext: initialization completed in 1133 ms
2021-07-29 20:50:30.267 [restartedMain] INFO  o.s.scheduling.concurrent.ThreadPoolTaskExecutor - Initializing ExecutorService 'thread'
2021-07-29 20:50:30.775 [restartedMain] INFO  o.s.security.web.DefaultSecurityFilterChain - Will secure any request with [org.springframework.security.web.context.request.async.WebAsyncManagerIntegrationFilter@5e8b6973, org.springframework.security.web.context.SecurityContextPersistenceFilter@58c36277, org.springframework.security.web.header.HeaderWriterFilter@18ab2fb4, org.springframework.security.web.authentication.logout.LogoutFilter@595d587a, com.sybedu.syb.sso.config.security.config.LindTokenAuthenticationFilter@11334fc2, org.springframework.security.web.savedrequest.RequestCacheAwareFilter@cb77345, org.springframework.security.web.servletapi.SecurityContextHolderAwareRequestFilter@32d57cf7, org.springframework.security.web.authentication.AnonymousAuthenticationFilter@66390b98, org.springframework.security.web.session.SessionManagementFilter@78ceb335, org.springframework.security.web.access.ExceptionTranslationFilter@153faadf, org.springframework.security.web.access.intercept.FilterSecurityInterceptor@38d67a4]
2021-07-29 20:50:31.298 [restartedMain] INFO  o.s.b.d.autoconfigure.OptionalLiveReloadServer - LiveReload server is running on port 35729
2021-07-29 20:50:31.654 [restartedMain] INFO  org.apache.coyote.http11.Http11NioProtocol - Starting ProtocolHandler ["http-nio-8080"]
2021-07-29 20:50:31.661 [restartedMain] INFO  o.s.boot.web.embedded.tomcat.TomcatWebServer - Tomcat started on port(s): 8080 (http) with context path ''
2021-07-29 20:50:32.417 [restartedMain] INFO  o.s.s.a.ScheduledAnnotationBeanPostProcessor - No TaskScheduler/ScheduledExecutorService bean found for scheduled processing
2021-07-29 20:50:32.423 [restartedMain] INFO  com.sybedu.syb.sso.SybSSOApplication - Started SybSSOApplication in 4.777 seconds (JVM running for 5.582)
2021-07-29 20:50:36.222 [http-nio-8080-exec-1] INFO  o.a.c.core.ContainerBase.[Tomcat].[localhost].[/] - Initializing Spring DispatcherServlet 'dispatcherServlet'
2021-07-29 20:50:36.222 [http-nio-8080-exec-1] INFO  org.springframework.web.servlet.DispatcherServlet - Initializing Servlet 'dispatcherServlet'
2021-07-29 20:50:36.224 [http-nio-8080-exec-1] INFO  org.springframework.web.servlet.DispatcherServlet - Completed initialization in 2 ms
2021-07-29 20:50:36.363 [http-nio-8080-exec-1] INFO  com.zaxxer.hikari.HikariDataSource - syb-sso-database-connection-pool - Starting...
2021-07-29 20:51:41.789 [restartedMain] INFO  com.sybedu.syb.sso.SybSSOApplication - Starting SybSSOApplication using Java 11.0.2 on DESKTOP-PENBIRK with PID 35556 (E:\Version Control\Git Work Space\GitHub\syb_sso\target\classes started by kefu in E:\Version Control\Git Work Space\GitHub\syb_sso)
2021-07-29 20:51:41.790 [restartedMain] INFO  com.sybedu.syb.sso.SybSSOApplication - The following profiles are active: dev
2021-07-29 20:51:41.824 [restartedMain] INFO  o.s.b.d.env.DevToolsPropertyDefaultsPostProcessor - Devtools property defaults active! Set 'spring.devtools.add-properties' to 'false' to disable
2021-07-29 20:51:41.824 [restartedMain] INFO  o.s.b.d.env.DevToolsPropertyDefaultsPostProcessor - For additional web related logging consider setting the 'logging.level.web' property to 'DEBUG'
2021-07-29 20:51:42.332 [restartedMain] INFO  o.s.d.r.config.RepositoryConfigurationDelegate - Multiple Spring Data modules found, entering strict repository configuration mode!
2021-07-29 20:51:42.333 [restartedMain] INFO  o.s.d.r.config.RepositoryConfigurationDelegate - Bootstrapping Spring Data Redis repositories in DEFAULT mode.
2021-07-29 20:51:42.351 [restartedMain] INFO  o.s.d.r.config.RepositoryConfigurationDelegate - Finished Spring Data repository scanning in 9 ms. Found 0 Redis repository interfaces.
2021-07-29 20:51:42.476 [restartedMain] INFO  o.springframework.cloud.context.scope.GenericScope - BeanFactory id=a0a0f47b-5d13-3bd1-a092-530a1681ac1b
2021-07-29 20:51:42.495 [restartedMain] INFO  o.s.c.s.PostProcessorRegistrationDelegate$BeanPostProcessorChecker - Bean 'threadPoolConfig' of type [com.sybedu.syb.sso.config.async.ThreadPoolConfig$$EnhancerBySpringCGLIB$$bca90bf1] is not eligible for getting processed by all BeanPostProcessors (for example: not eligible for auto-proxying)
2021-07-29 20:51:42.574 [restartedMain] INFO  o.s.c.s.PostProcessorRegistrationDelegate$BeanPostProcessorChecker - Bean 'org.springframework.security.access.expression.method.DefaultMethodSecurityExpressionHandler@9aaa60b' of type [org.springframework.security.access.expression.method.DefaultMethodSecurityExpressionHandler] is not eligible for getting processed by all BeanPostProcessors (for example: not eligible for auto-proxying)
2021-07-29 20:51:42.577 [restartedMain] INFO  o.s.c.s.PostProcessorRegistrationDelegate$BeanPostProcessorChecker - Bean 'methodSecurityMetadataSource' of type [org.springframework.security.access.method.DelegatingMethodSecurityMetadataSource] is not eligible for getting processed by all BeanPostProcessors (for example: not eligible for auto-proxying)
2021-07-29 20:51:42.584 [restartedMain] INFO  o.s.c.s.PostProcessorRegistrationDelegate$BeanPostProcessorChecker - Bean 'redisConfig' of type [com.sybedu.syb.sso.config.redis.RedisConfig$$EnhancerBySpringCGLIB$$6f98c019] is not eligible for getting processed by all BeanPostProcessors (for example: not eligible for auto-proxying)
2021-07-29 20:51:42.854 [restartedMain] INFO  o.s.boot.web.embedded.tomcat.TomcatWebServer - Tomcat initialized with port(s): 8080 (http)
2021-07-29 20:51:42.859 [restartedMain] INFO  org.apache.coyote.http11.Http11NioProtocol - Initializing ProtocolHandler ["http-nio-8080"]
2021-07-29 20:51:42.860 [restartedMain] INFO  org.apache.catalina.core.StandardService - Starting service [Tomcat]
2021-07-29 20:51:42.860 [restartedMain] INFO  org.apache.catalina.core.StandardEngine - Starting Servlet engine: [Apache Tomcat/9.0.39]
2021-07-29 20:51:42.942 [restartedMain] INFO  o.a.c.core.ContainerBase.[Tomcat].[localhost].[/] - Initializing Spring embedded WebApplicationContext
2021-07-29 20:51:42.942 [restartedMain] INFO  o.s.b.w.s.c.ServletWebServerApplicationContext - Root WebApplicationContext: initialization completed in 1118 ms
2021-07-29 20:51:43.846 [restartedMain] INFO  o.s.scheduling.concurrent.ThreadPoolTaskExecutor - Initializing ExecutorService 'thread'
2021-07-29 20:51:44.353 [restartedMain] INFO  o.s.security.web.DefaultSecurityFilterChain - Will secure any request with [org.springframework.security.web.context.request.async.WebAsyncManagerIntegrationFilter@7a626b51, org.springframework.security.web.context.SecurityContextPersistenceFilter@3b61db4e, org.springframework.security.web.header.HeaderWriterFilter@4177172e, org.springframework.security.web.authentication.logout.LogoutFilter@4b10c6c8, com.sybedu.syb.sso.config.security.config.LindTokenAuthenticationFilter@53c2e706, org.springframework.security.web.savedrequest.RequestCacheAwareFilter@2478559c, org.springframework.security.web.servletapi.SecurityContextHolderAwareRequestFilter@603bcf70, org.springframework.security.web.authentication.AnonymousAuthenticationFilter@5baf26b7, org.springframework.security.web.session.SessionManagementFilter@25a5ab31, org.springframework.security.web.access.ExceptionTranslationFilter@4de09ffd, org.springframework.security.web.access.intercept.FilterSecurityInterceptor@41b89ecf]
2021-07-29 20:51:44.858 [restartedMain] INFO  o.s.b.d.autoconfigure.OptionalLiveReloadServer - LiveReload server is running on port 35729
2021-07-29 20:51:45.212 [restartedMain] INFO  org.apache.coyote.http11.Http11NioProtocol - Starting ProtocolHandler ["http-nio-8080"]
2021-07-29 20:51:45.219 [restartedMain] INFO  o.s.boot.web.embedded.tomcat.TomcatWebServer - Tomcat started on port(s): 8080 (http) with context path ''
2021-07-29 20:51:45.973 [restartedMain] INFO  o.s.s.a.ScheduledAnnotationBeanPostProcessor - No TaskScheduler/ScheduledExecutorService bean found for scheduled processing
2021-07-29 20:51:45.979 [restartedMain] INFO  com.sybedu.syb.sso.SybSSOApplication - Started SybSSOApplication in 4.733 seconds (JVM running for 5.534)
2021-07-29 20:51:49.490 [http-nio-8080-exec-1] INFO  o.a.c.core.ContainerBase.[Tomcat].[localhost].[/] - Initializing Spring DispatcherServlet 'dispatcherServlet'
2021-07-29 20:51:49.490 [http-nio-8080-exec-1] INFO  org.springframework.web.servlet.DispatcherServlet - Initializing Servlet 'dispatcherServlet'
2021-07-29 20:51:49.491 [http-nio-8080-exec-1] INFO  org.springframework.web.servlet.DispatcherServlet - Completed initialization in 1 ms
2021-07-29 20:51:49.649 [http-nio-8080-exec-1] INFO  com.zaxxer.hikari.HikariDataSource - syb-sso-database-connection-pool - Starting...
2021-07-29 20:51:49.737 [http-nio-8080-exec-1] INFO  com.zaxxer.hikari.HikariDataSource - syb-sso-database-connection-pool - Start completed.
