2021-08-02 09:46:14.759 [restartedMain] INFO  com.sybedu.syb.sso.SybSSOApplication - Starting SybSSOApplication using Java 11.0.2 on DESKTOP-PENBIRK with PID 12968 (E:\Version Control\Git Work Space\GitHub\springboot\syb_sso\target\classes started by kefu in E:\Version Control\Git Work Space\GitHub\springboot\syb_sso)
2021-08-02 09:46:14.759 [restartedMain] INFO  com.sybedu.syb.sso.SybSSOApplication - The following profiles are active: dev
2021-08-02 09:46:14.870 [restartedMain] INFO  o.s.b.d.env.DevToolsPropertyDefaultsPostProcessor - Devtools property defaults active! Set 'spring.devtools.add-properties' to 'false' to disable
2021-08-02 09:46:14.870 [restartedMain] INFO  o.s.b.d.env.DevToolsPropertyDefaultsPostProcessor - For additional web related logging consider setting the 'logging.level.web' property to 'DEBUG'
2021-08-02 09:46:15.810 [restartedMain] INFO  o.s.d.r.config.RepositoryConfigurationDelegate - Multiple Spring Data modules found, entering strict repository configuration mode!
2021-08-02 09:46:15.812 [restartedMain] INFO  o.s.d.r.config.RepositoryConfigurationDelegate - Bootstrapping Spring Data Redis repositories in DEFAULT mode.
2021-08-02 09:46:15.833 [restartedMain] INFO  o.s.d.r.config.RepositoryConfigurationDelegate - Finished Spring Data repository scanning in 8 ms. Found 0 Redis repository interfaces.
2021-08-02 09:46:16.066 [restartedMain] INFO  o.springframework.cloud.context.scope.GenericScope - BeanFactory id=a0a0f47b-5d13-3bd1-a092-530a1681ac1b
2021-08-02 09:46:16.120 [restartedMain] INFO  o.s.c.s.PostProcessorRegistrationDelegate$BeanPostProcessorChecker - Bean 'threadPoolConfig' of type [com.sybedu.syb.sso.config.async.ThreadPoolConfig$$EnhancerBySpringCGLIB$$d3535083] is not eligible for getting processed by all BeanPostProcessors (for example: not eligible for auto-proxying)
2021-08-02 09:46:16.315 [restartedMain] INFO  o.s.c.s.PostProcessorRegistrationDelegate$BeanPostProcessorChecker - Bean 'org.springframework.security.access.expression.method.DefaultMethodSecurityExpressionHandler@bb73d80' of type [org.springframework.security.access.expression.method.DefaultMethodSecurityExpressionHandler] is not eligible for getting processed by all BeanPostProcessors (for example: not eligible for auto-proxying)
2021-08-02 09:46:16.318 [restartedMain] INFO  o.s.c.s.PostProcessorRegistrationDelegate$BeanPostProcessorChecker - Bean 'methodSecurityMetadataSource' of type [org.springframework.security.access.method.DelegatingMethodSecurityMetadataSource] is not eligible for getting processed by all BeanPostProcessors (for example: not eligible for auto-proxying)
2021-08-02 09:46:16.325 [restartedMain] INFO  o.s.c.s.PostProcessorRegistrationDelegate$BeanPostProcessorChecker - Bean 'redisConfig' of type [com.sybedu.syb.sso.config.redis.RedisConfig$$EnhancerBySpringCGLIB$$864304ab] is not eligible for getting processed by all BeanPostProcessors (for example: not eligible for auto-proxying)
2021-08-02 09:46:16.775 [restartedMain] INFO  o.s.boot.web.embedded.tomcat.TomcatWebServer - Tomcat initialized with port(s): 8080 (http)
2021-08-02 09:46:16.781 [restartedMain] INFO  org.apache.coyote.http11.Http11NioProtocol - Initializing ProtocolHandler ["http-nio-8080"]
2021-08-02 09:46:16.781 [restartedMain] INFO  org.apache.catalina.core.StandardService - Starting service [Tomcat]
2021-08-02 09:46:16.782 [restartedMain] INFO  org.apache.catalina.core.StandardEngine - Starting Servlet engine: [Apache Tomcat/9.0.39]
2021-08-02 09:46:16.858 [restartedMain] INFO  o.a.c.core.ContainerBase.[Tomcat].[localhost].[/] - Initializing Spring embedded WebApplicationContext
2021-08-02 09:46:16.858 [restartedMain] INFO  o.s.b.w.s.c.ServletWebServerApplicationContext - Root WebApplicationContext: initialization completed in 1987 ms
2021-08-02 09:46:18.286 [restartedMain] INFO  o.s.scheduling.concurrent.ThreadPoolTaskExecutor - Initializing ExecutorService 'thread'
2021-08-02 09:46:18.995 [restartedMain] INFO  o.s.security.web.DefaultSecurityFilterChain - Will secure any request with [org.springframework.security.web.context.request.async.WebAsyncManagerIntegrationFilter@f47a4e1, org.springframework.security.web.context.SecurityContextPersistenceFilter@7295c312, org.springframework.security.web.header.HeaderWriterFilter@603ec9df, org.springframework.security.web.authentication.logout.LogoutFilter@17fbea63, com.sybedu.syb.sso.config.security.config.LindTokenAuthenticationFilter@368943a6, org.springframework.security.web.savedrequest.RequestCacheAwareFilter@1fc2539b, org.springframework.security.web.servletapi.SecurityContextHolderAwareRequestFilter@1e77d09b, org.springframework.security.web.authentication.AnonymousAuthenticationFilter@592ed0e0, org.springframework.security.web.session.SessionManagementFilter@705cd965, org.springframework.security.web.access.ExceptionTranslationFilter@156a02c1, org.springframework.security.web.access.intercept.FilterSecurityInterceptor@5aaf050d]
2021-08-02 09:46:19.538 [restartedMain] INFO  o.s.b.d.autoconfigure.OptionalLiveReloadServer - LiveReload server is running on port 35729
2021-08-02 09:46:20.060 [restartedMain] INFO  org.apache.coyote.http11.Http11NioProtocol - Starting ProtocolHandler ["http-nio-8080"]
2021-08-02 09:46:20.076 [restartedMain] INFO  o.s.boot.web.embedded.tomcat.TomcatWebServer - Tomcat started on port(s): 8080 (http) with context path ''
2021-08-02 09:46:20.837 [restartedMain] INFO  o.s.s.a.ScheduledAnnotationBeanPostProcessor - No TaskScheduler/ScheduledExecutorService bean found for scheduled processing
2021-08-02 09:46:20.866 [restartedMain] INFO  com.sybedu.syb.sso.SybSSOApplication - Started SybSSOApplication in 6.907 seconds (JVM running for 8.001)
2021-08-02 09:46:58.632 [http-nio-8080-exec-1] INFO  o.a.c.core.ContainerBase.[Tomcat].[localhost].[/] - Initializing Spring DispatcherServlet 'dispatcherServlet'
2021-08-02 09:46:58.633 [http-nio-8080-exec-1] INFO  org.springframework.web.servlet.DispatcherServlet - Initializing Servlet 'dispatcherServlet'
2021-08-02 09:46:58.634 [http-nio-8080-exec-1] INFO  org.springframework.web.servlet.DispatcherServlet - Completed initialization in 1 ms
2021-08-02 09:55:29.769 [http-nio-8080-exec-6] INFO  com.zaxxer.hikari.HikariDataSource - syb-sso-database-connection-pool - Starting...
2021-08-02 09:55:29.973 [http-nio-8080-exec-6] INFO  com.zaxxer.hikari.HikariDataSource - syb-sso-database-connection-pool - Start completed.
2021-08-02 09:55:30.095 [http-nio-8080-exec-6] INFO  c.s.syb.sso.service.impl.UserDetailsServiceImpl - user = org.springframework.security.core.userdetails.User [Username=zhangdong, Password=[PROTECTED], Enabled=true, AccountNonExpired=true, credentialsNonExpired=true, AccountNonLocked=true, Granted Authorities=[10, 11, 9, ADMIN, USER]]
2021-08-02 09:55:30.223 [http-nio-8080-exec-6] INFO  c.s.syb.sso.service.impl.UserDetailsServiceImpl - user = org.springframework.security.core.userdetails.User [Username=zhangdong, Password=[PROTECTED], Enabled=true, AccountNonExpired=true, credentialsNonExpired=true, AccountNonLocked=true, Granted Authorities=[10, 11, 9, ADMIN, USER]]
2021-08-02 09:57:07.812 [restartedMain] INFO  com.sybedu.syb.sso.SybSSOApplication - Starting SybSSOApplication using Java 11.0.2 on DESKTOP-PENBIRK with PID 20388 (E:\Version Control\Git Work Space\GitHub\springboot\syb_sso\target\classes started by kefu in E:\Version Control\Git Work Space\GitHub\springboot\syb_sso)
2021-08-02 09:57:07.813 [restartedMain] INFO  com.sybedu.syb.sso.SybSSOApplication - The following profiles are active: dev
2021-08-02 09:57:07.844 [restartedMain] INFO  o.s.b.d.env.DevToolsPropertyDefaultsPostProcessor - Devtools property defaults active! Set 'spring.devtools.add-properties' to 'false' to disable
2021-08-02 09:57:07.844 [restartedMain] INFO  o.s.b.d.env.DevToolsPropertyDefaultsPostProcessor - For additional web related logging consider setting the 'logging.level.web' property to 'DEBUG'
2021-08-02 09:57:08.308 [restartedMain] INFO  o.s.d.r.config.RepositoryConfigurationDelegate - Multiple Spring Data modules found, entering strict repository configuration mode!
2021-08-02 09:57:08.309 [restartedMain] INFO  o.s.d.r.config.RepositoryConfigurationDelegate - Bootstrapping Spring Data Redis repositories in DEFAULT mode.
2021-08-02 09:57:08.325 [restartedMain] INFO  o.s.d.r.config.RepositoryConfigurationDelegate - Finished Spring Data repository scanning in 8 ms. Found 0 Redis repository interfaces.
2021-08-02 09:57:08.452 [restartedMain] INFO  o.springframework.cloud.context.scope.GenericScope - BeanFactory id=a0a0f47b-5d13-3bd1-a092-530a1681ac1b
2021-08-02 09:57:08.470 [restartedMain] INFO  o.s.c.s.PostProcessorRegistrationDelegate$BeanPostProcessorChecker - Bean 'threadPoolConfig' of type [com.sybedu.syb.sso.config.async.ThreadPoolConfig$$EnhancerBySpringCGLIB$$366b8d60] is not eligible for getting processed by all BeanPostProcessors (for example: not eligible for auto-proxying)
2021-08-02 09:57:08.541 [restartedMain] INFO  o.s.c.s.PostProcessorRegistrationDelegate$BeanPostProcessorChecker - Bean 'org.springframework.security.access.expression.method.DefaultMethodSecurityExpressionHandler@43d8382a' of type [org.springframework.security.access.expression.method.DefaultMethodSecurityExpressionHandler] is not eligible for getting processed by all BeanPostProcessors (for example: not eligible for auto-proxying)
2021-08-02 09:57:08.543 [restartedMain] INFO  o.s.c.s.PostProcessorRegistrationDelegate$BeanPostProcessorChecker - Bean 'methodSecurityMetadataSource' of type [org.springframework.security.access.method.DelegatingMethodSecurityMetadataSource] is not eligible for getting processed by all BeanPostProcessors (for example: not eligible for auto-proxying)
2021-08-02 09:57:08.550 [restartedMain] INFO  o.s.c.s.PostProcessorRegistrationDelegate$BeanPostProcessorChecker - Bean 'redisConfig' of type [com.sybedu.syb.sso.config.redis.RedisConfig$$EnhancerBySpringCGLIB$$e95b4188] is not eligible for getting processed by all BeanPostProcessors (for example: not eligible for auto-proxying)
2021-08-02 09:57:08.814 [restartedMain] INFO  o.s.boot.web.embedded.tomcat.TomcatWebServer - Tomcat initialized with port(s): 8080 (http)
2021-08-02 09:57:08.819 [restartedMain] INFO  org.apache.coyote.http11.Http11NioProtocol - Initializing ProtocolHandler ["http-nio-8080"]
2021-08-02 09:57:08.819 [restartedMain] INFO  org.apache.catalina.core.StandardService - Starting service [Tomcat]
2021-08-02 09:57:08.819 [restartedMain] INFO  org.apache.catalina.core.StandardEngine - Starting Servlet engine: [Apache Tomcat/9.0.39]
2021-08-02 09:57:08.880 [restartedMain] INFO  o.a.c.core.ContainerBase.[Tomcat].[localhost].[/] - Initializing Spring embedded WebApplicationContext
2021-08-02 09:57:08.881 [restartedMain] INFO  o.s.b.w.s.c.ServletWebServerApplicationContext - Root WebApplicationContext: initialization completed in 1036 ms
2021-08-02 09:57:09.727 [restartedMain] INFO  o.s.scheduling.concurrent.ThreadPoolTaskExecutor - Initializing ExecutorService 'thread'
2021-08-02 09:57:10.255 [restartedMain] INFO  o.s.security.web.DefaultSecurityFilterChain - Will secure any request with [org.springframework.security.web.context.request.async.WebAsyncManagerIntegrationFilter@1de412a1, org.springframework.security.web.context.SecurityContextPersistenceFilter@44576043, org.springframework.security.web.header.HeaderWriterFilter@490f0fca, org.springframework.security.web.authentication.logout.LogoutFilter@4025a125, com.sybedu.syb.sso.config.security.config.LindTokenAuthenticationFilter@2bc1de13, org.springframework.security.web.savedrequest.RequestCacheAwareFilter@3aae9a35, org.springframework.security.web.servletapi.SecurityContextHolderAwareRequestFilter@56b38850, org.springframework.security.web.authentication.AnonymousAuthenticationFilter@205dc73b, org.springframework.security.web.session.SessionManagementFilter@4182a41d, org.springframework.security.web.access.ExceptionTranslationFilter@7861dc63, org.springframework.security.web.access.intercept.FilterSecurityInterceptor@30d1fe4a]
2021-08-02 09:57:10.673 [restartedMain] INFO  o.s.b.d.autoconfigure.OptionalLiveReloadServer - LiveReload server is running on port 35729
2021-08-02 09:57:11.021 [restartedMain] INFO  org.apache.coyote.http11.Http11NioProtocol - Starting ProtocolHandler ["http-nio-8080"]
2021-08-02 09:57:11.027 [restartedMain] INFO  o.s.boot.web.embedded.tomcat.TomcatWebServer - Tomcat started on port(s): 8080 (http) with context path ''
2021-08-02 09:57:11.774 [restartedMain] INFO  o.s.s.a.ScheduledAnnotationBeanPostProcessor - No TaskScheduler/ScheduledExecutorService bean found for scheduled processing
2021-08-02 09:57:11.779 [restartedMain] INFO  com.sybedu.syb.sso.SybSSOApplication - Started SybSSOApplication in 4.42 seconds (JVM running for 5.028)
2021-08-02 09:59:35.889 [restartedMain] INFO  com.sybedu.syb.sso.SybSSOApplication - Starting SybSSOApplication using Java 11.0.2 on DESKTOP-PENBIRK with PID 20008 (E:\Version Control\Git Work Space\GitHub\springboot\syb_sso\target\classes started by kefu in E:\Version Control\Git Work Space\GitHub\springboot\syb_sso)
2021-08-02 09:59:35.890 [restartedMain] INFO  com.sybedu.syb.sso.SybSSOApplication - The following profiles are active: dev
2021-08-02 09:59:35.924 [restartedMain] INFO  o.s.b.d.env.DevToolsPropertyDefaultsPostProcessor - Devtools property defaults active! Set 'spring.devtools.add-properties' to 'false' to disable
2021-08-02 09:59:35.924 [restartedMain] INFO  o.s.b.d.env.DevToolsPropertyDefaultsPostProcessor - For additional web related logging consider setting the 'logging.level.web' property to 'DEBUG'
2021-08-02 09:59:36.398 [restartedMain] INFO  o.s.d.r.config.RepositoryConfigurationDelegate - Multiple Spring Data modules found, entering strict repository configuration mode!
2021-08-02 09:59:36.399 [restartedMain] INFO  o.s.d.r.config.RepositoryConfigurationDelegate - Bootstrapping Spring Data Redis repositories in DEFAULT mode.
2021-08-02 09:59:36.415 [restartedMain] INFO  o.s.d.r.config.RepositoryConfigurationDelegate - Finished Spring Data repository scanning in 8 ms. Found 0 Redis repository interfaces.
2021-08-02 09:59:36.546 [restartedMain] INFO  o.springframework.cloud.context.scope.GenericScope - BeanFactory id=a0a0f47b-5d13-3bd1-a092-530a1681ac1b
2021-08-02 09:59:36.566 [restartedMain] INFO  o.s.c.s.PostProcessorRegistrationDelegate$BeanPostProcessorChecker - Bean 'threadPoolConfig' of type [com.sybedu.syb.sso.config.async.ThreadPoolConfig$$EnhancerBySpringCGLIB$$65e754ae] is not eligible for getting processed by all BeanPostProcessors (for example: not eligible for auto-proxying)
2021-08-02 09:59:36.649 [restartedMain] INFO  o.s.c.s.PostProcessorRegistrationDelegate$BeanPostProcessorChecker - Bean 'org.springframework.security.access.expression.method.DefaultMethodSecurityExpressionHandler@4e2680d' of type [org.springframework.security.access.expression.method.DefaultMethodSecurityExpressionHandler] is not eligible for getting processed by all BeanPostProcessors (for example: not eligible for auto-proxying)
2021-08-02 09:59:36.652 [restartedMain] INFO  o.s.c.s.PostProcessorRegistrationDelegate$BeanPostProcessorChecker - Bean 'methodSecurityMetadataSource' of type [org.springframework.security.access.method.DelegatingMethodSecurityMetadataSource] is not eligible for getting processed by all BeanPostProcessors (for example: not eligible for auto-proxying)
2021-08-02 09:59:36.659 [restartedMain] INFO  o.s.c.s.PostProcessorRegistrationDelegate$BeanPostProcessorChecker - Bean 'redisConfig' of type [com.sybedu.syb.sso.config.redis.RedisConfig$$EnhancerBySpringCGLIB$$18d708d6] is not eligible for getting processed by all BeanPostProcessors (for example: not eligible for auto-proxying)
2021-08-02 09:59:36.920 [restartedMain] INFO  o.s.boot.web.embedded.tomcat.TomcatWebServer - Tomcat initialized with port(s): 8080 (http)
2021-08-02 09:59:36.925 [restartedMain] INFO  org.apache.coyote.http11.Http11NioProtocol - Initializing ProtocolHandler ["http-nio-8080"]
2021-08-02 09:59:36.926 [restartedMain] INFO  org.apache.catalina.core.StandardService - Starting service [Tomcat]
2021-08-02 09:59:36.926 [restartedMain] INFO  org.apache.catalina.core.StandardEngine - Starting Servlet engine: [Apache Tomcat/9.0.39]
2021-08-02 09:59:36.990 [restartedMain] INFO  o.a.c.core.ContainerBase.[Tomcat].[localhost].[/] - Initializing Spring embedded WebApplicationContext
2021-08-02 09:59:36.990 [restartedMain] INFO  o.s.b.w.s.c.ServletWebServerApplicationContext - Root WebApplicationContext: initialization completed in 1066 ms
2021-08-02 09:59:37.887 [restartedMain] INFO  o.s.scheduling.concurrent.ThreadPoolTaskExecutor - Initializing ExecutorService 'thread'
2021-08-02 09:59:38.373 [restartedMain] INFO  o.s.security.web.DefaultSecurityFilterChain - Will secure any request with [org.springframework.security.web.context.request.async.WebAsyncManagerIntegrationFilter@6ac4c4e2, org.springframework.security.web.context.SecurityContextPersistenceFilter@6014eb32, org.springframework.security.web.header.HeaderWriterFilter@663885ef, org.springframework.security.web.authentication.logout.LogoutFilter@124ac72d, com.sybedu.syb.sso.config.security.config.LindTokenAuthenticationFilter@93ef70e, org.springframework.security.web.savedrequest.RequestCacheAwareFilter@335a029f, org.springframework.security.web.servletapi.SecurityContextHolderAwareRequestFilter@4dc5342, org.springframework.security.web.authentication.AnonymousAuthenticationFilter@5fd74e1c, org.springframework.security.web.session.SessionManagementFilter@7a787939, org.springframework.security.web.access.ExceptionTranslationFilter@2dfa5ce6, org.springframework.security.web.access.intercept.FilterSecurityInterceptor@19d21c27]
2021-08-02 09:59:38.803 [restartedMain] INFO  o.s.b.d.autoconfigure.OptionalLiveReloadServer - LiveReload server is running on port 35729
2021-08-02 09:59:39.135 [restartedMain] INFO  org.apache.coyote.http11.Http11NioProtocol - Starting ProtocolHandler ["http-nio-8080"]
2021-08-02 09:59:39.141 [restartedMain] INFO  o.s.boot.web.embedded.tomcat.TomcatWebServer - Tomcat started on port(s): 8080 (http) with context path ''
2021-08-02 09:59:39.888 [restartedMain] INFO  o.s.s.a.ScheduledAnnotationBeanPostProcessor - No TaskScheduler/ScheduledExecutorService bean found for scheduled processing
2021-08-02 09:59:39.894 [restartedMain] INFO  com.sybedu.syb.sso.SybSSOApplication - Started SybSSOApplication in 4.472 seconds (JVM running for 5.081)
2021-08-02 09:59:52.040 [restartedMain] INFO  com.sybedu.syb.sso.SybSSOApplication - Starting SybSSOApplication using Java 11.0.2 on DESKTOP-PENBIRK with PID 1952 (E:\Version Control\Git Work Space\GitHub\springboot\syb_sso\target\classes started by kefu in E:\Version Control\Git Work Space\GitHub\springboot\syb_sso)
2021-08-02 09:59:52.040 [restartedMain] INFO  com.sybedu.syb.sso.SybSSOApplication - The following profiles are active: dev
2021-08-02 09:59:52.070 [restartedMain] INFO  o.s.b.d.env.DevToolsPropertyDefaultsPostProcessor - Devtools property defaults active! Set 'spring.devtools.add-properties' to 'false' to disable
2021-08-02 09:59:52.070 [restartedMain] INFO  o.s.b.d.env.DevToolsPropertyDefaultsPostProcessor - For additional web related logging consider setting the 'logging.level.web' property to 'DEBUG'
2021-08-02 09:59:52.523 [restartedMain] INFO  o.s.d.r.config.RepositoryConfigurationDelegate - Multiple Spring Data modules found, entering strict repository configuration mode!
2021-08-02 09:59:52.524 [restartedMain] INFO  o.s.d.r.config.RepositoryConfigurationDelegate - Bootstrapping Spring Data Redis repositories in DEFAULT mode.
2021-08-02 09:59:52.539 [restartedMain] INFO  o.s.d.r.config.RepositoryConfigurationDelegate - Finished Spring Data repository scanning in 8 ms. Found 0 Redis repository interfaces.
2021-08-02 09:59:52.662 [restartedMain] INFO  o.springframework.cloud.context.scope.GenericScope - BeanFactory id=a0a0f47b-5d13-3bd1-a092-530a1681ac1b
2021-08-02 09:59:52.680 [restartedMain] INFO  o.s.c.s.PostProcessorRegistrationDelegate$BeanPostProcessorChecker - Bean 'threadPoolConfig' of type [com.sybedu.syb.sso.config.async.ThreadPoolConfig$$EnhancerBySpringCGLIB$$c3a21bdb] is not eligible for getting processed by all BeanPostProcessors (for example: not eligible for auto-proxying)
2021-08-02 09:59:52.750 [restartedMain] INFO  o.s.c.s.PostProcessorRegistrationDelegate$BeanPostProcessorChecker - Bean 'org.springframework.security.access.expression.method.DefaultMethodSecurityExpressionHandler@2877f564' of type [org.springframework.security.access.expression.method.DefaultMethodSecurityExpressionHandler] is not eligible for getting processed by all BeanPostProcessors (for example: not eligible for auto-proxying)
2021-08-02 09:59:52.753 [restartedMain] INFO  o.s.c.s.PostProcessorRegistrationDelegate$BeanPostProcessorChecker - Bean 'methodSecurityMetadataSource' of type [org.springframework.security.access.method.DelegatingMethodSecurityMetadataSource] is not eligible for getting processed by all BeanPostProcessors (for example: not eligible for auto-proxying)
2021-08-02 09:59:52.760 [restartedMain] INFO  o.s.c.s.PostProcessorRegistrationDelegate$BeanPostProcessorChecker - Bean 'redisConfig' of type [com.sybedu.syb.sso.config.redis.RedisConfig$$EnhancerBySpringCGLIB$$7691d003] is not eligible for getting processed by all BeanPostProcessors (for example: not eligible for auto-proxying)
2021-08-02 09:59:53.020 [restartedMain] INFO  o.s.boot.web.embedded.tomcat.TomcatWebServer - Tomcat initialized with port(s): 8080 (http)
2021-08-02 09:59:53.026 [restartedMain] INFO  org.apache.coyote.http11.Http11NioProtocol - Initializing ProtocolHandler ["http-nio-8080"]
2021-08-02 09:59:53.026 [restartedMain] INFO  org.apache.catalina.core.StandardService - Starting service [Tomcat]
2021-08-02 09:59:53.026 [restartedMain] INFO  org.apache.catalina.core.StandardEngine - Starting Servlet engine: [Apache Tomcat/9.0.39]
2021-08-02 09:59:53.087 [restartedMain] INFO  o.a.c.core.ContainerBase.[Tomcat].[localhost].[/] - Initializing Spring embedded WebApplicationContext
2021-08-02 09:59:53.087 [restartedMain] INFO  o.s.b.w.s.c.ServletWebServerApplicationContext - Root WebApplicationContext: initialization completed in 1016 ms
2021-08-02 09:59:53.917 [restartedMain] INFO  o.s.scheduling.concurrent.ThreadPoolTaskExecutor - Initializing ExecutorService 'thread'
2021-08-02 09:59:54.394 [restartedMain] INFO  o.s.security.web.DefaultSecurityFilterChain - Will secure any request with [org.springframework.security.web.context.request.async.WebAsyncManagerIntegrationFilter@76527a2b, org.springframework.security.web.context.SecurityContextPersistenceFilter@41d8364f, org.springframework.security.web.header.HeaderWriterFilter@4796e9d5, org.springframework.security.web.authentication.logout.LogoutFilter@44f550a9, com.sybedu.syb.sso.config.security.config.LindTokenAuthenticationFilter@23e748cb, org.springframework.security.web.savedrequest.RequestCacheAwareFilter@6a82f094, org.springframework.security.web.servletapi.SecurityContextHolderAwareRequestFilter@530e5613, org.springframework.security.web.authentication.AnonymousAuthenticationFilter@6f12a8e9, org.springframework.security.web.session.SessionManagementFilter@457e46d0, org.springframework.security.web.access.ExceptionTranslationFilter@1f9c479c, org.springframework.security.web.access.intercept.FilterSecurityInterceptor@63d871a4]
2021-08-02 09:59:54.806 [restartedMain] INFO  o.s.b.d.autoconfigure.OptionalLiveReloadServer - LiveReload server is running on port 35729
2021-08-02 09:59:55.168 [restartedMain] INFO  org.apache.coyote.http11.Http11NioProtocol - Starting ProtocolHandler ["http-nio-8080"]
2021-08-02 09:59:55.174 [restartedMain] INFO  o.s.boot.web.embedded.tomcat.TomcatWebServer - Tomcat started on port(s): 8080 (http) with context path ''
2021-08-02 09:59:55.947 [restartedMain] INFO  o.s.s.a.ScheduledAnnotationBeanPostProcessor - No TaskScheduler/ScheduledExecutorService bean found for scheduled processing
2021-08-02 09:59:55.952 [restartedMain] INFO  com.sybedu.syb.sso.SybSSOApplication - Started SybSSOApplication in 4.362 seconds (JVM running for 4.969)
2021-08-02 10:00:03.670 [http-nio-8080-exec-1] INFO  o.a.c.core.ContainerBase.[Tomcat].[localhost].[/] - Initializing Spring DispatcherServlet 'dispatcherServlet'
2021-08-02 10:00:03.671 [http-nio-8080-exec-1] INFO  org.springframework.web.servlet.DispatcherServlet - Initializing Servlet 'dispatcherServlet'
2021-08-02 10:00:03.672 [http-nio-8080-exec-1] INFO  org.springframework.web.servlet.DispatcherServlet - Completed initialization in 1 ms
2021-08-02 10:00:03.800 [http-nio-8080-exec-1] INFO  com.zaxxer.hikari.HikariDataSource - syb-sso-database-connection-pool - Starting...
2021-08-02 10:00:03.866 [http-nio-8080-exec-1] INFO  com.zaxxer.hikari.HikariDataSource - syb-sso-database-connection-pool - Start completed.
2021-08-02 10:00:03.959 [http-nio-8080-exec-1] INFO  c.s.syb.sso.service.impl.UserDetailsServiceImpl - user = org.springframework.security.core.userdetails.User [Username=zhangdong, Password=[PROTECTED], Enabled=true, AccountNonExpired=true, credentialsNonExpired=true, AccountNonLocked=true, Granted Authorities=[10, 11, 9, ADMIN, USER]]
2021-08-02 10:00:04.088 [http-nio-8080-exec-1] INFO  c.s.syb.sso.service.impl.UserDetailsServiceImpl - user = org.springframework.security.core.userdetails.User [Username=zhangdong, Password=[PROTECTED], Enabled=true, AccountNonExpired=true, credentialsNonExpired=true, AccountNonLocked=true, Granted Authorities=[10, 11, 9, ADMIN, USER]]
2021-08-02 10:00:26.843 [restartedMain] INFO  com.sybedu.syb.sso.SybSSOApplication - Starting SybSSOApplication using Java 11.0.2 on DESKTOP-PENBIRK with PID 15952 (E:\Version Control\Git Work Space\GitHub\springboot\syb_sso\target\classes started by kefu in E:\Version Control\Git Work Space\GitHub\springboot\syb_sso)
2021-08-02 10:00:26.844 [restartedMain] INFO  com.sybedu.syb.sso.SybSSOApplication - The following profiles are active: dev
2021-08-02 10:00:26.876 [restartedMain] INFO  o.s.b.d.env.DevToolsPropertyDefaultsPostProcessor - Devtools property defaults active! Set 'spring.devtools.add-properties' to 'false' to disable
2021-08-02 10:00:26.876 [restartedMain] INFO  o.s.b.d.env.DevToolsPropertyDefaultsPostProcessor - For additional web related logging consider setting the 'logging.level.web' property to 'DEBUG'
2021-08-02 10:00:27.339 [restartedMain] INFO  o.s.d.r.config.RepositoryConfigurationDelegate - Multiple Spring Data modules found, entering strict repository configuration mode!
2021-08-02 10:00:27.340 [restartedMain] INFO  o.s.d.r.config.RepositoryConfigurationDelegate - Bootstrapping Spring Data Redis repositories in DEFAULT mode.
2021-08-02 10:00:27.356 [restartedMain] INFO  o.s.d.r.config.RepositoryConfigurationDelegate - Finished Spring Data repository scanning in 8 ms. Found 0 Redis repository interfaces.
2021-08-02 10:00:27.482 [restartedMain] INFO  o.springframework.cloud.context.scope.GenericScope - BeanFactory id=a0a0f47b-5d13-3bd1-a092-530a1681ac1b
2021-08-02 10:00:27.500 [restartedMain] INFO  o.s.c.s.PostProcessorRegistrationDelegate$BeanPostProcessorChecker - Bean 'threadPoolConfig' of type [com.sybedu.syb.sso.config.async.ThreadPoolConfig$$EnhancerBySpringCGLIB$$cfb3a632] is not eligible for getting processed by all BeanPostProcessors (for example: not eligible for auto-proxying)
2021-08-02 10:00:27.573 [restartedMain] INFO  o.s.c.s.PostProcessorRegistrationDelegate$BeanPostProcessorChecker - Bean 'org.springframework.security.access.expression.method.DefaultMethodSecurityExpressionHandler@2742bcc6' of type [org.springframework.security.access.expression.method.DefaultMethodSecurityExpressionHandler] is not eligible for getting processed by all BeanPostProcessors (for example: not eligible for auto-proxying)
2021-08-02 10:00:27.575 [restartedMain] INFO  o.s.c.s.PostProcessorRegistrationDelegate$BeanPostProcessorChecker - Bean 'methodSecurityMetadataSource' of type [org.springframework.security.access.method.DelegatingMethodSecurityMetadataSource] is not eligible for getting processed by all BeanPostProcessors (for example: not eligible for auto-proxying)
2021-08-02 10:00:27.582 [restartedMain] INFO  o.s.c.s.PostProcessorRegistrationDelegate$BeanPostProcessorChecker - Bean 'redisConfig' of type [com.sybedu.syb.sso.config.redis.RedisConfig$$EnhancerBySpringCGLIB$$82a35a5a] is not eligible for getting processed by all BeanPostProcessors (for example: not eligible for auto-proxying)
2021-08-02 10:00:27.846 [restartedMain] INFO  o.s.boot.web.embedded.tomcat.TomcatWebServer - Tomcat initialized with port(s): 8080 (http)
2021-08-02 10:00:27.851 [restartedMain] INFO  org.apache.coyote.http11.Http11NioProtocol - Initializing ProtocolHandler ["http-nio-8080"]
2021-08-02 10:00:27.851 [restartedMain] INFO  org.apache.catalina.core.StandardService - Starting service [Tomcat]
2021-08-02 10:00:27.851 [restartedMain] INFO  org.apache.catalina.core.StandardEngine - Starting Servlet engine: [Apache Tomcat/9.0.39]
2021-08-02 10:00:27.912 [restartedMain] INFO  o.a.c.core.ContainerBase.[Tomcat].[localhost].[/] - Initializing Spring embedded WebApplicationContext
2021-08-02 10:00:27.912 [restartedMain] INFO  o.s.b.w.s.c.ServletWebServerApplicationContext - Root WebApplicationContext: initialization completed in 1036 ms
2021-08-02 10:00:28.808 [restartedMain] INFO  o.s.scheduling.concurrent.ThreadPoolTaskExecutor - Initializing ExecutorService 'thread'
2021-08-02 10:00:29.301 [restartedMain] INFO  o.s.security.web.DefaultSecurityFilterChain - Will secure any request with [org.springframework.security.web.context.request.async.WebAsyncManagerIntegrationFilter@249b8a60, org.springframework.security.web.context.SecurityContextPersistenceFilter@7962ce46, org.springframework.security.web.header.HeaderWriterFilter@442b8e9, org.springframework.security.web.authentication.logout.LogoutFilter@71c6ae8e, com.sybedu.syb.sso.config.security.config.LindTokenAuthenticationFilter@3bbb34b6, org.springframework.security.web.savedrequest.RequestCacheAwareFilter@82c1a01, org.springframework.security.web.servletapi.SecurityContextHolderAwareRequestFilter@5d0dbfa3, org.springframework.security.web.authentication.AnonymousAuthenticationFilter@2563f7e7, org.springframework.security.web.session.SessionManagementFilter@1aaa6215, org.springframework.security.web.access.ExceptionTranslationFilter@5b989842, org.springframework.security.web.access.intercept.FilterSecurityInterceptor@412ec6c0]
2021-08-02 10:00:29.759 [restartedMain] INFO  o.s.b.d.autoconfigure.OptionalLiveReloadServer - LiveReload server is running on port 35729
2021-08-02 10:00:30.105 [restartedMain] INFO  org.apache.coyote.http11.Http11NioProtocol - Starting ProtocolHandler ["http-nio-8080"]
2021-08-02 10:00:30.112 [restartedMain] INFO  o.s.boot.web.embedded.tomcat.TomcatWebServer - Tomcat started on port(s): 8080 (http) with context path ''
2021-08-02 10:00:30.861 [restartedMain] INFO  o.s.s.a.ScheduledAnnotationBeanPostProcessor - No TaskScheduler/ScheduledExecutorService bean found for scheduled processing
2021-08-02 10:00:30.867 [restartedMain] INFO  com.sybedu.syb.sso.SybSSOApplication - Started SybSSOApplication in 4.476 seconds (JVM running for 5.09)
2021-08-02 11:27:55.517 [http-nio-8080-exec-1] INFO  o.a.c.core.ContainerBase.[Tomcat].[localhost].[/] - Initializing Spring DispatcherServlet 'dispatcherServlet'
2021-08-02 11:27:55.517 [http-nio-8080-exec-1] INFO  org.springframework.web.servlet.DispatcherServlet - Initializing Servlet 'dispatcherServlet'
2021-08-02 11:27:55.519 [http-nio-8080-exec-1] INFO  org.springframework.web.servlet.DispatcherServlet - Completed initialization in 2 ms
2021-08-02 11:28:08.321 [restartedMain] INFO  com.sybedu.syb.sso.SybSSOApplication - Starting SybSSOApplication using Java 11.0.2 on DESKTOP-PENBIRK with PID 17148 (E:\Version Control\Git Work Space\GitHub\springboot\syb_sso\target\classes started by kefu in E:\Version Control\Git Work Space\GitHub\springboot\syb_sso)
2021-08-02 11:28:08.322 [restartedMain] INFO  com.sybedu.syb.sso.SybSSOApplication - The following profiles are active: dev
2021-08-02 11:28:08.353 [restartedMain] INFO  o.s.b.d.env.DevToolsPropertyDefaultsPostProcessor - Devtools property defaults active! Set 'spring.devtools.add-properties' to 'false' to disable
2021-08-02 11:28:08.353 [restartedMain] INFO  o.s.b.d.env.DevToolsPropertyDefaultsPostProcessor - For additional web related logging consider setting the 'logging.level.web' property to 'DEBUG'
2021-08-02 11:28:08.814 [restartedMain] INFO  o.s.d.r.config.RepositoryConfigurationDelegate - Multiple Spring Data modules found, entering strict repository configuration mode!
2021-08-02 11:28:08.815 [restartedMain] INFO  o.s.d.r.config.RepositoryConfigurationDelegate - Bootstrapping Spring Data Redis repositories in DEFAULT mode.
2021-08-02 11:28:08.831 [restartedMain] INFO  o.s.d.r.config.RepositoryConfigurationDelegate - Finished Spring Data repository scanning in 8 ms. Found 0 Redis repository interfaces.
2021-08-02 11:28:08.957 [restartedMain] INFO  o.springframework.cloud.context.scope.GenericScope - BeanFactory id=a0a0f47b-5d13-3bd1-a092-530a1681ac1b
2021-08-02 11:28:08.975 [restartedMain] INFO  o.s.c.s.PostProcessorRegistrationDelegate$BeanPostProcessorChecker - Bean 'threadPoolConfig' of type [com.sybedu.syb.sso.config.async.ThreadPoolConfig$$EnhancerBySpringCGLIB$$bfd275c1] is not eligible for getting processed by all BeanPostProcessors (for example: not eligible for auto-proxying)
2021-08-02 11:28:09.044 [restartedMain] INFO  o.s.c.s.PostProcessorRegistrationDelegate$BeanPostProcessorChecker - Bean 'org.springframework.security.access.expression.method.DefaultMethodSecurityExpressionHandler@68000dcd' of type [org.springframework.security.access.expression.method.DefaultMethodSecurityExpressionHandler] is not eligible for getting processed by all BeanPostProcessors (for example: not eligible for auto-proxying)
2021-08-02 11:28:09.046 [restartedMain] INFO  o.s.c.s.PostProcessorRegistrationDelegate$BeanPostProcessorChecker - Bean 'methodSecurityMetadataSource' of type [org.springframework.security.access.method.DelegatingMethodSecurityMetadataSource] is not eligible for getting processed by all BeanPostProcessors (for example: not eligible for auto-proxying)
2021-08-02 11:28:09.053 [restartedMain] INFO  o.s.c.s.PostProcessorRegistrationDelegate$BeanPostProcessorChecker - Bean 'redisConfig' of type [com.sybedu.syb.sso.config.redis.RedisConfig$$EnhancerBySpringCGLIB$$72c229e9] is not eligible for getting processed by all BeanPostProcessors (for example: not eligible for auto-proxying)
2021-08-02 11:28:09.306 [restartedMain] INFO  o.s.boot.web.embedded.tomcat.TomcatWebServer - Tomcat initialized with port(s): 8080 (http)
2021-08-02 11:28:09.311 [restartedMain] INFO  org.apache.coyote.http11.Http11NioProtocol - Initializing ProtocolHandler ["http-nio-8080"]
2021-08-02 11:28:09.311 [restartedMain] INFO  org.apache.catalina.core.StandardService - Starting service [Tomcat]
2021-08-02 11:28:09.311 [restartedMain] INFO  org.apache.catalina.core.StandardEngine - Starting Servlet engine: [Apache Tomcat/9.0.39]
2021-08-02 11:28:09.375 [restartedMain] INFO  o.a.c.core.ContainerBase.[Tomcat].[localhost].[/] - Initializing Spring embedded WebApplicationContext
2021-08-02 11:28:09.375 [restartedMain] INFO  o.s.b.w.s.c.ServletWebServerApplicationContext - Root WebApplicationContext: initialization completed in 1021 ms
2021-08-02 11:28:10.262 [restartedMain] INFO  o.s.scheduling.concurrent.ThreadPoolTaskExecutor - Initializing ExecutorService 'thread'
2021-08-02 11:28:10.747 [restartedMain] INFO  o.s.security.web.DefaultSecurityFilterChain - Will secure any request with [org.springframework.security.web.context.request.async.WebAsyncManagerIntegrationFilter@1030cab7, org.springframework.security.web.context.SecurityContextPersistenceFilter@702ac4d9, org.springframework.security.web.header.HeaderWriterFilter@3fd5ed2f, org.springframework.security.web.authentication.logout.LogoutFilter@5960bdce, com.sybedu.syb.sso.config.security.config.LindTokenAuthenticationFilter@204321d0, org.springframework.security.web.savedrequest.RequestCacheAwareFilter@284022ab, org.springframework.security.web.servletapi.SecurityContextHolderAwareRequestFilter@4233eec8, org.springframework.security.web.authentication.AnonymousAuthenticationFilter@50925a72, org.springframework.security.web.session.SessionManagementFilter@3f3c7091, org.springframework.security.web.access.ExceptionTranslationFilter@50dadac, org.springframework.security.web.access.intercept.FilterSecurityInterceptor@2f6fa496]
2021-08-02 11:28:11.170 [restartedMain] INFO  o.s.b.d.autoconfigure.OptionalLiveReloadServer - LiveReload server is running on port 35729
2021-08-02 11:28:11.512 [restartedMain] INFO  org.apache.coyote.http11.Http11NioProtocol - Starting ProtocolHandler ["http-nio-8080"]
2021-08-02 11:28:11.518 [restartedMain] INFO  o.s.boot.web.embedded.tomcat.TomcatWebServer - Tomcat started on port(s): 8080 (http) with context path ''
2021-08-02 11:28:12.267 [restartedMain] INFO  o.s.s.a.ScheduledAnnotationBeanPostProcessor - No TaskScheduler/ScheduledExecutorService bean found for scheduled processing
2021-08-02 11:28:12.273 [restartedMain] INFO  com.sybedu.syb.sso.SybSSOApplication - Started SybSSOApplication in 4.403 seconds (JVM running for 5.014)
2021-08-02 11:30:15.897 [restartedMain] INFO  com.sybedu.syb.sso.SybSSOApplication - Starting SybSSOApplication using Java 11.0.2 on DESKTOP-PENBIRK with PID 10736 (E:\Version Control\Git Work Space\GitHub\springboot\syb_sso\target\classes started by kefu in E:\Version Control\Git Work Space\GitHub\springboot\syb_sso)
2021-08-02 11:30:15.897 [restartedMain] INFO  com.sybedu.syb.sso.SybSSOApplication - The following profiles are active: dev
2021-08-02 11:30:15.929 [restartedMain] INFO  o.s.b.d.env.DevToolsPropertyDefaultsPostProcessor - Devtools property defaults active! Set 'spring.devtools.add-properties' to 'false' to disable
2021-08-02 11:30:15.929 [restartedMain] INFO  o.s.b.d.env.DevToolsPropertyDefaultsPostProcessor - For additional web related logging consider setting the 'logging.level.web' property to 'DEBUG'
2021-08-02 11:30:16.384 [restartedMain] INFO  o.s.d.r.config.RepositoryConfigurationDelegate - Multiple Spring Data modules found, entering strict repository configuration mode!
2021-08-02 11:30:16.385 [restartedMain] INFO  o.s.d.r.config.RepositoryConfigurationDelegate - Bootstrapping Spring Data Redis repositories in DEFAULT mode.
2021-08-02 11:30:16.401 [restartedMain] INFO  o.s.d.r.config.RepositoryConfigurationDelegate - Finished Spring Data repository scanning in 8 ms. Found 0 Redis repository interfaces.
2021-08-02 11:30:16.523 [restartedMain] INFO  o.springframework.cloud.context.scope.GenericScope - BeanFactory id=a0a0f47b-5d13-3bd1-a092-530a1681ac1b
2021-08-02 11:30:16.540 [restartedMain] INFO  o.s.c.s.PostProcessorRegistrationDelegate$BeanPostProcessorChecker - Bean 'threadPoolConfig' of type [com.sybedu.syb.sso.config.async.ThreadPoolConfig$$EnhancerBySpringCGLIB$$c6702b9b] is not eligible for getting processed by all BeanPostProcessors (for example: not eligible for auto-proxying)
2021-08-02 11:30:16.611 [restartedMain] INFO  o.s.c.s.PostProcessorRegistrationDelegate$BeanPostProcessorChecker - Bean 'org.springframework.security.access.expression.method.DefaultMethodSecurityExpressionHandler@45283d3' of type [org.springframework.security.access.expression.method.DefaultMethodSecurityExpressionHandler] is not eligible for getting processed by all BeanPostProcessors (for example: not eligible for auto-proxying)
2021-08-02 11:30:16.613 [restartedMain] INFO  o.s.c.s.PostProcessorRegistrationDelegate$BeanPostProcessorChecker - Bean 'methodSecurityMetadataSource' of type [org.springframework.security.access.method.DelegatingMethodSecurityMetadataSource] is not eligible for getting processed by all BeanPostProcessors (for example: not eligible for auto-proxying)
2021-08-02 11:30:16.621 [restartedMain] INFO  o.s.c.s.PostProcessorRegistrationDelegate$BeanPostProcessorChecker - Bean 'redisConfig' of type [com.sybedu.syb.sso.config.redis.RedisConfig$$EnhancerBySpringCGLIB$$795fdfc3] is not eligible for getting processed by all BeanPostProcessors (for example: not eligible for auto-proxying)
2021-08-02 11:30:16.878 [restartedMain] INFO  o.s.boot.web.embedded.tomcat.TomcatWebServer - Tomcat initialized with port(s): 8080 (http)
2021-08-02 11:30:16.883 [restartedMain] INFO  org.apache.coyote.http11.Http11NioProtocol - Initializing ProtocolHandler ["http-nio-8080"]
2021-08-02 11:30:16.883 [restartedMain] INFO  org.apache.catalina.core.StandardService - Starting service [Tomcat]
2021-08-02 11:30:16.883 [restartedMain] INFO  org.apache.catalina.core.StandardEngine - Starting Servlet engine: [Apache Tomcat/9.0.39]
2021-08-02 11:30:16.943 [restartedMain] INFO  o.a.c.core.ContainerBase.[Tomcat].[localhost].[/] - Initializing Spring embedded WebApplicationContext
2021-08-02 11:30:16.943 [restartedMain] INFO  o.s.b.w.s.c.ServletWebServerApplicationContext - Root WebApplicationContext: initialization completed in 1013 ms
2021-08-02 11:30:17.756 [restartedMain] INFO  o.s.scheduling.concurrent.ThreadPoolTaskExecutor - Initializing ExecutorService 'thread'
2021-08-02 11:30:18.249 [restartedMain] INFO  o.s.security.web.DefaultSecurityFilterChain - Will secure any request with [org.springframework.security.web.context.request.async.WebAsyncManagerIntegrationFilter@68ca7b63, org.springframework.security.web.context.SecurityContextPersistenceFilter@448b8ae2, org.springframework.security.web.header.HeaderWriterFilter@5bccf275, org.springframework.security.web.authentication.logout.LogoutFilter@5477fedc, com.sybedu.syb.sso.config.security.config.LindTokenAuthenticationFilter@490390d3, org.springframework.security.web.savedrequest.RequestCacheAwareFilter@255fe638, org.springframework.security.web.servletapi.SecurityContextHolderAwareRequestFilter@2f32cc03, org.springframework.security.web.authentication.AnonymousAuthenticationFilter@30d12a81, org.springframework.security.web.session.SessionManagementFilter@209b0123, org.springframework.security.web.access.ExceptionTranslationFilter@b451bf4, org.springframework.security.web.access.intercept.FilterSecurityInterceptor@eaa09e7]
2021-08-02 11:30:18.660 [restartedMain] INFO  o.s.b.d.autoconfigure.OptionalLiveReloadServer - LiveReload server is running on port 35729
2021-08-02 11:30:18.994 [restartedMain] INFO  org.apache.coyote.http11.Http11NioProtocol - Starting ProtocolHandler ["http-nio-8080"]
2021-08-02 11:30:19.000 [restartedMain] INFO  o.s.boot.web.embedded.tomcat.TomcatWebServer - Tomcat started on port(s): 8080 (http) with context path ''
2021-08-02 11:30:19.744 [restartedMain] INFO  o.s.s.a.ScheduledAnnotationBeanPostProcessor - No TaskScheduler/ScheduledExecutorService bean found for scheduled processing
2021-08-02 11:30:19.749 [restartedMain] INFO  com.sybedu.syb.sso.SybSSOApplication - Started SybSSOApplication in 4.304 seconds (JVM running for 4.911)
2021-08-02 11:32:42.391 [http-nio-8080-exec-1] INFO  o.a.c.core.ContainerBase.[Tomcat].[localhost].[/] - Initializing Spring DispatcherServlet 'dispatcherServlet'
2021-08-02 11:32:42.392 [http-nio-8080-exec-1] INFO  org.springframework.web.servlet.DispatcherServlet - Initializing Servlet 'dispatcherServlet'
2021-08-02 11:32:42.393 [http-nio-8080-exec-1] INFO  org.springframework.web.servlet.DispatcherServlet - Completed initialization in 1 ms
2021-08-02 11:43:49.989 [restartedMain] INFO  com.sybedu.syb.sso.SybSSOApplication - Starting SybSSOApplication using Java 11.0.2 on DESKTOP-PENBIRK with PID 12788 (E:\Version Control\Git Work Space\GitHub\springboot\syb_sso\target\classes started by kefu in E:\Version Control\Git Work Space\GitHub\springboot\syb_sso)
2021-08-02 11:43:49.990 [restartedMain] INFO  com.sybedu.syb.sso.SybSSOApplication - The following profiles are active: dev
2021-08-02 11:43:50.021 [restartedMain] INFO  o.s.b.d.env.DevToolsPropertyDefaultsPostProcessor - Devtools property defaults active! Set 'spring.devtools.add-properties' to 'false' to disable
2021-08-02 11:43:50.021 [restartedMain] INFO  o.s.b.d.env.DevToolsPropertyDefaultsPostProcessor - For additional web related logging consider setting the 'logging.level.web' property to 'DEBUG'
2021-08-02 11:43:50.481 [restartedMain] INFO  o.s.d.r.config.RepositoryConfigurationDelegate - Multiple Spring Data modules found, entering strict repository configuration mode!
2021-08-02 11:43:50.482 [restartedMain] INFO  o.s.d.r.config.RepositoryConfigurationDelegate - Bootstrapping Spring Data Redis repositories in DEFAULT mode.
2021-08-02 11:43:50.498 [restartedMain] INFO  o.s.d.r.config.RepositoryConfigurationDelegate - Finished Spring Data repository scanning in 8 ms. Found 0 Redis repository interfaces.
2021-08-02 11:43:50.624 [restartedMain] INFO  o.springframework.cloud.context.scope.GenericScope - BeanFactory id=a0a0f47b-5d13-3bd1-a092-530a1681ac1b
2021-08-02 11:43:50.642 [restartedMain] INFO  o.s.c.s.PostProcessorRegistrationDelegate$BeanPostProcessorChecker - Bean 'threadPoolConfig' of type [com.sybedu.syb.sso.config.async.ThreadPoolConfig$$EnhancerBySpringCGLIB$$5bcbf170] is not eligible for getting processed by all BeanPostProcessors (for example: not eligible for auto-proxying)
2021-08-02 11:43:50.714 [restartedMain] INFO  o.s.c.s.PostProcessorRegistrationDelegate$BeanPostProcessorChecker - Bean 'org.springframework.security.access.expression.method.DefaultMethodSecurityExpressionHandler@1f43f206' of type [org.springframework.security.access.expression.method.DefaultMethodSecurityExpressionHandler] is not eligible for getting processed by all BeanPostProcessors (for example: not eligible for auto-proxying)
2021-08-02 11:43:50.716 [restartedMain] INFO  o.s.c.s.PostProcessorRegistrationDelegate$BeanPostProcessorChecker - Bean 'methodSecurityMetadataSource' of type [org.springframework.security.access.method.DelegatingMethodSecurityMetadataSource] is not eligible for getting processed by all BeanPostProcessors (for example: not eligible for auto-proxying)
2021-08-02 11:43:50.724 [restartedMain] INFO  o.s.c.s.PostProcessorRegistrationDelegate$BeanPostProcessorChecker - Bean 'redisConfig' of type [com.sybedu.syb.sso.config.redis.RedisConfig$$EnhancerBySpringCGLIB$$ebba598] is not eligible for getting processed by all BeanPostProcessors (for example: not eligible for auto-proxying)
2021-08-02 11:43:50.987 [restartedMain] INFO  o.s.boot.web.embedded.tomcat.TomcatWebServer - Tomcat initialized with port(s): 8080 (http)
2021-08-02 11:43:50.993 [restartedMain] INFO  org.apache.coyote.http11.Http11NioProtocol - Initializing ProtocolHandler ["http-nio-8080"]
2021-08-02 11:43:50.993 [restartedMain] INFO  org.apache.catalina.core.StandardService - Starting service [Tomcat]
2021-08-02 11:43:50.993 [restartedMain] INFO  org.apache.catalina.core.StandardEngine - Starting Servlet engine: [Apache Tomcat/9.0.39]
2021-08-02 11:43:51.054 [restartedMain] INFO  o.a.c.core.ContainerBase.[Tomcat].[localhost].[/] - Initializing Spring embedded WebApplicationContext
2021-08-02 11:43:51.055 [restartedMain] INFO  o.s.b.w.s.c.ServletWebServerApplicationContext - Root WebApplicationContext: initialization completed in 1033 ms
2021-08-02 11:43:51.903 [restartedMain] INFO  o.s.scheduling.concurrent.ThreadPoolTaskExecutor - Initializing ExecutorService 'thread'
2021-08-02 11:43:52.384 [restartedMain] INFO  o.s.security.web.DefaultSecurityFilterChain - Will secure any request with [org.springframework.security.web.context.request.async.WebAsyncManagerIntegrationFilter@8905418, org.springframework.security.web.context.SecurityContextPersistenceFilter@71c6ae8e, org.springframework.security.web.header.HeaderWriterFilter@766c3d8b, org.springframework.security.web.authentication.logout.LogoutFilter@47204e27, com.sybedu.syb.sso.config.security.config.LindTokenAuthenticationFilter@567437af, org.springframework.security.web.savedrequest.RequestCacheAwareFilter@7b1be7ad, org.springframework.security.web.servletapi.SecurityContextHolderAwareRequestFilter@55a2ecc8, org.springframework.security.web.authentication.AnonymousAuthenticationFilter@1f2ea0d9, org.springframework.security.web.session.SessionManagementFilter@3df67dfd, org.springframework.security.web.access.ExceptionTranslationFilter@512dc46b, org.springframework.security.web.access.intercept.FilterSecurityInterceptor@7783bbd8]
2021-08-02 11:43:52.804 [restartedMain] INFO  o.s.b.d.autoconfigure.OptionalLiveReloadServer - LiveReload server is running on port 35729
2021-08-02 11:43:53.139 [restartedMain] INFO  org.apache.coyote.http11.Http11NioProtocol - Starting ProtocolHandler ["http-nio-8080"]
2021-08-02 11:43:53.145 [restartedMain] INFO  o.s.boot.web.embedded.tomcat.TomcatWebServer - Tomcat started on port(s): 8080 (http) with context path ''
2021-08-02 11:43:53.892 [restartedMain] INFO  o.s.s.a.ScheduledAnnotationBeanPostProcessor - No TaskScheduler/ScheduledExecutorService bean found for scheduled processing
2021-08-02 11:43:53.898 [restartedMain] INFO  com.sybedu.syb.sso.SybSSOApplication - Started SybSSOApplication in 4.362 seconds (JVM running for 4.969)
2021-08-02 11:44:08.470 [restartedMain] INFO  com.sybedu.syb.sso.SybSSOApplication - Starting SybSSOApplication using Java 11.0.2 on DESKTOP-PENBIRK with PID 16160 (E:\Version Control\Git Work Space\GitHub\springboot\syb_sso\target\classes started by kefu in E:\Version Control\Git Work Space\GitHub\springboot\syb_sso)
2021-08-02 11:44:08.471 [restartedMain] INFO  com.sybedu.syb.sso.SybSSOApplication - The following profiles are active: dev
2021-08-02 11:44:08.502 [restartedMain] INFO  o.s.b.d.env.DevToolsPropertyDefaultsPostProcessor - Devtools property defaults active! Set 'spring.devtools.add-properties' to 'false' to disable
2021-08-02 11:44:08.502 [restartedMain] INFO  o.s.b.d.env.DevToolsPropertyDefaultsPostProcessor - For additional web related logging consider setting the 'logging.level.web' property to 'DEBUG'
2021-08-02 11:44:08.965 [restartedMain] INFO  o.s.d.r.config.RepositoryConfigurationDelegate - Multiple Spring Data modules found, entering strict repository configuration mode!
2021-08-02 11:44:08.966 [restartedMain] INFO  o.s.d.r.config.RepositoryConfigurationDelegate - Bootstrapping Spring Data Redis repositories in DEFAULT mode.
2021-08-02 11:44:08.981 [restartedMain] INFO  o.s.d.r.config.RepositoryConfigurationDelegate - Finished Spring Data repository scanning in 8 ms. Found 0 Redis repository interfaces.
2021-08-02 11:44:09.106 [restartedMain] INFO  o.springframework.cloud.context.scope.GenericScope - BeanFactory id=a0a0f47b-5d13-3bd1-a092-530a1681ac1b
2021-08-02 11:44:09.124 [restartedMain] INFO  o.s.c.s.PostProcessorRegistrationDelegate$BeanPostProcessorChecker - Bean 'threadPoolConfig' of type [com.sybedu.syb.sso.config.async.ThreadPoolConfig$$EnhancerBySpringCGLIB$$ce196d69] is not eligible for getting processed by all BeanPostProcessors (for example: not eligible for auto-proxying)
2021-08-02 11:44:09.196 [restartedMain] INFO  o.s.c.s.PostProcessorRegistrationDelegate$BeanPostProcessorChecker - Bean 'org.springframework.security.access.expression.method.DefaultMethodSecurityExpressionHandler@e6da0c4' of type [org.springframework.security.access.expression.method.DefaultMethodSecurityExpressionHandler] is not eligible for getting processed by all BeanPostProcessors (for example: not eligible for auto-proxying)
2021-08-02 11:44:09.199 [restartedMain] INFO  o.s.c.s.PostProcessorRegistrationDelegate$BeanPostProcessorChecker - Bean 'methodSecurityMetadataSource' of type [org.springframework.security.access.method.DelegatingMethodSecurityMetadataSource] is not eligible for getting processed by all BeanPostProcessors (for example: not eligible for auto-proxying)
2021-08-02 11:44:09.206 [restartedMain] INFO  o.s.c.s.PostProcessorRegistrationDelegate$BeanPostProcessorChecker - Bean 'redisConfig' of type [com.sybedu.syb.sso.config.redis.RedisConfig$$EnhancerBySpringCGLIB$$81092191] is not eligible for getting processed by all BeanPostProcessors (for example: not eligible for auto-proxying)
2021-08-02 11:44:09.470 [restartedMain] INFO  o.s.boot.web.embedded.tomcat.TomcatWebServer - Tomcat initialized with port(s): 8080 (http)
2021-08-02 11:44:09.476 [restartedMain] INFO  org.apache.coyote.http11.Http11NioProtocol - Initializing ProtocolHandler ["http-nio-8080"]
2021-08-02 11:44:09.476 [restartedMain] INFO  org.apache.catalina.core.StandardService - Starting service [Tomcat]
2021-08-02 11:44:09.476 [restartedMain] INFO  org.apache.catalina.core.StandardEngine - Starting Servlet engine: [Apache Tomcat/9.0.39]
2021-08-02 11:44:09.543 [restartedMain] INFO  o.a.c.core.ContainerBase.[Tomcat].[localhost].[/] - Initializing Spring embedded WebApplicationContext
2021-08-02 11:44:09.543 [restartedMain] INFO  o.s.b.w.s.c.ServletWebServerApplicationContext - Root WebApplicationContext: initialization completed in 1041 ms
2021-08-02 11:44:10.381 [restartedMain] INFO  o.s.scheduling.concurrent.ThreadPoolTaskExecutor - Initializing ExecutorService 'thread'
2021-08-02 11:44:10.877 [restartedMain] INFO  o.s.security.web.DefaultSecurityFilterChain - Will secure any request with [org.springframework.security.web.context.request.async.WebAsyncManagerIntegrationFilter@783335a2, org.springframework.security.web.context.SecurityContextPersistenceFilter@289fa748, org.springframework.security.web.header.HeaderWriterFilter@1b608d50, org.springframework.security.web.authentication.logout.LogoutFilter@7076b1b0, com.sybedu.syb.sso.config.security.config.LindTokenAuthenticationFilter@1d58c541, org.springframework.security.web.savedrequest.RequestCacheAwareFilter@f087b53, org.springframework.security.web.servletapi.SecurityContextHolderAwareRequestFilter@4482cfdb, org.springframework.security.web.authentication.AnonymousAuthenticationFilter@b1fecd2, org.springframework.security.web.session.SessionManagementFilter@2a8c7990, org.springframework.security.web.access.ExceptionTranslationFilter@26551652, org.springframework.security.web.access.intercept.FilterSecurityInterceptor@533d2c66]
2021-08-02 11:44:11.303 [restartedMain] INFO  o.s.b.d.autoconfigure.OptionalLiveReloadServer - LiveReload server is running on port 35729
2021-08-02 11:44:11.636 [restartedMain] INFO  org.apache.coyote.http11.Http11NioProtocol - Starting ProtocolHandler ["http-nio-8080"]
2021-08-02 11:44:11.643 [restartedMain] INFO  o.s.boot.web.embedded.tomcat.TomcatWebServer - Tomcat started on port(s): 8080 (http) with context path ''
2021-08-02 11:44:12.390 [restartedMain] INFO  o.s.s.a.ScheduledAnnotationBeanPostProcessor - No TaskScheduler/ScheduledExecutorService bean found for scheduled processing
2021-08-02 11:44:12.396 [restartedMain] INFO  com.sybedu.syb.sso.SybSSOApplication - Started SybSSOApplication in 4.378 seconds (JVM running for 4.996)
2021-08-02 11:44:25.119 [http-nio-8080-exec-1] INFO  o.a.c.core.ContainerBase.[Tomcat].[localhost].[/] - Initializing Spring DispatcherServlet 'dispatcherServlet'
2021-08-02 11:44:25.119 [http-nio-8080-exec-1] INFO  org.springframework.web.servlet.DispatcherServlet - Initializing Servlet 'dispatcherServlet'
2021-08-02 11:44:25.120 [http-nio-8080-exec-1] INFO  org.springframework.web.servlet.DispatcherServlet - Completed initialization in 1 ms
2021-08-02 11:44:25.427 [http-nio-8080-exec-7] INFO  org.springdoc.api.AbstractOpenApiResource - Init duration for springdoc-openapi is: 81 ms
2021-08-02 11:44:31.314 [http-nio-8080-exec-6] INFO  com.zaxxer.hikari.HikariDataSource - syb-sso-database-connection-pool - Starting...
2021-08-02 11:44:31.385 [http-nio-8080-exec-6] INFO  com.zaxxer.hikari.HikariDataSource - syb-sso-database-connection-pool - Start completed.
2021-08-02 11:44:31.479 [http-nio-8080-exec-6] INFO  c.s.syb.sso.service.impl.UserDetailsServiceImpl - user = org.springframework.security.core.userdetails.User [Username=zhangdong, Password=[PROTECTED], Enabled=true, AccountNonExpired=true, credentialsNonExpired=true, AccountNonLocked=true, Granted Authorities=[10, 11, 9, ADMIN, USER]]
2021-08-02 11:44:31.607 [http-nio-8080-exec-6] INFO  c.s.syb.sso.service.impl.UserDetailsServiceImpl - user = org.springframework.security.core.userdetails.User [Username=zhangdong, Password=[PROTECTED], Enabled=true, AccountNonExpired=true, credentialsNonExpired=true, AccountNonLocked=true, Granted Authorities=[10, 11, 9, ADMIN, USER]]
