2021-07-30 11:04:23.161 [restartedMain] INFO  com.sybedu.syb.sso.SybSSOApplication - Starting SybSSOApplication using Java 11.0.2 on DESKTOP-PENBIRK with PID 52832 (E:\Version Control\Git Work Space\GitHub\syb_sso\target\classes started by kefu in E:\Version Control\Git Work Space\GitHub\syb_sso)
2021-07-30 11:04:23.161 [restartedMain] INFO  com.sybedu.syb.sso.SybSSOApplication - The following profiles are active: dev
2021-07-30 11:04:23.216 [restartedMain] INFO  o.s.b.d.env.DevToolsPropertyDefaultsPostProcessor - Devtools property defaults active! Set 'spring.devtools.add-properties' to 'false' to disable
2021-07-30 11:04:23.216 [restartedMain] INFO  o.s.b.d.env.DevToolsPropertyDefaultsPostProcessor - For additional web related logging consider setting the 'logging.level.web' property to 'DEBUG'
2021-07-30 11:04:24.184 [restartedMain] INFO  o.s.d.r.config.RepositoryConfigurationDelegate - Multiple Spring Data modules found, entering strict repository configuration mode!
2021-07-30 11:04:24.185 [restartedMain] INFO  o.s.d.r.config.RepositoryConfigurationDelegate - Bootstrapping Spring Data Redis repositories in DEFAULT mode.
2021-07-30 11:04:24.204 [restartedMain] INFO  o.s.d.r.config.RepositoryConfigurationDelegate - Finished Spring Data repository scanning in 9 ms. Found 0 Redis repository interfaces.
2021-07-30 11:04:24.403 [restartedMain] INFO  o.springframework.cloud.context.scope.GenericScope - BeanFactory id=a0a0f47b-5d13-3bd1-a092-530a1681ac1b
2021-07-30 11:04:24.463 [restartedMain] INFO  o.s.c.s.PostProcessorRegistrationDelegate$BeanPostProcessorChecker - Bean 'threadPoolConfig' of type [com.sybedu.syb.sso.config.async.ThreadPoolConfig$$EnhancerBySpringCGLIB$$851176ad] is not eligible for getting processed by all BeanPostProcessors (for example: not eligible for auto-proxying)
2021-07-30 11:04:24.618 [restartedMain] INFO  o.s.c.s.PostProcessorRegistrationDelegate$BeanPostProcessorChecker - Bean 'org.springframework.security.access.expression.method.DefaultMethodSecurityExpressionHandler@48e6b44c' of type [org.springframework.security.access.expression.method.DefaultMethodSecurityExpressionHandler] is not eligible for getting processed by all BeanPostProcessors (for example: not eligible for auto-proxying)
2021-07-30 11:04:24.620 [restartedMain] INFO  o.s.c.s.PostProcessorRegistrationDelegate$BeanPostProcessorChecker - Bean 'methodSecurityMetadataSource' of type [org.springframework.security.access.method.DelegatingMethodSecurityMetadataSource] is not eligible for getting processed by all BeanPostProcessors (for example: not eligible for auto-proxying)
2021-07-30 11:04:24.628 [restartedMain] INFO  o.s.c.s.PostProcessorRegistrationDelegate$BeanPostProcessorChecker - Bean 'redisConfig' of type [com.sybedu.syb.sso.config.redis.RedisConfig$$EnhancerBySpringCGLIB$$38012ad5] is not eligible for getting processed by all BeanPostProcessors (for example: not eligible for auto-proxying)
2021-07-30 11:04:25.071 [restartedMain] INFO  o.s.boot.web.embedded.tomcat.TomcatWebServer - Tomcat initialized with port(s): 8080 (http)
2021-07-30 11:04:25.077 [restartedMain] INFO  org.apache.coyote.http11.Http11NioProtocol - Initializing ProtocolHandler ["http-nio-8080"]
2021-07-30 11:04:25.077 [restartedMain] INFO  org.apache.catalina.core.StandardService - Starting service [Tomcat]
2021-07-30 11:04:25.077 [restartedMain] INFO  org.apache.catalina.core.StandardEngine - Starting Servlet engine: [Apache Tomcat/9.0.39]
2021-07-30 11:04:25.172 [restartedMain] INFO  o.a.c.core.ContainerBase.[Tomcat].[localhost].[/] - Initializing Spring embedded WebApplicationContext
2021-07-30 11:04:25.172 [restartedMain] INFO  o.s.b.w.s.c.ServletWebServerApplicationContext - Root WebApplicationContext: initialization completed in 1955 ms
2021-07-30 11:04:26.556 [restartedMain] INFO  o.s.scheduling.concurrent.ThreadPoolTaskExecutor - Initializing ExecutorService 'thread'
2021-07-30 11:04:27.285 [restartedMain] INFO  o.s.security.web.DefaultSecurityFilterChain - Will secure any request with [org.springframework.security.web.context.request.async.WebAsyncManagerIntegrationFilter@30dd3249, org.springframework.security.web.context.SecurityContextPersistenceFilter@250529b1, org.springframework.security.web.header.HeaderWriterFilter@480ba1da, org.springframework.security.web.authentication.logout.LogoutFilter@776bd778, com.sybedu.syb.sso.config.security.config.LindTokenAuthenticationFilter@1e23329a, org.springframework.security.web.savedrequest.RequestCacheAwareFilter@110866d1, org.springframework.security.web.servletapi.SecurityContextHolderAwareRequestFilter@79c88aa8, org.springframework.security.web.authentication.AnonymousAuthenticationFilter@78bbd660, org.springframework.security.web.session.SessionManagementFilter@2359511e, org.springframework.security.web.access.ExceptionTranslationFilter@157d396, org.springframework.security.web.access.intercept.FilterSecurityInterceptor@238e3d04]
2021-07-30 11:04:27.897 [restartedMain] INFO  o.s.b.d.autoconfigure.OptionalLiveReloadServer - LiveReload server is running on port 35729
2021-07-30 11:04:28.463 [restartedMain] INFO  org.apache.coyote.http11.Http11NioProtocol - Starting ProtocolHandler ["http-nio-8080"]
2021-07-30 11:04:28.476 [restartedMain] INFO  o.s.boot.web.embedded.tomcat.TomcatWebServer - Tomcat started on port(s): 8080 (http) with context path ''
2021-07-30 11:04:29.235 [restartedMain] INFO  o.s.s.a.ScheduledAnnotationBeanPostProcessor - No TaskScheduler/ScheduledExecutorService bean found for scheduled processing
2021-07-30 11:04:29.261 [restartedMain] INFO  com.sybedu.syb.sso.SybSSOApplication - Started SybSSOApplication in 6.924 seconds (JVM running for 8.048)
2021-07-30 11:07:18.383 [http-nio-8080-exec-1] INFO  o.a.c.core.ContainerBase.[Tomcat].[localhost].[/] - Initializing Spring DispatcherServlet 'dispatcherServlet'
2021-07-30 11:07:18.383 [http-nio-8080-exec-1] INFO  org.springframework.web.servlet.DispatcherServlet - Initializing Servlet 'dispatcherServlet'
2021-07-30 11:07:18.385 [http-nio-8080-exec-1] INFO  org.springframework.web.servlet.DispatcherServlet - Completed initialization in 2 ms
2021-07-30 11:07:18.589 [http-nio-8080-exec-1] INFO  com.zaxxer.hikari.HikariDataSource - syb-sso-database-connection-pool - Starting...
2021-07-30 11:07:18.744 [http-nio-8080-exec-1] INFO  com.zaxxer.hikari.HikariDataSource - syb-sso-database-connection-pool - Start completed.
2021-07-30 11:07:18.842 [http-nio-8080-exec-1] INFO  c.s.syb.sso.service.impl.UserDetailsServiceImpl - user = org.springframework.security.core.userdetails.User [Username=zhangdong, Password=[PROTECTED], Enabled=true, AccountNonExpired=true, credentialsNonExpired=true, AccountNonLocked=true, Granted Authorities=[10, 11, 9, ADMIN, USER]]
2021-07-30 11:07:18.970 [http-nio-8080-exec-1] INFO  c.s.syb.sso.service.impl.UserDetailsServiceImpl - user = org.springframework.security.core.userdetails.User [Username=zhangdong, Password=[PROTECTED], Enabled=true, AccountNonExpired=true, credentialsNonExpired=true, AccountNonLocked=true, Granted Authorities=[10, 11, 9, ADMIN, USER]]
