2021-07-26 16:23:08.822 [restartedMain] INFO  c.s.g.w.account.Gk211985WechatAccountApplication - Starting Gk211985WechatAccountApplication using Java 11.0.2 on DESKTOP-PENBIRK with PID 21520 (E:\Version Control\Git Work Space\GitHub\gk211985-wechat-account\target\classes started by kefu in E:\Version Control\Git Work Space\GitHub\gk211985-wechat-account)
2021-07-26 16:23:08.823 [restartedMain] INFO  c.s.g.w.account.Gk211985WechatAccountApplication - The following profiles are active: dev
2021-07-26 16:23:08.866 [restartedMain] INFO  o.s.b.d.env.DevToolsPropertyDefaultsPostProcessor - Devtools property defaults active! Set 'spring.devtools.add-properties' to 'false' to disable
2021-07-26 16:23:08.866 [restartedMain] INFO  o.s.b.d.env.DevToolsPropertyDefaultsPostProcessor - For additional web related logging consider setting the 'logging.level.web' property to 'DEBUG'
2021-07-26 16:23:09.689 [restartedMain] INFO  o.s.d.r.config.RepositoryConfigurationDelegate - Multiple Spring Data modules found, entering strict repository configuration mode!
2021-07-26 16:23:09.691 [restartedMain] INFO  o.s.d.r.config.RepositoryConfigurationDelegate - Bootstrapping Spring Data Redis repositories in DEFAULT mode.
2021-07-26 16:23:09.712 [restartedMain] INFO  o.s.d.r.config.RepositoryConfigurationDelegate - Finished Spring Data repository scanning in 7 ms. Found 0 Redis repository interfaces.
2021-07-26 16:23:09.941 [restartedMain] INFO  o.springframework.cloud.context.scope.GenericScope - BeanFactory id=8e2a2f42-aed6-3275-89e0-4d23182713b3
2021-07-26 16:23:09.973 [restartedMain] INFO  o.s.c.s.PostProcessorRegistrationDelegate$BeanPostProcessorChecker - Bean 'threadPoolConfig' of type [ThreadPoolConfig$$EnhancerBySpringCGLIB$$f9cb6c5f] is not eligible for getting processed by all BeanPostProcessors (for example: not eligible for auto-proxying)
2021-07-26 16:23:10.099 [restartedMain] INFO  o.s.c.s.PostProcessorRegistrationDelegate$BeanPostProcessorChecker - Bean 'redisConfig' of type [RedisConfig$$EnhancerBySpringCGLIB$$ff75046b] is not eligible for getting processed by all BeanPostProcessors (for example: not eligible for auto-proxying)
2021-07-26 16:23:10.425 [restartedMain] INFO  o.s.boot.web.embedded.tomcat.TomcatWebServer - Tomcat initialized with port(s): 8080 (http)
2021-07-26 16:23:10.431 [restartedMain] INFO  org.apache.coyote.http11.Http11NioProtocol - Initializing ProtocolHandler ["http-nio-8080"]
2021-07-26 16:23:10.432 [restartedMain] INFO  org.apache.catalina.core.StandardService - Starting service [Tomcat]
2021-07-26 16:23:10.432 [restartedMain] INFO  org.apache.catalina.core.StandardEngine - Starting Servlet engine: [Apache Tomcat/9.0.39]
2021-07-26 16:23:10.507 [restartedMain] INFO  o.a.c.core.ContainerBase.[Tomcat].[localhost].[/] - Initializing Spring embedded WebApplicationContext
2021-07-26 16:23:10.507 [restartedMain] INFO  o.s.b.w.s.c.ServletWebServerApplicationContext - Root WebApplicationContext: initialization completed in 1640 ms
2021-07-26 16:23:11.371 [restartedMain] INFO  o.s.scheduling.concurrent.ThreadPoolTaskExecutor - Initializing ExecutorService 'thread'
2021-07-26 16:23:11.949 [restartedMain] INFO  o.s.security.web.DefaultSecurityFilterChain - Will secure any request with [org.springframework.security.web.context.request.async.WebAsyncManagerIntegrationFilter@21550226, org.springframework.security.web.context.SecurityContextPersistenceFilter@403eeb83, org.springframework.security.web.header.HeaderWriterFilter@418ca890, org.springframework.security.web.csrf.CsrfFilter@737c2c0a, org.springframework.security.web.authentication.logout.LogoutFilter@7096a447, org.springframework.security.web.authentication.UsernamePasswordAuthenticationFilter@7b5605ba, org.springframework.security.web.savedrequest.RequestCacheAwareFilter@6256e10e, org.springframework.security.web.servletapi.SecurityContextHolderAwareRequestFilter@2e92c3f2, org.springframework.security.web.authentication.AnonymousAuthenticationFilter@699e75ea, org.springframework.security.web.session.SessionManagementFilter@4cc29e21, org.springframework.security.web.access.ExceptionTranslationFilter@7f1bf9d6, org.springframework.security.web.access.intercept.FilterSecurityInterceptor@5c3b75f0]
2021-07-26 16:23:12.789 [restartedMain] INFO  org.apache.coyote.http11.Http11NioProtocol - Starting ProtocolHandler ["http-nio-8080"]
2021-07-26 16:23:12.805 [restartedMain] INFO  o.s.boot.web.embedded.tomcat.TomcatWebServer - Tomcat started on port(s): 8080 (http) with context path ''
2021-07-26 16:23:13.550 [restartedMain] INFO  o.s.s.a.ScheduledAnnotationBeanPostProcessor - No TaskScheduler/ScheduledExecutorService bean found for scheduled processing
2021-07-26 16:23:13.559 [restartedMain] INFO  c.s.g.w.account.Gk211985WechatAccountApplication - Started Gk211985WechatAccountApplication in 5.263 seconds (JVM running for 6.011)
2021-07-26 16:23:43.915 [http-nio-8080-exec-1] INFO  o.a.c.core.ContainerBase.[Tomcat].[localhost].[/] - Initializing Spring DispatcherServlet 'dispatcherServlet'
2021-07-26 16:23:43.915 [http-nio-8080-exec-1] INFO  org.springframework.web.servlet.DispatcherServlet - Initializing Servlet 'dispatcherServlet'
2021-07-26 16:23:43.916 [http-nio-8080-exec-1] INFO  org.springframework.web.servlet.DispatcherServlet - Completed initialization in 1 ms
2021-07-26 16:28:35.428 [restartedMain] INFO  c.s.g.w.account.Gk211985WechatAccountApplication - Starting Gk211985WechatAccountApplication using Java 11.0.2 on DESKTOP-PENBIRK with PID 21252 (E:\Version Control\Git Work Space\GitHub\gk211985-wechat-account\target\classes started by kefu in E:\Version Control\Git Work Space\GitHub\gk211985-wechat-account)
2021-07-26 16:28:35.428 [restartedMain] INFO  c.s.g.w.account.Gk211985WechatAccountApplication - The following profiles are active: dev
2021-07-26 16:28:35.457 [restartedMain] INFO  o.s.b.d.env.DevToolsPropertyDefaultsPostProcessor - Devtools property defaults active! Set 'spring.devtools.add-properties' to 'false' to disable
2021-07-26 16:28:35.457 [restartedMain] INFO  o.s.b.d.env.DevToolsPropertyDefaultsPostProcessor - For additional web related logging consider setting the 'logging.level.web' property to 'DEBUG'
2021-07-26 16:28:35.926 [restartedMain] INFO  o.s.d.r.config.RepositoryConfigurationDelegate - Multiple Spring Data modules found, entering strict repository configuration mode!
2021-07-26 16:28:35.927 [restartedMain] INFO  o.s.d.r.config.RepositoryConfigurationDelegate - Bootstrapping Spring Data Redis repositories in DEFAULT mode.
2021-07-26 16:28:35.941 [restartedMain] INFO  o.s.d.r.config.RepositoryConfigurationDelegate - Finished Spring Data repository scanning in 7 ms. Found 0 Redis repository interfaces.
2021-07-26 16:28:36.072 [restartedMain] INFO  o.springframework.cloud.context.scope.GenericScope - BeanFactory id=8e2a2f42-aed6-3275-89e0-4d23182713b3
2021-07-26 16:28:36.090 [restartedMain] INFO  o.s.c.s.PostProcessorRegistrationDelegate$BeanPostProcessorChecker - Bean 'threadPoolConfig' of type [ThreadPoolConfig$$EnhancerBySpringCGLIB$$8b34082c] is not eligible for getting processed by all BeanPostProcessors (for example: not eligible for auto-proxying)
2021-07-26 16:28:36.158 [restartedMain] INFO  o.s.c.s.PostProcessorRegistrationDelegate$BeanPostProcessorChecker - Bean 'redisConfig' of type [RedisConfig$$EnhancerBySpringCGLIB$$90dda038] is not eligible for getting processed by all BeanPostProcessors (for example: not eligible for auto-proxying)
2021-07-26 16:28:36.408 [restartedMain] INFO  o.s.boot.web.embedded.tomcat.TomcatWebServer - Tomcat initialized with port(s): 8080 (http)
2021-07-26 16:28:36.414 [restartedMain] INFO  org.apache.coyote.http11.Http11NioProtocol - Initializing ProtocolHandler ["http-nio-8080"]
2021-07-26 16:28:36.414 [restartedMain] INFO  org.apache.catalina.core.StandardService - Starting service [Tomcat]
2021-07-26 16:28:36.414 [restartedMain] INFO  org.apache.catalina.core.StandardEngine - Starting Servlet engine: [Apache Tomcat/9.0.39]
2021-07-26 16:28:36.479 [restartedMain] INFO  o.a.c.core.ContainerBase.[Tomcat].[localhost].[/] - Initializing Spring embedded WebApplicationContext
2021-07-26 16:28:36.479 [restartedMain] INFO  o.s.b.w.s.c.ServletWebServerApplicationContext - Root WebApplicationContext: initialization completed in 1021 ms
2021-07-26 16:28:37.117 [restartedMain] INFO  o.s.scheduling.concurrent.ThreadPoolTaskExecutor - Initializing ExecutorService 'thread'
2021-07-26 16:28:37.592 [restartedMain] INFO  o.s.security.web.DefaultSecurityFilterChain - Will secure any request with [org.springframework.security.web.context.request.async.WebAsyncManagerIntegrationFilter@71ef3f13, org.springframework.security.web.context.SecurityContextPersistenceFilter@4678a43a, org.springframework.security.web.header.HeaderWriterFilter@38675fac, org.springframework.security.web.csrf.CsrfFilter@5d69ee31, org.springframework.security.web.authentication.logout.LogoutFilter@61976cad, org.springframework.security.web.authentication.UsernamePasswordAuthenticationFilter@b083512, org.springframework.security.web.savedrequest.RequestCacheAwareFilter@50fe79b9, org.springframework.security.web.servletapi.SecurityContextHolderAwareRequestFilter@33ffd67b, org.springframework.security.web.authentication.AnonymousAuthenticationFilter@4bd94fb4, org.springframework.security.web.session.SessionManagementFilter@31f446f7, org.springframework.security.web.access.ExceptionTranslationFilter@1b295783, org.springframework.security.web.access.intercept.FilterSecurityInterceptor@58ac9105]
2021-07-26 16:28:38.320 [restartedMain] INFO  org.apache.coyote.http11.Http11NioProtocol - Starting ProtocolHandler ["http-nio-8080"]
2021-07-26 16:28:38.327 [restartedMain] INFO  o.s.boot.web.embedded.tomcat.TomcatWebServer - Tomcat started on port(s): 8080 (http) with context path ''
2021-07-26 16:28:39.083 [restartedMain] INFO  o.s.s.a.ScheduledAnnotationBeanPostProcessor - No TaskScheduler/ScheduledExecutorService bean found for scheduled processing
2021-07-26 16:28:39.089 [restartedMain] INFO  c.s.g.w.account.Gk211985WechatAccountApplication - Started Gk211985WechatAccountApplication in 4.116 seconds (JVM running for 4.776)
2021-07-26 16:28:56.667 [http-nio-8080-exec-1] INFO  o.a.c.core.ContainerBase.[Tomcat].[localhost].[/] - Initializing Spring DispatcherServlet 'dispatcherServlet'
2021-07-26 16:28:56.667 [http-nio-8080-exec-1] INFO  org.springframework.web.servlet.DispatcherServlet - Initializing Servlet 'dispatcherServlet'
2021-07-26 16:28:56.668 [http-nio-8080-exec-1] INFO  org.springframework.web.servlet.DispatcherServlet - Completed initialization in 1 ms
2021-07-26 16:29:32.803 [restartedMain] INFO  c.s.g.w.account.Gk211985WechatAccountApplication - Starting Gk211985WechatAccountApplication using Java 11.0.2 on DESKTOP-PENBIRK with PID 16852 (E:\Version Control\Git Work Space\GitHub\gk211985-wechat-account\target\classes started by kefu in E:\Version Control\Git Work Space\GitHub\gk211985-wechat-account)
2021-07-26 16:29:32.804 [restartedMain] INFO  c.s.g.w.account.Gk211985WechatAccountApplication - The following profiles are active: dev
2021-07-26 16:29:32.835 [restartedMain] INFO  o.s.b.d.env.DevToolsPropertyDefaultsPostProcessor - Devtools property defaults active! Set 'spring.devtools.add-properties' to 'false' to disable
2021-07-26 16:29:32.835 [restartedMain] INFO  o.s.b.d.env.DevToolsPropertyDefaultsPostProcessor - For additional web related logging consider setting the 'logging.level.web' property to 'DEBUG'
2021-07-26 16:29:33.296 [restartedMain] INFO  o.s.d.r.config.RepositoryConfigurationDelegate - Multiple Spring Data modules found, entering strict repository configuration mode!
2021-07-26 16:29:33.297 [restartedMain] INFO  o.s.d.r.config.RepositoryConfigurationDelegate - Bootstrapping Spring Data Redis repositories in DEFAULT mode.
2021-07-26 16:29:33.311 [restartedMain] INFO  o.s.d.r.config.RepositoryConfigurationDelegate - Finished Spring Data repository scanning in 6 ms. Found 0 Redis repository interfaces.
2021-07-26 16:29:33.439 [restartedMain] INFO  o.springframework.cloud.context.scope.GenericScope - BeanFactory id=8e2a2f42-aed6-3275-89e0-4d23182713b3
2021-07-26 16:29:33.457 [restartedMain] INFO  o.s.c.s.PostProcessorRegistrationDelegate$BeanPostProcessorChecker - Bean 'threadPoolConfig' of type [ThreadPoolConfig$$EnhancerBySpringCGLIB$$1fac8277] is not eligible for getting processed by all BeanPostProcessors (for example: not eligible for auto-proxying)
2021-07-26 16:29:33.525 [restartedMain] INFO  o.s.c.s.PostProcessorRegistrationDelegate$BeanPostProcessorChecker - Bean 'redisConfig' of type [RedisConfig$$EnhancerBySpringCGLIB$$25561a83] is not eligible for getting processed by all BeanPostProcessors (for example: not eligible for auto-proxying)
2021-07-26 16:29:33.774 [restartedMain] INFO  o.s.boot.web.embedded.tomcat.TomcatWebServer - Tomcat initialized with port(s): 8080 (http)
2021-07-26 16:29:33.780 [restartedMain] INFO  org.apache.coyote.http11.Http11NioProtocol - Initializing ProtocolHandler ["http-nio-8080"]
2021-07-26 16:29:33.780 [restartedMain] INFO  org.apache.catalina.core.StandardService - Starting service [Tomcat]
2021-07-26 16:29:33.780 [restartedMain] INFO  org.apache.catalina.core.StandardEngine - Starting Servlet engine: [Apache Tomcat/9.0.39]
2021-07-26 16:29:33.846 [restartedMain] INFO  o.a.c.core.ContainerBase.[Tomcat].[localhost].[/] - Initializing Spring embedded WebApplicationContext
2021-07-26 16:29:33.846 [restartedMain] INFO  o.s.b.w.s.c.ServletWebServerApplicationContext - Root WebApplicationContext: initialization completed in 1010 ms
2021-07-26 16:29:34.519 [restartedMain] INFO  o.s.scheduling.concurrent.ThreadPoolTaskExecutor - Initializing ExecutorService 'thread'
2021-07-26 16:29:34.993 [restartedMain] INFO  o.s.security.web.DefaultSecurityFilterChain - Will secure any request with [org.springframework.security.web.context.request.async.WebAsyncManagerIntegrationFilter@563a38f7, org.springframework.security.web.context.SecurityContextPersistenceFilter@7c9d4a8b, org.springframework.security.web.header.HeaderWriterFilter@2e3e55cd, org.springframework.security.web.csrf.CsrfFilter@54178b29, org.springframework.security.web.authentication.logout.LogoutFilter@6419f2ff, org.springframework.security.web.authentication.UsernamePasswordAuthenticationFilter@454b7606, org.springframework.security.web.savedrequest.RequestCacheAwareFilter@21080d2d, org.springframework.security.web.servletapi.SecurityContextHolderAwareRequestFilter@525cd951, org.springframework.security.web.authentication.AnonymousAuthenticationFilter@2464a395, org.springframework.security.web.session.SessionManagementFilter@66152ab8, org.springframework.security.web.access.ExceptionTranslationFilter@1826b1bf, org.springframework.security.web.access.intercept.FilterSecurityInterceptor@151e6a7b]
2021-07-26 16:29:35.709 [restartedMain] INFO  org.apache.coyote.http11.Http11NioProtocol - Starting ProtocolHandler ["http-nio-8080"]
2021-07-26 16:29:35.716 [restartedMain] INFO  o.s.boot.web.embedded.tomcat.TomcatWebServer - Tomcat started on port(s): 8080 (http) with context path ''
2021-07-26 16:29:36.455 [restartedMain] INFO  o.s.s.a.ScheduledAnnotationBeanPostProcessor - No TaskScheduler/ScheduledExecutorService bean found for scheduled processing
2021-07-26 16:29:36.461 [restartedMain] INFO  c.s.g.w.account.Gk211985WechatAccountApplication - Started Gk211985WechatAccountApplication in 4.116 seconds (JVM running for 4.824)
2021-07-26 16:29:43.539 [http-nio-8080-exec-1] INFO  o.a.c.core.ContainerBase.[Tomcat].[localhost].[/] - Initializing Spring DispatcherServlet 'dispatcherServlet'
2021-07-26 16:29:43.539 [http-nio-8080-exec-1] INFO  org.springframework.web.servlet.DispatcherServlet - Initializing Servlet 'dispatcherServlet'
2021-07-26 16:29:43.540 [http-nio-8080-exec-1] INFO  org.springframework.web.servlet.DispatcherServlet - Completed initialization in 1 ms
2021-07-26 16:30:55.058 [restartedMain] INFO  c.s.g.w.account.Gk211985WechatAccountApplication - Starting Gk211985WechatAccountApplication using Java 11.0.2 on DESKTOP-PENBIRK with PID 9384 (E:\Version Control\Git Work Space\GitHub\gk211985-wechat-account\target\classes started by kefu in E:\Version Control\Git Work Space\GitHub\gk211985-wechat-account)
2021-07-26 16:30:55.058 [restartedMain] INFO  c.s.g.w.account.Gk211985WechatAccountApplication - The following profiles are active: dev
2021-07-26 16:30:55.088 [restartedMain] INFO  o.s.b.d.env.DevToolsPropertyDefaultsPostProcessor - Devtools property defaults active! Set 'spring.devtools.add-properties' to 'false' to disable
2021-07-26 16:30:55.088 [restartedMain] INFO  o.s.b.d.env.DevToolsPropertyDefaultsPostProcessor - For additional web related logging consider setting the 'logging.level.web' property to 'DEBUG'
2021-07-26 16:30:55.551 [restartedMain] INFO  o.s.d.r.config.RepositoryConfigurationDelegate - Multiple Spring Data modules found, entering strict repository configuration mode!
2021-07-26 16:30:55.552 [restartedMain] INFO  o.s.d.r.config.RepositoryConfigurationDelegate - Bootstrapping Spring Data Redis repositories in DEFAULT mode.
2021-07-26 16:30:55.567 [restartedMain] INFO  o.s.d.r.config.RepositoryConfigurationDelegate - Finished Spring Data repository scanning in 7 ms. Found 0 Redis repository interfaces.
2021-07-26 16:30:55.702 [restartedMain] INFO  o.springframework.cloud.context.scope.GenericScope - BeanFactory id=8e2a2f42-aed6-3275-89e0-4d23182713b3
2021-07-26 16:30:55.720 [restartedMain] INFO  o.s.c.s.PostProcessorRegistrationDelegate$BeanPostProcessorChecker - Bean 'threadPoolConfig' of type [ThreadPoolConfig$$EnhancerBySpringCGLIB$$43e92a90] is not eligible for getting processed by all BeanPostProcessors (for example: not eligible for auto-proxying)
2021-07-26 16:30:55.790 [restartedMain] INFO  o.s.c.s.PostProcessorRegistrationDelegate$BeanPostProcessorChecker - Bean 'redisConfig' of type [RedisConfig$$EnhancerBySpringCGLIB$$4992c29c] is not eligible for getting processed by all BeanPostProcessors (for example: not eligible for auto-proxying)
2021-07-26 16:30:56.053 [restartedMain] INFO  o.s.boot.web.embedded.tomcat.TomcatWebServer - Tomcat initialized with port(s): 8080 (http)
2021-07-26 16:30:56.059 [restartedMain] INFO  org.apache.coyote.http11.Http11NioProtocol - Initializing ProtocolHandler ["http-nio-8080"]
2021-07-26 16:30:56.060 [restartedMain] INFO  org.apache.catalina.core.StandardService - Starting service [Tomcat]
2021-07-26 16:30:56.060 [restartedMain] INFO  org.apache.catalina.core.StandardEngine - Starting Servlet engine: [Apache Tomcat/9.0.39]
2021-07-26 16:30:56.123 [restartedMain] INFO  o.a.c.core.ContainerBase.[Tomcat].[localhost].[/] - Initializing Spring embedded WebApplicationContext
2021-07-26 16:30:56.123 [restartedMain] INFO  o.s.b.w.s.c.ServletWebServerApplicationContext - Root WebApplicationContext: initialization completed in 1034 ms
2021-07-26 16:30:56.717 [restartedMain] INFO  o.s.scheduling.concurrent.ThreadPoolTaskExecutor - Initializing ExecutorService 'thread'
2021-07-26 16:30:57.206 [restartedMain] INFO  o.s.security.web.DefaultSecurityFilterChain - Will secure any request with [org.springframework.security.web.context.request.async.WebAsyncManagerIntegrationFilter@5f355c76, org.springframework.security.web.context.SecurityContextPersistenceFilter@43f03a7a, org.springframework.security.web.header.HeaderWriterFilter@b76319e, org.springframework.security.web.csrf.CsrfFilter@77c30ded, org.springframework.security.web.authentication.logout.LogoutFilter@579a6ce, org.springframework.security.web.authentication.UsernamePasswordAuthenticationFilter@5100eeb8, org.springframework.security.web.savedrequest.RequestCacheAwareFilter@4b2a5172, org.springframework.security.web.servletapi.SecurityContextHolderAwareRequestFilter@38954bf4, org.springframework.security.web.authentication.AnonymousAuthenticationFilter@72e35da3, org.springframework.security.web.session.SessionManagementFilter@2bade996, org.springframework.security.web.access.ExceptionTranslationFilter@f1b9be4, org.springframework.security.web.access.intercept.FilterSecurityInterceptor@1c3ac70f]
2021-07-26 16:30:57.922 [restartedMain] INFO  org.apache.coyote.http11.Http11NioProtocol - Starting ProtocolHandler ["http-nio-8080"]
2021-07-26 16:30:57.929 [restartedMain] INFO  o.s.boot.web.embedded.tomcat.TomcatWebServer - Tomcat started on port(s): 8080 (http) with context path ''
2021-07-26 16:30:58.664 [restartedMain] INFO  o.s.s.a.ScheduledAnnotationBeanPostProcessor - No TaskScheduler/ScheduledExecutorService bean found for scheduled processing
2021-07-26 16:30:58.678 [restartedMain] INFO  c.s.g.w.account.Gk211985WechatAccountApplication - Started Gk211985WechatAccountApplication in 4.068 seconds (JVM running for 4.708)
2021-07-26 16:31:04.714 [http-nio-8080-exec-1] INFO  o.a.c.core.ContainerBase.[Tomcat].[localhost].[/] - Initializing Spring DispatcherServlet 'dispatcherServlet'
2021-07-26 16:31:04.715 [http-nio-8080-exec-1] INFO  org.springframework.web.servlet.DispatcherServlet - Initializing Servlet 'dispatcherServlet'
2021-07-26 16:31:04.716 [http-nio-8080-exec-1] INFO  org.springframework.web.servlet.DispatcherServlet - Completed initialization in 1 ms
2021-07-26 16:36:31.001 [restartedMain] INFO  c.s.g.w.account.Gk211985WechatAccountApplication - Starting Gk211985WechatAccountApplication using Java 11.0.2 on DESKTOP-PENBIRK with PID 18420 (E:\Version Control\Git Work Space\GitHub\gk211985-wechat-account\target\classes started by kefu in E:\Version Control\Git Work Space\GitHub\gk211985-wechat-account)
2021-07-26 16:36:31.002 [restartedMain] INFO  c.s.g.w.account.Gk211985WechatAccountApplication - The following profiles are active: dev
2021-07-26 16:36:31.031 [restartedMain] INFO  o.s.b.d.env.DevToolsPropertyDefaultsPostProcessor - Devtools property defaults active! Set 'spring.devtools.add-properties' to 'false' to disable
2021-07-26 16:36:31.031 [restartedMain] INFO  o.s.b.d.env.DevToolsPropertyDefaultsPostProcessor - For additional web related logging consider setting the 'logging.level.web' property to 'DEBUG'
2021-07-26 16:36:31.509 [restartedMain] INFO  o.s.d.r.config.RepositoryConfigurationDelegate - Multiple Spring Data modules found, entering strict repository configuration mode!
2021-07-26 16:36:31.510 [restartedMain] INFO  o.s.d.r.config.RepositoryConfigurationDelegate - Bootstrapping Spring Data Redis repositories in DEFAULT mode.
2021-07-26 16:36:31.524 [restartedMain] INFO  o.s.d.r.config.RepositoryConfigurationDelegate - Finished Spring Data repository scanning in 6 ms. Found 0 Redis repository interfaces.
2021-07-26 16:36:31.658 [restartedMain] INFO  o.springframework.cloud.context.scope.GenericScope - BeanFactory id=8e2a2f42-aed6-3275-89e0-4d23182713b3
2021-07-26 16:36:31.675 [restartedMain] INFO  o.s.c.s.PostProcessorRegistrationDelegate$BeanPostProcessorChecker - Bean 'threadPoolConfig' of type [ThreadPoolConfig$$EnhancerBySpringCGLIB$$f530115b] is not eligible for getting processed by all BeanPostProcessors (for example: not eligible for auto-proxying)
2021-07-26 16:36:31.739 [restartedMain] INFO  o.s.c.s.PostProcessorRegistrationDelegate$BeanPostProcessorChecker - Bean 'redisConfig' of type [RedisConfig$$EnhancerBySpringCGLIB$$fad9a967] is not eligible for getting processed by all BeanPostProcessors (for example: not eligible for auto-proxying)
2021-07-26 16:36:32.004 [restartedMain] INFO  o.s.boot.web.embedded.tomcat.TomcatWebServer - Tomcat initialized with port(s): 8080 (http)
2021-07-26 16:36:32.010 [restartedMain] INFO  org.apache.coyote.http11.Http11NioProtocol - Initializing ProtocolHandler ["http-nio-8080"]
2021-07-26 16:36:32.010 [restartedMain] INFO  org.apache.catalina.core.StandardService - Starting service [Tomcat]
2021-07-26 16:36:32.011 [restartedMain] INFO  org.apache.catalina.core.StandardEngine - Starting Servlet engine: [Apache Tomcat/9.0.39]
2021-07-26 16:36:32.070 [restartedMain] INFO  o.a.c.core.ContainerBase.[Tomcat].[localhost].[/] - Initializing Spring embedded WebApplicationContext
2021-07-26 16:36:32.071 [restartedMain] INFO  o.s.b.w.s.c.ServletWebServerApplicationContext - Root WebApplicationContext: initialization completed in 1039 ms
2021-07-26 16:36:32.703 [restartedMain] INFO  o.s.scheduling.concurrent.ThreadPoolTaskExecutor - Initializing ExecutorService 'thread'
2021-07-26 16:36:33.172 [restartedMain] INFO  o.s.security.web.DefaultSecurityFilterChain - Will secure any request with [org.springframework.security.web.context.request.async.WebAsyncManagerIntegrationFilter@7f6e9d9b, org.springframework.security.web.context.SecurityContextPersistenceFilter@7685bf96, org.springframework.security.web.header.HeaderWriterFilter@7c93b4c5, org.springframework.security.web.csrf.CsrfFilter@7d4f4a1b, org.springframework.security.web.authentication.logout.LogoutFilter@7bede699, org.springframework.security.web.authentication.UsernamePasswordAuthenticationFilter@7e97dffb, org.springframework.security.web.savedrequest.RequestCacheAwareFilter@5bf1d6ea, org.springframework.security.web.servletapi.SecurityContextHolderAwareRequestFilter@566f604, org.springframework.security.web.authentication.AnonymousAuthenticationFilter@338d92f3, org.springframework.security.web.session.SessionManagementFilter@4227561e, org.springframework.security.web.access.ExceptionTranslationFilter@5fd50b5d, org.springframework.security.web.access.intercept.FilterSecurityInterceptor@264e4505]
2021-07-26 16:36:33.882 [restartedMain] INFO  org.apache.coyote.http11.Http11NioProtocol - Starting ProtocolHandler ["http-nio-8080"]
2021-07-26 16:36:33.889 [restartedMain] INFO  o.s.boot.web.embedded.tomcat.TomcatWebServer - Tomcat started on port(s): 8080 (http) with context path ''
2021-07-26 16:36:34.621 [restartedMain] INFO  o.s.s.a.ScheduledAnnotationBeanPostProcessor - No TaskScheduler/ScheduledExecutorService bean found for scheduled processing
2021-07-26 16:36:34.627 [restartedMain] INFO  c.s.g.w.account.Gk211985WechatAccountApplication - Started Gk211985WechatAccountApplication in 4.08 seconds (JVM running for 4.717)
2021-07-26 16:36:39.328 [http-nio-8080-exec-1] INFO  o.a.c.core.ContainerBase.[Tomcat].[localhost].[/] - Initializing Spring DispatcherServlet 'dispatcherServlet'
2021-07-26 16:36:39.328 [http-nio-8080-exec-1] INFO  org.springframework.web.servlet.DispatcherServlet - Initializing Servlet 'dispatcherServlet'
2021-07-26 16:36:39.329 [http-nio-8080-exec-1] INFO  org.springframework.web.servlet.DispatcherServlet - Completed initialization in 1 ms
2021-07-26 16:38:59.616 [restartedMain] INFO  c.s.g.w.account.Gk211985WechatAccountApplication - Starting Gk211985WechatAccountApplication using Java 11.0.2 on DESKTOP-PENBIRK with PID 20608 (E:\Version Control\Git Work Space\GitHub\gk211985-wechat-account\target\classes started by kefu in E:\Version Control\Git Work Space\GitHub\gk211985-wechat-account)
2021-07-26 16:38:59.617 [restartedMain] INFO  c.s.g.w.account.Gk211985WechatAccountApplication - The following profiles are active: dev
2021-07-26 16:38:59.647 [restartedMain] INFO  o.s.b.d.env.DevToolsPropertyDefaultsPostProcessor - Devtools property defaults active! Set 'spring.devtools.add-properties' to 'false' to disable
2021-07-26 16:38:59.648 [restartedMain] INFO  o.s.b.d.env.DevToolsPropertyDefaultsPostProcessor - For additional web related logging consider setting the 'logging.level.web' property to 'DEBUG'
2021-07-26 16:39:00.117 [restartedMain] INFO  o.s.d.r.config.RepositoryConfigurationDelegate - Multiple Spring Data modules found, entering strict repository configuration mode!
2021-07-26 16:39:00.118 [restartedMain] INFO  o.s.d.r.config.RepositoryConfigurationDelegate - Bootstrapping Spring Data Redis repositories in DEFAULT mode.
2021-07-26 16:39:00.132 [restartedMain] INFO  o.s.d.r.config.RepositoryConfigurationDelegate - Finished Spring Data repository scanning in 6 ms. Found 0 Redis repository interfaces.
2021-07-26 16:39:00.258 [restartedMain] INFO  o.springframework.cloud.context.scope.GenericScope - BeanFactory id=61ffb9fe-de08-33aa-aad0-ae7f2428e96c
2021-07-26 16:39:00.276 [restartedMain] INFO  o.s.c.s.PostProcessorRegistrationDelegate$BeanPostProcessorChecker - Bean 'threadPoolConfig' of type [ThreadPoolConfig$$EnhancerBySpringCGLIB$$f92c1cbc] is not eligible for getting processed by all BeanPostProcessors (for example: not eligible for auto-proxying)
2021-07-26 16:39:00.343 [restartedMain] INFO  o.s.c.s.PostProcessorRegistrationDelegate$BeanPostProcessorChecker - Bean 'redisConfig' of type [RedisConfig$$EnhancerBySpringCGLIB$$fed5b4c8] is not eligible for getting processed by all BeanPostProcessors (for example: not eligible for auto-proxying)
2021-07-26 16:39:00.592 [restartedMain] INFO  o.s.boot.web.embedded.tomcat.TomcatWebServer - Tomcat initialized with port(s): 8080 (http)
2021-07-26 16:39:00.597 [restartedMain] INFO  org.apache.coyote.http11.Http11NioProtocol - Initializing ProtocolHandler ["http-nio-8080"]
2021-07-26 16:39:00.598 [restartedMain] INFO  org.apache.catalina.core.StandardService - Starting service [Tomcat]
2021-07-26 16:39:00.598 [restartedMain] INFO  org.apache.catalina.core.StandardEngine - Starting Servlet engine: [Apache Tomcat/9.0.39]
2021-07-26 16:39:00.664 [restartedMain] INFO  o.a.c.core.ContainerBase.[Tomcat].[localhost].[/] - Initializing Spring embedded WebApplicationContext
2021-07-26 16:39:00.664 [restartedMain] INFO  o.s.b.w.s.c.ServletWebServerApplicationContext - Root WebApplicationContext: initialization completed in 1016 ms
2021-07-26 16:39:01.320 [restartedMain] INFO  o.s.scheduling.concurrent.ThreadPoolTaskExecutor - Initializing ExecutorService 'thread'
2021-07-26 16:39:01.790 [restartedMain] INFO  o.s.security.web.DefaultSecurityFilterChain - Will secure any request with [org.springframework.security.web.context.request.async.WebAsyncManagerIntegrationFilter@1569308f, org.springframework.security.web.context.SecurityContextPersistenceFilter@1fc7e097, org.springframework.security.web.header.HeaderWriterFilter@50feb079, org.springframework.security.web.csrf.CsrfFilter@1b295783, org.springframework.security.web.authentication.logout.LogoutFilter@3852467, org.springframework.security.web.authentication.UsernamePasswordAuthenticationFilter@31970818, org.springframework.security.web.savedrequest.RequestCacheAwareFilter@119fb04d, org.springframework.security.web.servletapi.SecurityContextHolderAwareRequestFilter@612826f7, org.springframework.security.web.authentication.AnonymousAuthenticationFilter@5d8b7bb8, org.springframework.security.web.session.SessionManagementFilter@7496e18e, org.springframework.security.web.access.ExceptionTranslationFilter@a655d95, org.springframework.security.web.access.intercept.FilterSecurityInterceptor@645de10c]
2021-07-26 16:39:02.503 [restartedMain] INFO  org.apache.coyote.http11.Http11NioProtocol - Starting ProtocolHandler ["http-nio-8080"]
2021-07-26 16:39:02.510 [restartedMain] INFO  o.s.boot.web.embedded.tomcat.TomcatWebServer - Tomcat started on port(s): 8080 (http) with context path ''
2021-07-26 16:39:03.253 [restartedMain] INFO  o.s.s.a.ScheduledAnnotationBeanPostProcessor - No TaskScheduler/ScheduledExecutorService bean found for scheduled processing
2021-07-26 16:39:03.258 [restartedMain] INFO  c.s.g.w.account.Gk211985WechatAccountApplication - Started Gk211985WechatAccountApplication in 4.104 seconds (JVM running for 4.781)
2021-07-26 16:39:36.014 [http-nio-8080-exec-1] INFO  o.a.c.core.ContainerBase.[Tomcat].[localhost].[/] - Initializing Spring DispatcherServlet 'dispatcherServlet'
2021-07-26 16:39:36.014 [http-nio-8080-exec-1] INFO  org.springframework.web.servlet.DispatcherServlet - Initializing Servlet 'dispatcherServlet'
2021-07-26 16:39:36.015 [http-nio-8080-exec-1] INFO  org.springframework.web.servlet.DispatcherServlet - Completed initialization in 1 ms
2021-07-26 16:40:48.198 [restartedMain] INFO  c.s.g.w.account.Gk211985WechatAccountApplication - Starting Gk211985WechatAccountApplication using Java 11.0.2 on DESKTOP-PENBIRK with PID 7808 (E:\Version Control\Git Work Space\GitHub\gk211985-wechat-account\target\classes started by kefu in E:\Version Control\Git Work Space\GitHub\gk211985-wechat-account)
2021-07-26 16:40:48.198 [restartedMain] INFO  c.s.g.w.account.Gk211985WechatAccountApplication - The following profiles are active: dev
2021-07-26 16:40:48.227 [restartedMain] INFO  o.s.b.d.env.DevToolsPropertyDefaultsPostProcessor - Devtools property defaults active! Set 'spring.devtools.add-properties' to 'false' to disable
2021-07-26 16:40:48.227 [restartedMain] INFO  o.s.b.d.env.DevToolsPropertyDefaultsPostProcessor - For additional web related logging consider setting the 'logging.level.web' property to 'DEBUG'
2021-07-26 16:40:48.695 [restartedMain] INFO  o.s.d.r.config.RepositoryConfigurationDelegate - Multiple Spring Data modules found, entering strict repository configuration mode!
2021-07-26 16:40:48.696 [restartedMain] INFO  o.s.d.r.config.RepositoryConfigurationDelegate - Bootstrapping Spring Data Redis repositories in DEFAULT mode.
2021-07-26 16:40:48.715 [restartedMain] INFO  o.s.d.r.config.RepositoryConfigurationDelegate - Finished Spring Data repository scanning in 7 ms. Found 0 Redis repository interfaces.
2021-07-26 16:40:48.837 [restartedMain] INFO  o.springframework.cloud.context.scope.GenericScope - BeanFactory id=61ffb9fe-de08-33aa-aad0-ae7f2428e96c
2021-07-26 16:40:48.856 [restartedMain] INFO  o.s.c.s.PostProcessorRegistrationDelegate$BeanPostProcessorChecker - Bean 'threadPoolConfig' of type [ThreadPoolConfig$$EnhancerBySpringCGLIB$$bbb3fe02] is not eligible for getting processed by all BeanPostProcessors (for example: not eligible for auto-proxying)
2021-07-26 16:40:48.927 [restartedMain] INFO  o.s.c.s.PostProcessorRegistrationDelegate$BeanPostProcessorChecker - Bean 'redisConfig' of type [RedisConfig$$EnhancerBySpringCGLIB$$c15d960e] is not eligible for getting processed by all BeanPostProcessors (for example: not eligible for auto-proxying)
2021-07-26 16:40:49.178 [restartedMain] INFO  o.s.boot.web.embedded.tomcat.TomcatWebServer - Tomcat initialized with port(s): 8080 (http)
2021-07-26 16:40:49.184 [restartedMain] INFO  org.apache.coyote.http11.Http11NioProtocol - Initializing ProtocolHandler ["http-nio-8080"]
2021-07-26 16:40:49.184 [restartedMain] INFO  org.apache.catalina.core.StandardService - Starting service [Tomcat]
2021-07-26 16:40:49.184 [restartedMain] INFO  org.apache.catalina.core.StandardEngine - Starting Servlet engine: [Apache Tomcat/9.0.39]
2021-07-26 16:40:49.249 [restartedMain] INFO  o.a.c.core.ContainerBase.[Tomcat].[localhost].[/] - Initializing Spring embedded WebApplicationContext
2021-07-26 16:40:49.250 [restartedMain] INFO  o.s.b.w.s.c.ServletWebServerApplicationContext - Root WebApplicationContext: initialization completed in 1023 ms
2021-07-26 16:40:49.880 [restartedMain] INFO  o.s.scheduling.concurrent.ThreadPoolTaskExecutor - Initializing ExecutorService 'thread'
2021-07-26 16:40:50.351 [restartedMain] INFO  o.s.security.web.DefaultSecurityFilterChain - Will secure any request with [org.springframework.security.web.context.request.async.WebAsyncManagerIntegrationFilter@4f987dff, org.springframework.security.web.context.SecurityContextPersistenceFilter@138b1b83, org.springframework.security.web.header.HeaderWriterFilter@7f8c6c54, org.springframework.security.web.csrf.CsrfFilter@465bd819, org.springframework.security.web.authentication.logout.LogoutFilter@ce6f854, org.springframework.security.web.authentication.UsernamePasswordAuthenticationFilter@65e30370, org.springframework.security.web.savedrequest.RequestCacheAwareFilter@31349d23, org.springframework.security.web.servletapi.SecurityContextHolderAwareRequestFilter@5e5755ba, org.springframework.security.web.authentication.AnonymousAuthenticationFilter@2507d029, org.springframework.security.web.session.SessionManagementFilter@2fec75c9, org.springframework.security.web.access.ExceptionTranslationFilter@45fb4e14, org.springframework.security.web.access.intercept.FilterSecurityInterceptor@5489502f]
2021-07-26 16:40:51.070 [restartedMain] INFO  org.apache.coyote.http11.Http11NioProtocol - Starting ProtocolHandler ["http-nio-8080"]
2021-07-26 16:40:51.076 [restartedMain] INFO  o.s.boot.web.embedded.tomcat.TomcatWebServer - Tomcat started on port(s): 8080 (http) with context path ''
2021-07-26 16:40:51.835 [restartedMain] INFO  o.s.s.a.ScheduledAnnotationBeanPostProcessor - No TaskScheduler/ScheduledExecutorService bean found for scheduled processing
2021-07-26 16:40:51.841 [restartedMain] INFO  c.s.g.w.account.Gk211985WechatAccountApplication - Started Gk211985WechatAccountApplication in 4.098 seconds (JVM running for 4.744)
2021-07-26 16:40:54.278 [http-nio-8080-exec-1] INFO  o.a.c.core.ContainerBase.[Tomcat].[localhost].[/] - Initializing Spring DispatcherServlet 'dispatcherServlet'
2021-07-26 16:40:54.279 [http-nio-8080-exec-1] INFO  org.springframework.web.servlet.DispatcherServlet - Initializing Servlet 'dispatcherServlet'
2021-07-26 16:40:54.280 [http-nio-8080-exec-1] INFO  org.springframework.web.servlet.DispatcherServlet - Completed initialization in 1 ms
2021-07-26 16:42:19.536 [restartedMain] INFO  c.s.g.w.account.Gk211985WechatAccountApplication - Starting Gk211985WechatAccountApplication using Java 11.0.2 on DESKTOP-PENBIRK with PID 16440 (E:\Version Control\Git Work Space\GitHub\gk211985-wechat-account\target\classes started by kefu in E:\Version Control\Git Work Space\GitHub\gk211985-wechat-account)
2021-07-26 16:42:19.537 [restartedMain] INFO  c.s.g.w.account.Gk211985WechatAccountApplication - The following profiles are active: dev
2021-07-26 16:42:19.571 [restartedMain] INFO  o.s.b.d.env.DevToolsPropertyDefaultsPostProcessor - Devtools property defaults active! Set 'spring.devtools.add-properties' to 'false' to disable
2021-07-26 16:42:19.571 [restartedMain] INFO  o.s.b.d.env.DevToolsPropertyDefaultsPostProcessor - For additional web related logging consider setting the 'logging.level.web' property to 'DEBUG'
2021-07-26 16:42:20.052 [restartedMain] INFO  o.s.d.r.config.RepositoryConfigurationDelegate - Multiple Spring Data modules found, entering strict repository configuration mode!
2021-07-26 16:42:20.053 [restartedMain] INFO  o.s.d.r.config.RepositoryConfigurationDelegate - Bootstrapping Spring Data Redis repositories in DEFAULT mode.
2021-07-26 16:42:20.067 [restartedMain] INFO  o.s.d.r.config.RepositoryConfigurationDelegate - Finished Spring Data repository scanning in 6 ms. Found 0 Redis repository interfaces.
2021-07-26 16:42:20.192 [restartedMain] INFO  o.springframework.cloud.context.scope.GenericScope - BeanFactory id=61ffb9fe-de08-33aa-aad0-ae7f2428e96c
2021-07-26 16:42:20.211 [restartedMain] INFO  o.s.c.s.PostProcessorRegistrationDelegate$BeanPostProcessorChecker - Bean 'threadPoolConfig' of type [ThreadPoolConfig$$EnhancerBySpringCGLIB$$77fcc3c8] is not eligible for getting processed by all BeanPostProcessors (for example: not eligible for auto-proxying)
2021-07-26 16:42:20.281 [restartedMain] INFO  o.s.c.s.PostProcessorRegistrationDelegate$BeanPostProcessorChecker - Bean 'redisConfig' of type [RedisConfig$$EnhancerBySpringCGLIB$$7da65bd4] is not eligible for getting processed by all BeanPostProcessors (for example: not eligible for auto-proxying)
2021-07-26 16:42:20.528 [restartedMain] INFO  o.s.boot.web.embedded.tomcat.TomcatWebServer - Tomcat initialized with port(s): 8080 (http)
2021-07-26 16:42:20.534 [restartedMain] INFO  org.apache.coyote.http11.Http11NioProtocol - Initializing ProtocolHandler ["http-nio-8080"]
2021-07-26 16:42:20.534 [restartedMain] INFO  org.apache.catalina.core.StandardService - Starting service [Tomcat]
2021-07-26 16:42:20.534 [restartedMain] INFO  org.apache.catalina.core.StandardEngine - Starting Servlet engine: [Apache Tomcat/9.0.39]
2021-07-26 16:42:20.600 [restartedMain] INFO  o.a.c.core.ContainerBase.[Tomcat].[localhost].[/] - Initializing Spring embedded WebApplicationContext
2021-07-26 16:42:20.600 [restartedMain] INFO  o.s.b.w.s.c.ServletWebServerApplicationContext - Root WebApplicationContext: initialization completed in 1028 ms
2021-07-26 16:42:21.266 [restartedMain] INFO  o.s.scheduling.concurrent.ThreadPoolTaskExecutor - Initializing ExecutorService 'thread'
2021-07-26 16:42:21.761 [restartedMain] INFO  o.s.security.web.DefaultSecurityFilterChain - Will secure any request with [org.springframework.security.web.context.request.async.WebAsyncManagerIntegrationFilter@74060ec1, org.springframework.security.web.context.SecurityContextPersistenceFilter@6bb16b4a, org.springframework.security.web.header.HeaderWriterFilter@3ffb13c8, org.springframework.security.web.csrf.CsrfFilter@6de674f5, org.springframework.security.web.authentication.logout.LogoutFilter@2c581451, org.springframework.security.web.authentication.UsernamePasswordAuthenticationFilter@20da0c89, org.springframework.security.web.savedrequest.RequestCacheAwareFilter@203493f1, org.springframework.security.web.servletapi.SecurityContextHolderAwareRequestFilter@1a5c1fba, org.springframework.security.web.authentication.AnonymousAuthenticationFilter@2db7c51d, org.springframework.security.web.session.SessionManagementFilter@4f9bee15, org.springframework.security.web.access.ExceptionTranslationFilter@595cf62a, org.springframework.security.web.access.intercept.FilterSecurityInterceptor@43a23c45]
2021-07-26 16:42:22.527 [restartedMain] INFO  org.apache.coyote.http11.Http11NioProtocol - Starting ProtocolHandler ["http-nio-8080"]
2021-07-26 16:42:22.534 [restartedMain] INFO  o.s.boot.web.embedded.tomcat.TomcatWebServer - Tomcat started on port(s): 8080 (http) with context path ''
2021-07-26 16:42:23.279 [restartedMain] INFO  o.s.s.a.ScheduledAnnotationBeanPostProcessor - No TaskScheduler/ScheduledExecutorService bean found for scheduled processing
2021-07-26 16:42:23.285 [restartedMain] INFO  c.s.g.w.account.Gk211985WechatAccountApplication - Started Gk211985WechatAccountApplication in 4.219 seconds (JVM running for 4.852)
2021-07-26 16:42:28.434 [http-nio-8080-exec-1] INFO  o.a.c.core.ContainerBase.[Tomcat].[localhost].[/] - Initializing Spring DispatcherServlet 'dispatcherServlet'
2021-07-26 16:42:28.434 [http-nio-8080-exec-1] INFO  org.springframework.web.servlet.DispatcherServlet - Initializing Servlet 'dispatcherServlet'
2021-07-26 16:42:28.435 [http-nio-8080-exec-1] INFO  org.springframework.web.servlet.DispatcherServlet - Completed initialization in 1 ms
2021-07-26 16:43:14.466 [restartedMain] INFO  c.s.g.w.account.Gk211985WechatAccountApplication - Starting Gk211985WechatAccountApplication using Java 11.0.2 on DESKTOP-PENBIRK with PID 23592 (E:\Version Control\Git Work Space\GitHub\gk211985-wechat-account\target\classes started by kefu in E:\Version Control\Git Work Space\GitHub\gk211985-wechat-account)
2021-07-26 16:43:14.466 [restartedMain] INFO  c.s.g.w.account.Gk211985WechatAccountApplication - The following profiles are active: dev
2021-07-26 16:43:14.496 [restartedMain] INFO  o.s.b.d.env.DevToolsPropertyDefaultsPostProcessor - Devtools property defaults active! Set 'spring.devtools.add-properties' to 'false' to disable
2021-07-26 16:43:14.496 [restartedMain] INFO  o.s.b.d.env.DevToolsPropertyDefaultsPostProcessor - For additional web related logging consider setting the 'logging.level.web' property to 'DEBUG'
2021-07-26 16:43:14.957 [restartedMain] INFO  o.s.d.r.config.RepositoryConfigurationDelegate - Multiple Spring Data modules found, entering strict repository configuration mode!
2021-07-26 16:43:14.958 [restartedMain] INFO  o.s.d.r.config.RepositoryConfigurationDelegate - Bootstrapping Spring Data Redis repositories in DEFAULT mode.
2021-07-26 16:43:14.971 [restartedMain] INFO  o.s.d.r.config.RepositoryConfigurationDelegate - Finished Spring Data repository scanning in 6 ms. Found 0 Redis repository interfaces.
2021-07-26 16:43:15.094 [restartedMain] INFO  o.springframework.cloud.context.scope.GenericScope - BeanFactory id=61ffb9fe-de08-33aa-aad0-ae7f2428e96c
2021-07-26 16:43:15.112 [restartedMain] INFO  o.s.c.s.PostProcessorRegistrationDelegate$BeanPostProcessorChecker - Bean 'threadPoolConfig' of type [ThreadPoolConfig$$EnhancerBySpringCGLIB$$da5a9129] is not eligible for getting processed by all BeanPostProcessors (for example: not eligible for auto-proxying)
2021-07-26 16:43:15.175 [restartedMain] INFO  o.s.c.s.PostProcessorRegistrationDelegate$BeanPostProcessorChecker - Bean 'redisConfig' of type [RedisConfig$$EnhancerBySpringCGLIB$$e0042935] is not eligible for getting processed by all BeanPostProcessors (for example: not eligible for auto-proxying)
2021-07-26 16:43:15.425 [restartedMain] INFO  o.s.boot.web.embedded.tomcat.TomcatWebServer - Tomcat initialized with port(s): 8080 (http)
2021-07-26 16:43:15.430 [restartedMain] INFO  org.apache.coyote.http11.Http11NioProtocol - Initializing ProtocolHandler ["http-nio-8080"]
2021-07-26 16:43:15.431 [restartedMain] INFO  org.apache.catalina.core.StandardService - Starting service [Tomcat]
2021-07-26 16:43:15.431 [restartedMain] INFO  org.apache.catalina.core.StandardEngine - Starting Servlet engine: [Apache Tomcat/9.0.39]
2021-07-26 16:43:15.496 [restartedMain] INFO  o.a.c.core.ContainerBase.[Tomcat].[localhost].[/] - Initializing Spring embedded WebApplicationContext
2021-07-26 16:43:15.496 [restartedMain] INFO  o.s.b.w.s.c.ServletWebServerApplicationContext - Root WebApplicationContext: initialization completed in 1000 ms
2021-07-26 16:43:16.132 [restartedMain] INFO  o.s.scheduling.concurrent.ThreadPoolTaskExecutor - Initializing ExecutorService 'thread'
2021-07-26 16:43:16.601 [restartedMain] INFO  o.s.security.web.DefaultSecurityFilterChain - Will secure any request with [org.springframework.security.web.context.request.async.WebAsyncManagerIntegrationFilter@55a39a4c, org.springframework.security.web.context.SecurityContextPersistenceFilter@29d9bb56, org.springframework.security.web.header.HeaderWriterFilter@44013943, org.springframework.security.web.csrf.CsrfFilter@5b468a70, org.springframework.security.web.authentication.logout.LogoutFilter@399ea5dd, org.springframework.security.web.authentication.UsernamePasswordAuthenticationFilter@19fd5a43, org.springframework.security.web.savedrequest.RequestCacheAwareFilter@653793fb, org.springframework.security.web.servletapi.SecurityContextHolderAwareRequestFilter@20ded1b9, org.springframework.security.web.authentication.AnonymousAuthenticationFilter@4700bdc7, org.springframework.security.web.session.SessionManagementFilter@a1beeb6, org.springframework.security.web.access.ExceptionTranslationFilter@d94fdb, org.springframework.security.web.access.intercept.FilterSecurityInterceptor@71ff54fc]
2021-07-26 16:43:17.310 [restartedMain] INFO  org.apache.coyote.http11.Http11NioProtocol - Starting ProtocolHandler ["http-nio-8080"]
2021-07-26 16:43:17.317 [restartedMain] INFO  o.s.boot.web.embedded.tomcat.TomcatWebServer - Tomcat started on port(s): 8080 (http) with context path ''
2021-07-26 16:43:18.052 [restartedMain] INFO  o.s.s.a.ScheduledAnnotationBeanPostProcessor - No TaskScheduler/ScheduledExecutorService bean found for scheduled processing
2021-07-26 16:43:18.058 [restartedMain] INFO  c.s.g.w.account.Gk211985WechatAccountApplication - Started Gk211985WechatAccountApplication in 4.052 seconds (JVM running for 4.696)
2021-07-26 16:43:21.930 [http-nio-8080-exec-1] INFO  o.a.c.core.ContainerBase.[Tomcat].[localhost].[/] - Initializing Spring DispatcherServlet 'dispatcherServlet'
2021-07-26 16:43:21.930 [http-nio-8080-exec-1] INFO  org.springframework.web.servlet.DispatcherServlet - Initializing Servlet 'dispatcherServlet'
2021-07-26 16:43:21.932 [http-nio-8080-exec-1] INFO  org.springframework.web.servlet.DispatcherServlet - Completed initialization in 2 ms
2021-07-26 16:55:59.702 [restartedMain] INFO  c.s.g.w.account.Gk211985WechatAccountApplication - Starting Gk211985WechatAccountApplication using Java 11.0.2 on DESKTOP-PENBIRK with PID 16740 (E:\Version Control\Git Work Space\GitHub\gk211985-wechat-account\target\classes started by kefu in E:\Version Control\Git Work Space\GitHub\gk211985-wechat-account)
2021-07-26 16:55:59.703 [restartedMain] INFO  c.s.g.w.account.Gk211985WechatAccountApplication - The following profiles are active: dev
2021-07-26 16:55:59.736 [restartedMain] INFO  o.s.b.d.env.DevToolsPropertyDefaultsPostProcessor - Devtools property defaults active! Set 'spring.devtools.add-properties' to 'false' to disable
2021-07-26 16:55:59.736 [restartedMain] INFO  o.s.b.d.env.DevToolsPropertyDefaultsPostProcessor - For additional web related logging consider setting the 'logging.level.web' property to 'DEBUG'
2021-07-26 16:56:00.252 [restartedMain] INFO  o.s.d.r.config.RepositoryConfigurationDelegate - Multiple Spring Data modules found, entering strict repository configuration mode!
2021-07-26 16:56:00.253 [restartedMain] INFO  o.s.d.r.config.RepositoryConfigurationDelegate - Bootstrapping Spring Data Redis repositories in DEFAULT mode.
2021-07-26 16:56:00.267 [restartedMain] INFO  o.s.d.r.config.RepositoryConfigurationDelegate - Finished Spring Data repository scanning in 7 ms. Found 0 Redis repository interfaces.
2021-07-26 16:56:00.393 [restartedMain] INFO  o.springframework.cloud.context.scope.GenericScope - BeanFactory id=61ffb9fe-de08-33aa-aad0-ae7f2428e96c
2021-07-26 16:56:00.412 [restartedMain] INFO  o.s.c.s.PostProcessorRegistrationDelegate$BeanPostProcessorChecker - Bean 'threadPoolConfig' of type [ThreadPoolConfig$$EnhancerBySpringCGLIB$$dbb4f56c] is not eligible for getting processed by all BeanPostProcessors (for example: not eligible for auto-proxying)
2021-07-26 16:56:00.488 [restartedMain] INFO  o.s.c.s.PostProcessorRegistrationDelegate$BeanPostProcessorChecker - Bean 'redisConfig' of type [RedisConfig$$EnhancerBySpringCGLIB$$e15e8d78] is not eligible for getting processed by all BeanPostProcessors (for example: not eligible for auto-proxying)
2021-07-26 16:56:00.749 [restartedMain] INFO  o.s.boot.web.embedded.tomcat.TomcatWebServer - Tomcat initialized with port(s): 8080 (http)
2021-07-26 16:56:00.754 [restartedMain] INFO  org.apache.coyote.http11.Http11NioProtocol - Initializing ProtocolHandler ["http-nio-8080"]
2021-07-26 16:56:00.754 [restartedMain] INFO  org.apache.catalina.core.StandardService - Starting service [Tomcat]
2021-07-26 16:56:00.754 [restartedMain] INFO  org.apache.catalina.core.StandardEngine - Starting Servlet engine: [Apache Tomcat/9.0.39]
2021-07-26 16:56:00.815 [restartedMain] INFO  o.a.c.core.ContainerBase.[Tomcat].[localhost].[/] - Initializing Spring embedded WebApplicationContext
2021-07-26 16:56:00.815 [restartedMain] INFO  o.s.b.w.s.c.ServletWebServerApplicationContext - Root WebApplicationContext: initialization completed in 1079 ms
2021-07-26 16:56:01.445 [restartedMain] INFO  o.s.scheduling.concurrent.ThreadPoolTaskExecutor - Initializing ExecutorService 'thread'
2021-07-26 16:56:01.919 [restartedMain] INFO  o.s.security.web.DefaultSecurityFilterChain - Will secure any request with [org.springframework.security.web.context.request.async.WebAsyncManagerIntegrationFilter@31fcd43f, org.springframework.security.web.context.SecurityContextPersistenceFilter@2f0a891e, org.springframework.security.web.header.HeaderWriterFilter@58f89095, org.springframework.security.web.csrf.CsrfFilter@61793820, org.springframework.security.web.authentication.logout.LogoutFilter@5df7cc27, org.springframework.security.web.authentication.UsernamePasswordAuthenticationFilter@2904bb82, org.springframework.security.web.savedrequest.RequestCacheAwareFilter@394221d2, org.springframework.security.web.servletapi.SecurityContextHolderAwareRequestFilter@168b8a24, org.springframework.security.web.authentication.AnonymousAuthenticationFilter@344e8dec, org.springframework.security.web.session.SessionManagementFilter@260556a6, org.springframework.security.web.access.ExceptionTranslationFilter@34bf0567, org.springframework.security.web.access.intercept.FilterSecurityInterceptor@1adabb91]
2021-07-26 16:56:02.680 [restartedMain] INFO  org.apache.coyote.http11.Http11NioProtocol - Starting ProtocolHandler ["http-nio-8080"]
2021-07-26 16:56:02.686 [restartedMain] INFO  o.s.boot.web.embedded.tomcat.TomcatWebServer - Tomcat started on port(s): 8080 (http) with context path ''
2021-07-26 16:56:03.427 [restartedMain] INFO  o.s.s.a.ScheduledAnnotationBeanPostProcessor - No TaskScheduler/ScheduledExecutorService bean found for scheduled processing
2021-07-26 16:56:03.442 [restartedMain] INFO  c.s.g.w.account.Gk211985WechatAccountApplication - Started Gk211985WechatAccountApplication in 4.186 seconds (JVM running for 4.842)
2021-07-26 16:56:11.904 [http-nio-8080-exec-1] INFO  o.a.c.core.ContainerBase.[Tomcat].[localhost].[/] - Initializing Spring DispatcherServlet 'dispatcherServlet'
2021-07-26 16:56:11.905 [http-nio-8080-exec-1] INFO  org.springframework.web.servlet.DispatcherServlet - Initializing Servlet 'dispatcherServlet'
2021-07-26 16:56:11.906 [http-nio-8080-exec-1] INFO  org.springframework.web.servlet.DispatcherServlet - Completed initialization in 1 ms
2021-07-26 16:56:39.746 [restartedMain] INFO  c.s.g.w.account.Gk211985WechatAccountApplication - Starting Gk211985WechatAccountApplication using Java 11.0.2 on DESKTOP-PENBIRK with PID 20724 (E:\Version Control\Git Work Space\GitHub\gk211985-wechat-account\target\classes started by kefu in E:\Version Control\Git Work Space\GitHub\gk211985-wechat-account)
2021-07-26 16:56:39.747 [restartedMain] INFO  c.s.g.w.account.Gk211985WechatAccountApplication - The following profiles are active: dev
2021-07-26 16:56:39.776 [restartedMain] INFO  o.s.b.d.env.DevToolsPropertyDefaultsPostProcessor - Devtools property defaults active! Set 'spring.devtools.add-properties' to 'false' to disable
2021-07-26 16:56:39.776 [restartedMain] INFO  o.s.b.d.env.DevToolsPropertyDefaultsPostProcessor - For additional web related logging consider setting the 'logging.level.web' property to 'DEBUG'
2021-07-26 16:56:40.245 [restartedMain] INFO  o.s.d.r.config.RepositoryConfigurationDelegate - Multiple Spring Data modules found, entering strict repository configuration mode!
2021-07-26 16:56:40.246 [restartedMain] INFO  o.s.d.r.config.RepositoryConfigurationDelegate - Bootstrapping Spring Data Redis repositories in DEFAULT mode.
2021-07-26 16:56:40.263 [restartedMain] INFO  o.s.d.r.config.RepositoryConfigurationDelegate - Finished Spring Data repository scanning in 10 ms. Found 0 Redis repository interfaces.
2021-07-26 16:56:40.388 [restartedMain] INFO  o.springframework.cloud.context.scope.GenericScope - BeanFactory id=61ffb9fe-de08-33aa-aad0-ae7f2428e96c
2021-07-26 16:56:40.406 [restartedMain] INFO  o.s.c.s.PostProcessorRegistrationDelegate$BeanPostProcessorChecker - Bean 'threadPoolConfig' of type [ThreadPoolConfig$$EnhancerBySpringCGLIB$$7b826b0c] is not eligible for getting processed by all BeanPostProcessors (for example: not eligible for auto-proxying)
2021-07-26 16:56:40.476 [restartedMain] INFO  o.s.c.s.PostProcessorRegistrationDelegate$BeanPostProcessorChecker - Bean 'redisConfig' of type [RedisConfig$$EnhancerBySpringCGLIB$$812c0318] is not eligible for getting processed by all BeanPostProcessors (for example: not eligible for auto-proxying)
2021-07-26 16:56:40.724 [restartedMain] INFO  o.s.boot.web.embedded.tomcat.TomcatWebServer - Tomcat initialized with port(s): 8080 (http)
2021-07-26 16:56:40.729 [restartedMain] INFO  org.apache.coyote.http11.Http11NioProtocol - Initializing ProtocolHandler ["http-nio-8080"]
2021-07-26 16:56:40.729 [restartedMain] INFO  org.apache.catalina.core.StandardService - Starting service [Tomcat]
2021-07-26 16:56:40.729 [restartedMain] INFO  org.apache.catalina.core.StandardEngine - Starting Servlet engine: [Apache Tomcat/9.0.39]
2021-07-26 16:56:40.796 [restartedMain] INFO  o.a.c.core.ContainerBase.[Tomcat].[localhost].[/] - Initializing Spring embedded WebApplicationContext
2021-07-26 16:56:40.796 [restartedMain] INFO  o.s.b.w.s.c.ServletWebServerApplicationContext - Root WebApplicationContext: initialization completed in 1019 ms
2021-07-26 16:56:41.429 [restartedMain] INFO  o.s.scheduling.concurrent.ThreadPoolTaskExecutor - Initializing ExecutorService 'thread'
2021-07-26 16:56:41.896 [restartedMain] INFO  o.s.security.web.DefaultSecurityFilterChain - Will secure any request with [org.springframework.security.web.context.request.async.WebAsyncManagerIntegrationFilter@70d33dfb, org.springframework.security.web.context.SecurityContextPersistenceFilter@7cef598, org.springframework.security.web.header.HeaderWriterFilter@7cad3e81, org.springframework.security.web.csrf.CsrfFilter@19a59de6, org.springframework.security.web.authentication.logout.LogoutFilter@3be610c1, org.springframework.security.web.authentication.UsernamePasswordAuthenticationFilter@4399f665, org.springframework.security.web.savedrequest.RequestCacheAwareFilter@e63dc85, org.springframework.security.web.servletapi.SecurityContextHolderAwareRequestFilter@343f16ff, org.springframework.security.web.authentication.AnonymousAuthenticationFilter@6226e904, org.springframework.security.web.session.SessionManagementFilter@66e44323, org.springframework.security.web.access.ExceptionTranslationFilter@6dc05fd4, org.springframework.security.web.access.intercept.FilterSecurityInterceptor@263b1b41]
2021-07-26 16:56:42.625 [restartedMain] INFO  org.apache.coyote.http11.Http11NioProtocol - Starting ProtocolHandler ["http-nio-8080"]
2021-07-26 16:56:42.631 [restartedMain] INFO  o.s.boot.web.embedded.tomcat.TomcatWebServer - Tomcat started on port(s): 8080 (http) with context path ''
2021-07-26 16:56:43.376 [restartedMain] INFO  o.s.s.a.ScheduledAnnotationBeanPostProcessor - No TaskScheduler/ScheduledExecutorService bean found for scheduled processing
2021-07-26 16:56:43.382 [restartedMain] INFO  c.s.g.w.account.Gk211985WechatAccountApplication - Started Gk211985WechatAccountApplication in 4.093 seconds (JVM running for 4.729)
2021-07-26 16:57:49.920 [http-nio-8080-exec-1] INFO  o.a.c.core.ContainerBase.[Tomcat].[localhost].[/] - Initializing Spring DispatcherServlet 'dispatcherServlet'
2021-07-26 16:57:49.920 [http-nio-8080-exec-1] INFO  org.springframework.web.servlet.DispatcherServlet - Initializing Servlet 'dispatcherServlet'
2021-07-26 16:57:49.922 [http-nio-8080-exec-1] INFO  org.springframework.web.servlet.DispatcherServlet - Completed initialization in 1 ms
2021-07-26 17:10:19.702 [restartedMain] INFO  c.s.g.w.account.Gk211985WechatAccountApplication - Starting Gk211985WechatAccountApplication using Java 11.0.2 on DESKTOP-PENBIRK with PID 11648 (E:\Version Control\Git Work Space\GitHub\gk211985-wechat-account\target\classes started by kefu in E:\Version Control\Git Work Space\GitHub\gk211985-wechat-account)
2021-07-26 17:10:19.702 [restartedMain] INFO  c.s.g.w.account.Gk211985WechatAccountApplication - The following profiles are active: dev
2021-07-26 17:10:19.734 [restartedMain] INFO  o.s.b.d.env.DevToolsPropertyDefaultsPostProcessor - Devtools property defaults active! Set 'spring.devtools.add-properties' to 'false' to disable
2021-07-26 17:10:19.734 [restartedMain] INFO  o.s.b.d.env.DevToolsPropertyDefaultsPostProcessor - For additional web related logging consider setting the 'logging.level.web' property to 'DEBUG'
2021-07-26 17:10:20.213 [restartedMain] INFO  o.s.d.r.config.RepositoryConfigurationDelegate - Multiple Spring Data modules found, entering strict repository configuration mode!
2021-07-26 17:10:20.214 [restartedMain] INFO  o.s.d.r.config.RepositoryConfigurationDelegate - Bootstrapping Spring Data Redis repositories in DEFAULT mode.
2021-07-26 17:10:20.228 [restartedMain] INFO  o.s.d.r.config.RepositoryConfigurationDelegate - Finished Spring Data repository scanning in 6 ms. Found 0 Redis repository interfaces.
2021-07-26 17:10:20.363 [restartedMain] INFO  o.springframework.cloud.context.scope.GenericScope - BeanFactory id=8e2a2f42-aed6-3275-89e0-4d23182713b3
2021-07-26 17:10:20.383 [restartedMain] INFO  o.s.c.s.PostProcessorRegistrationDelegate$BeanPostProcessorChecker - Bean 'threadPoolConfig' of type [ThreadPoolConfig$$EnhancerBySpringCGLIB$$45492486] is not eligible for getting processed by all BeanPostProcessors (for example: not eligible for auto-proxying)
2021-07-26 17:10:20.454 [restartedMain] INFO  o.s.c.s.PostProcessorRegistrationDelegate$BeanPostProcessorChecker - Bean 'redisConfig' of type [RedisConfig$$EnhancerBySpringCGLIB$$4af2bc92] is not eligible for getting processed by all BeanPostProcessors (for example: not eligible for auto-proxying)
2021-07-26 17:10:20.712 [restartedMain] INFO  o.s.boot.web.embedded.tomcat.TomcatWebServer - Tomcat initialized with port(s): 8080 (http)
2021-07-26 17:10:20.717 [restartedMain] INFO  org.apache.coyote.http11.Http11NioProtocol - Initializing ProtocolHandler ["http-nio-8080"]
2021-07-26 17:10:20.717 [restartedMain] INFO  org.apache.catalina.core.StandardService - Starting service [Tomcat]
2021-07-26 17:10:20.718 [restartedMain] INFO  org.apache.catalina.core.StandardEngine - Starting Servlet engine: [Apache Tomcat/9.0.39]
2021-07-26 17:10:20.785 [restartedMain] INFO  o.a.c.core.ContainerBase.[Tomcat].[localhost].[/] - Initializing Spring embedded WebApplicationContext
2021-07-26 17:10:20.785 [restartedMain] INFO  o.s.b.w.s.c.ServletWebServerApplicationContext - Root WebApplicationContext: initialization completed in 1051 ms
2021-07-26 17:10:21.414 [restartedMain] INFO  o.s.scheduling.concurrent.ThreadPoolTaskExecutor - Initializing ExecutorService 'thread'
2021-07-26 17:10:21.895 [restartedMain] INFO  o.s.security.web.DefaultSecurityFilterChain - Will secure any request with [org.springframework.security.web.context.request.async.WebAsyncManagerIntegrationFilter@43a9718f, org.springframework.security.web.context.SecurityContextPersistenceFilter@2af88348, org.springframework.security.web.header.HeaderWriterFilter@2bf1dc56, org.springframework.security.web.csrf.CsrfFilter@56dba93c, org.springframework.security.web.authentication.logout.LogoutFilter@4ea11db3, org.springframework.security.web.authentication.UsernamePasswordAuthenticationFilter@2db9fee3, org.springframework.security.web.savedrequest.RequestCacheAwareFilter@484607ef, org.springframework.security.web.servletapi.SecurityContextHolderAwareRequestFilter@3edc8189, org.springframework.security.web.authentication.AnonymousAuthenticationFilter@46b502f2, org.springframework.security.web.session.SessionManagementFilter@1c7211c7, org.springframework.security.web.access.ExceptionTranslationFilter@74d2dd4c, org.springframework.security.web.access.intercept.FilterSecurityInterceptor@302fc859]
2021-07-26 17:10:22.643 [restartedMain] INFO  org.apache.coyote.http11.Http11NioProtocol - Starting ProtocolHandler ["http-nio-8080"]
2021-07-26 17:10:22.650 [restartedMain] INFO  o.s.boot.web.embedded.tomcat.TomcatWebServer - Tomcat started on port(s): 8080 (http) with context path ''
2021-07-26 17:10:22.848 [http-nio-8080-exec-1] INFO  o.a.c.core.ContainerBase.[Tomcat].[localhost].[/] - Initializing Spring DispatcherServlet 'dispatcherServlet'
2021-07-26 17:10:22.848 [http-nio-8080-exec-1] INFO  org.springframework.web.servlet.DispatcherServlet - Initializing Servlet 'dispatcherServlet'
2021-07-26 17:10:22.849 [http-nio-8080-exec-1] INFO  org.springframework.web.servlet.DispatcherServlet - Completed initialization in 1 ms
2021-07-26 17:10:23.400 [restartedMain] INFO  o.s.s.a.ScheduledAnnotationBeanPostProcessor - No TaskScheduler/ScheduledExecutorService bean found for scheduled processing
2021-07-26 17:10:23.405 [restartedMain] INFO  c.s.g.w.account.Gk211985WechatAccountApplication - Started Gk211985WechatAccountApplication in 4.164 seconds (JVM running for 4.828)
2021-07-26 17:10:50.487 [http-nio-8080-exec-10] INFO  org.springdoc.api.AbstractOpenApiResource - Init duration for springdoc-openapi is: 500 ms
