2021-07-23 11:11:38.414 [restartedMain] INFO  c.s.g.w.account.Gk211985WechatAccountApplication - Starting Gk211985WechatAccountApplication using Java 11.0.2 on DESKTOP-PENBIRK with PID 8848 (E:\Version Control\Git Work Space\GitHub\gk211985-wechat-account\target\classes started by kefu in E:\Version Control\Git Work Space\GitHub\gk211985-wechat-account)
2021-07-23 11:11:38.414 [restartedMain] INFO  c.s.g.w.account.Gk211985WechatAccountApplication - The following profiles are active: dev
2021-07-23 11:11:38.476 [restartedMain] INFO  o.s.b.d.env.DevToolsPropertyDefaultsPostProcessor - Devtools property defaults active! Set 'spring.devtools.add-properties' to 'false' to disable
2021-07-23 11:11:38.477 [restartedMain] INFO  o.s.b.d.env.DevToolsPropertyDefaultsPostProcessor - For additional web related logging consider setting the 'logging.level.web' property to 'DEBUG'
2021-07-23 11:11:38.961 [restartedMain] INFO  o.s.d.r.config.RepositoryConfigurationDelegate - Multiple Spring Data modules found, entering strict repository configuration mode!
2021-07-23 11:11:38.962 [restartedMain] INFO  o.s.d.r.config.RepositoryConfigurationDelegate - Bootstrapping Spring Data Redis repositories in DEFAULT mode.
2021-07-23 11:11:38.976 [restartedMain] INFO  o.s.d.r.config.RepositoryConfigurationDelegate - Finished Spring Data repository scanning in 6 ms. Found 0 Redis repository interfaces.
2021-07-23 11:11:39.101 [restartedMain] INFO  o.springframework.cloud.context.scope.GenericScope - BeanFactory id=8e2a2f42-aed6-3275-89e0-4d23182713b3
2021-07-23 11:11:39.128 [restartedMain] INFO  o.s.c.s.PostProcessorRegistrationDelegate$BeanPostProcessorChecker - Bean 'threadPoolConfig' of type [ThreadPoolConfig$$EnhancerBySpringCGLIB$$98aadcf9] is not eligible for getting processed by all BeanPostProcessors (for example: not eligible for auto-proxying)
2021-07-23 11:11:39.198 [restartedMain] INFO  o.s.c.s.PostProcessorRegistrationDelegate$BeanPostProcessorChecker - Bean 'redisConfig' of type [RedisConfig$$EnhancerBySpringCGLIB$$9e547505] is not eligible for getting processed by all BeanPostProcessors (for example: not eligible for auto-proxying)
2021-07-23 11:11:39.481 [restartedMain] INFO  o.s.boot.web.embedded.tomcat.TomcatWebServer - Tomcat initialized with port(s): 8080 (http)
2021-07-23 11:11:39.487 [restartedMain] INFO  org.apache.coyote.http11.Http11NioProtocol - Initializing ProtocolHandler ["http-nio-8080"]
2021-07-23 11:11:39.487 [restartedMain] INFO  org.apache.catalina.core.StandardService - Starting service [Tomcat]
2021-07-23 11:11:39.487 [restartedMain] INFO  org.apache.catalina.core.StandardEngine - Starting Servlet engine: [Apache Tomcat/9.0.39]
2021-07-23 11:11:39.576 [restartedMain] INFO  o.a.c.core.ContainerBase.[Tomcat].[localhost].[/] - Initializing Spring embedded WebApplicationContext
2021-07-23 11:11:39.577 [restartedMain] INFO  o.s.b.w.s.c.ServletWebServerApplicationContext - Root WebApplicationContext: initialization completed in 1097 ms
2021-07-23 11:11:40.190 [restartedMain] INFO  o.s.scheduling.concurrent.ThreadPoolTaskExecutor - Initializing ExecutorService 'thread'
2021-07-23 11:11:40.644 [restartedMain] INFO  o.s.b.a.s.s.UserDetailsServiceAutoConfiguration - 

Using generated security password: c44c3333-01b7-4778-9ee7-2d9f51f461da

2021-07-23 11:11:40.694 [restartedMain] INFO  o.s.security.web.DefaultSecurityFilterChain - Will secure any request with [org.springframework.security.web.context.request.async.WebAsyncManagerIntegrationFilter@4b20e023, org.springframework.security.web.context.SecurityContextPersistenceFilter@7eaf1df0, org.springframework.security.web.header.HeaderWriterFilter@2ee29a48, org.springframework.security.web.csrf.CsrfFilter@4bb80702, org.springframework.security.web.authentication.logout.LogoutFilter@3d5fd357, org.springframework.security.web.authentication.UsernamePasswordAuthenticationFilter@28737983, org.springframework.security.web.authentication.ui.DefaultLoginPageGeneratingFilter@18481a8e, org.springframework.security.web.authentication.ui.DefaultLogoutPageGeneratingFilter@6eefd9b8, org.springframework.security.web.authentication.www.BasicAuthenticationFilter@1890ca65, org.springframework.security.web.savedrequest.RequestCacheAwareFilter@49fd0ecc, org.springframework.security.web.servletapi.SecurityContextHolderAwareRequestFilter@7204d676, org.springframework.security.web.authentication.AnonymousAuthenticationFilter@18b5472e, org.springframework.security.web.session.SessionManagementFilter@5d13b494, org.springframework.security.web.access.ExceptionTranslationFilter@720e3f3a, org.springframework.security.web.access.intercept.FilterSecurityInterceptor@2519fae3]
2021-07-23 11:11:41.128 [restartedMain] INFO  o.s.b.d.autoconfigure.OptionalLiveReloadServer - LiveReload server is running on port 35729
2021-07-23 11:11:41.602 [restartedMain] INFO  org.apache.coyote.http11.Http11NioProtocol - Starting ProtocolHandler ["http-nio-8080"]
2021-07-23 11:11:41.609 [restartedMain] INFO  o.s.boot.web.embedded.tomcat.TomcatWebServer - Tomcat started on port(s): 8080 (http) with context path ''
2021-07-23 11:11:42.366 [restartedMain] INFO  o.s.s.a.ScheduledAnnotationBeanPostProcessor - No TaskScheduler/ScheduledExecutorService bean found for scheduled processing
2021-07-23 11:11:42.385 [restartedMain] INFO  c.s.g.w.account.Gk211985WechatAccountApplication - Started Gk211985WechatAccountApplication in 4.435 seconds (JVM running for 5.112)
