2021-07-22 10:57:16.235 [restartedMain] INFO  c.s.g.w.account.Gk211985WechatAccountApplication - Starting Gk211985WechatAccountApplication using Java 11.0.2 on DESKTOP-4UJLOIL with PID 6684 (H:\git\gk211985-wechat-account\target\classes started by Administrator in H:\git\gk211985-wechat-account)
2021-07-22 10:57:16.235 [restartedMain] INFO  c.s.g.w.account.Gk211985WechatAccountApplication - The following profiles are active: dev
2021-07-22 10:57:16.370 [restartedMain] INFO  o.s.b.d.env.DevToolsPropertyDefaultsPostProcessor - Devtools property defaults active! Set 'spring.devtools.add-properties' to 'false' to disable
2021-07-22 10:57:16.370 [restartedMain] INFO  o.s.b.d.env.DevToolsPropertyDefaultsPostProcessor - For additional web related logging consider setting the 'logging.level.web' property to 'DEBUG'
2021-07-22 10:57:20.256 [restartedMain] INFO  o.s.d.r.config.RepositoryConfigurationDelegate - Multiple Spring Data modules found, entering strict repository configuration mode!
2021-07-22 10:57:20.259 [restartedMain] INFO  o.s.d.r.config.RepositoryConfigurationDelegate - Bootstrapping Spring Data Redis repositories in DEFAULT mode.
2021-07-22 10:57:20.293 [restartedMain] INFO  o.s.d.r.config.RepositoryConfigurationDelegate - Finished Spring Data repository scanning in 9 ms. Found 0 Redis repository interfaces.
2021-07-22 10:57:20.731 [restartedMain] INFO  o.springframework.cloud.context.scope.GenericScope - BeanFactory id=d26901c4-c8f4-3be7-9189-184bbc589bb5
2021-07-22 10:57:20.779 [restartedMain] INFO  o.s.c.s.PostProcessorRegistrationDelegate$BeanPostProcessorChecker - Bean 'threadPoolConfig' of type [ThreadPoolConfig$$EnhancerBySpringCGLIB$$181a907c] is not eligible for getting processed by all BeanPostProcessors (for example: not eligible for auto-proxying)
2021-07-22 10:57:20.998 [restartedMain] INFO  o.s.c.s.PostProcessorRegistrationDelegate$BeanPostProcessorChecker - Bean 'redisConfig' of type [RedisConfig$$EnhancerBySpringCGLIB$$1dc42888] is not eligible for getting processed by all BeanPostProcessors (for example: not eligible for auto-proxying)
2021-07-22 10:57:22.070 [restartedMain] INFO  o.s.boot.web.embedded.tomcat.TomcatWebServer - Tomcat initialized with port(s): 8080 (http)
2021-07-22 10:57:22.083 [restartedMain] INFO  org.apache.coyote.http11.Http11NioProtocol - Initializing ProtocolHandler ["http-nio-8080"]
2021-07-22 10:57:22.083 [restartedMain] INFO  org.apache.catalina.core.StandardService - Starting service [Tomcat]
2021-07-22 10:57:22.084 [restartedMain] INFO  org.apache.catalina.core.StandardEngine - Starting Servlet engine: [Apache Tomcat/9.0.39]
2021-07-22 10:57:22.182 [restartedMain] INFO  o.a.c.core.ContainerBase.[Tomcat].[localhost].[/] - Initializing Spring embedded WebApplicationContext
2021-07-22 10:57:22.183 [restartedMain] INFO  o.s.b.w.s.c.ServletWebServerApplicationContext - Root WebApplicationContext: initialization completed in 5812 ms
2021-07-22 10:57:24.305 [restartedMain] INFO  o.s.scheduling.concurrent.ThreadPoolTaskExecutor - Initializing ExecutorService 'thread'
2021-07-22 10:57:27.285 [restartedMain] INFO  o.s.scheduling.concurrent.ThreadPoolTaskExecutor - Shutting down ExecutorService 'thread'
2021-07-22 10:57:27.439 [restartedMain] INFO  org.apache.catalina.core.StandardService - Stopping service [Tomcat]
2021-07-22 10:58:01.240 [restartedMain] INFO  c.s.g.w.account.Gk211985WechatAccountApplication - Starting Gk211985WechatAccountApplication using Java 11.0.2 on DESKTOP-4UJLOIL with PID 4956 (H:\git\gk211985-wechat-account\target\classes started by Administrator in H:\git\gk211985-wechat-account)
2021-07-22 10:58:01.241 [restartedMain] INFO  c.s.g.w.account.Gk211985WechatAccountApplication - The following profiles are active: dev
2021-07-22 10:58:01.292 [restartedMain] INFO  o.s.b.d.env.DevToolsPropertyDefaultsPostProcessor - Devtools property defaults active! Set 'spring.devtools.add-properties' to 'false' to disable
2021-07-22 10:58:01.292 [restartedMain] INFO  o.s.b.d.env.DevToolsPropertyDefaultsPostProcessor - For additional web related logging consider setting the 'logging.level.web' property to 'DEBUG'
2021-07-22 10:58:09.643 [restartedMain] INFO  c.s.g.w.account.Gk211985WechatAccountApplication - Starting Gk211985WechatAccountApplication using Java 11.0.2 on DESKTOP-4UJLOIL with PID 10700 (H:\git\gk211985-wechat-account\target\classes started by Administrator in H:\git\gk211985-wechat-account)
2021-07-22 10:58:09.644 [restartedMain] INFO  c.s.g.w.account.Gk211985WechatAccountApplication - The following profiles are active: dev
2021-07-22 10:58:09.701 [restartedMain] INFO  o.s.b.d.env.DevToolsPropertyDefaultsPostProcessor - Devtools property defaults active! Set 'spring.devtools.add-properties' to 'false' to disable
2021-07-22 10:58:09.702 [restartedMain] INFO  o.s.b.d.env.DevToolsPropertyDefaultsPostProcessor - For additional web related logging consider setting the 'logging.level.web' property to 'DEBUG'
2021-07-22 10:58:29.901 [restartedMain] INFO  c.s.g.w.account.Gk211985WechatAccountApplication - Starting Gk211985WechatAccountApplication using Java 11.0.2 on DESKTOP-4UJLOIL with PID 8592 (H:\git\gk211985-wechat-account\target\classes started by Administrator in H:\git\gk211985-wechat-account)
2021-07-22 10:58:29.902 [restartedMain] INFO  c.s.g.w.account.Gk211985WechatAccountApplication - The following profiles are active: dev
2021-07-22 10:58:29.954 [restartedMain] INFO  o.s.b.d.env.DevToolsPropertyDefaultsPostProcessor - Devtools property defaults active! Set 'spring.devtools.add-properties' to 'false' to disable
2021-07-22 10:58:29.954 [restartedMain] INFO  o.s.b.d.env.DevToolsPropertyDefaultsPostProcessor - For additional web related logging consider setting the 'logging.level.web' property to 'DEBUG'
2021-07-22 10:58:30.780 [restartedMain] INFO  o.s.d.r.config.RepositoryConfigurationDelegate - Multiple Spring Data modules found, entering strict repository configuration mode!
2021-07-22 10:58:30.782 [restartedMain] INFO  o.s.d.r.config.RepositoryConfigurationDelegate - Bootstrapping Spring Data Redis repositories in DEFAULT mode.
2021-07-22 10:58:30.800 [restartedMain] INFO  o.s.d.r.config.RepositoryConfigurationDelegate - Finished Spring Data repository scanning in 7 ms. Found 0 Redis repository interfaces.
2021-07-22 10:58:31.038 [restartedMain] INFO  o.springframework.cloud.context.scope.GenericScope - BeanFactory id=8e2a2f42-aed6-3275-89e0-4d23182713b3
2021-07-22 10:58:31.067 [restartedMain] INFO  o.s.c.s.PostProcessorRegistrationDelegate$BeanPostProcessorChecker - Bean 'threadPoolConfig' of type [ThreadPoolConfig$$EnhancerBySpringCGLIB$$c823c4b0] is not eligible for getting processed by all BeanPostProcessors (for example: not eligible for auto-proxying)
2021-07-22 10:58:31.180 [restartedMain] INFO  o.s.c.s.PostProcessorRegistrationDelegate$BeanPostProcessorChecker - Bean 'redisConfig' of type [RedisConfig$$EnhancerBySpringCGLIB$$cdcd5cbc] is not eligible for getting processed by all BeanPostProcessors (for example: not eligible for auto-proxying)
2021-07-22 10:58:31.587 [restartedMain] INFO  o.s.boot.web.embedded.tomcat.TomcatWebServer - Tomcat initialized with port(s): 8080 (http)
2021-07-22 10:58:31.595 [restartedMain] INFO  org.apache.coyote.http11.Http11NioProtocol - Initializing ProtocolHandler ["http-nio-8080"]
2021-07-22 10:58:31.596 [restartedMain] INFO  org.apache.catalina.core.StandardService - Starting service [Tomcat]
2021-07-22 10:58:31.596 [restartedMain] INFO  org.apache.catalina.core.StandardEngine - Starting Servlet engine: [Apache Tomcat/9.0.39]
2021-07-22 10:58:31.700 [restartedMain] INFO  o.a.c.core.ContainerBase.[Tomcat].[localhost].[/] - Initializing Spring embedded WebApplicationContext
2021-07-22 10:58:31.700 [restartedMain] INFO  o.s.b.w.s.c.ServletWebServerApplicationContext - Root WebApplicationContext: initialization completed in 1745 ms
2021-07-22 10:58:32.536 [restartedMain] INFO  o.s.scheduling.concurrent.ThreadPoolTaskExecutor - Initializing ExecutorService 'thread'
2021-07-22 10:58:33.135 [restartedMain] INFO  o.s.b.a.s.s.UserDetailsServiceAutoConfiguration - 

Using generated security password: 9ae24d74-dc76-409a-9c51-8633b3988a72

2021-07-22 10:58:33.300 [restartedMain] INFO  o.s.security.web.DefaultSecurityFilterChain - Will secure any request with [org.springframework.security.web.context.request.async.WebAsyncManagerIntegrationFilter@41585f2c, org.springframework.security.web.context.SecurityContextPersistenceFilter@6bd5718f, org.springframework.security.web.header.HeaderWriterFilter@630ba051, org.springframework.security.web.csrf.CsrfFilter@3fbef2e9, org.springframework.security.web.authentication.logout.LogoutFilter@7eaf1df0, org.springframework.security.web.authentication.UsernamePasswordAuthenticationFilter@3e3d0fe7, org.springframework.security.web.authentication.ui.DefaultLoginPageGeneratingFilter@1242797e, org.springframework.security.web.authentication.ui.DefaultLogoutPageGeneratingFilter@1d70b02c, org.springframework.security.web.authentication.www.BasicAuthenticationFilter@53f3a732, org.springframework.security.web.savedrequest.RequestCacheAwareFilter@f2f9cb5, org.springframework.security.web.servletapi.SecurityContextHolderAwareRequestFilter@4bf0a263, org.springframework.security.web.authentication.AnonymousAuthenticationFilter@48acc261, org.springframework.security.web.session.SessionManagementFilter@2a1df91c, org.springframework.security.web.access.ExceptionTranslationFilter@36d0f3f7, org.springframework.security.web.access.intercept.FilterSecurityInterceptor@1a087dae]
2021-07-22 10:58:35.075 [restartedMain] INFO  o.s.b.d.autoconfigure.OptionalLiveReloadServer - LiveReload server is running on port 35729
2021-07-22 10:58:36.224 [restartedMain] INFO  org.apache.coyote.http11.Http11NioProtocol - Starting ProtocolHandler ["http-nio-8080"]
2021-07-22 10:58:36.272 [restartedMain] INFO  o.s.boot.web.embedded.tomcat.TomcatWebServer - Tomcat started on port(s): 8080 (http) with context path ''
2021-07-22 10:58:36.942 [restartedMain] INFO  o.s.s.a.ScheduledAnnotationBeanPostProcessor - No TaskScheduler/ScheduledExecutorService bean found for scheduled processing
2021-07-22 10:58:36.976 [restartedMain] INFO  c.s.g.w.account.Gk211985WechatAccountApplication - Started Gk211985WechatAccountApplication in 7.742 seconds (JVM running for 8.635)
